---------------------------------------------------------------
[ 2018-04-10T15:38:43+08:00 ] 127.0.0.1 127.0.0.1 GET /
[ info ] chiqinga.com/ [运行时间：0.628000s][吞吐率：1.59req/s] [内存消耗：2,335.84kb] [文件加载：63]
[ info ] [ LANG ] E:\www\bolg\chiqinga\chiqinga\thinkphp\lang\zh-cn.php
[ info ] [ ROUTE ] array (
  'type' => 'module',
  'module' => 
  array (
    0 => '',
    1 => NULL,
    2 => NULL,
  ),
)
[ info ] [ HEADER ] array (
  'cookie' => 'pgv_pvi=9483587584; PHPSESSID=g2lbu4uae3r5l6e5okl3gaj927',
  'accept-language' => 'zh-CN,zh;q=0.9,en;q=0.8',
  'accept-encoding' => 'gzip, deflate',
  'accept' => 'text/html,application/xhtml+xml,application/xml;q=0.9,image/webp,image/apng,*/*;q=0.8',
  'user-agent' => 'Mozilla/5.0 (Windows NT 6.1; Win64; x64) AppleWebKit/537.36 (KHTML, like Gecko) Chrome/65.0.3325.181 Safari/537.36',
  'upgrade-insecure-requests' => '1',
  'cache-control' => 'max-age=0',
  'connection' => 'close',
  'host' => 'chiqinga.com',
)
[ info ] [ PARAM ] array (
)
[ info ] [ DB ] INIT mysql
[ info ] [ RUN ] app\index\controller\Index->index[ E:\www\bolg\chiqinga\chiqinga\app\index\controller\Index.php ]
[ info ] [ VIEW ] E:\www\bolg\chiqinga\chiqinga\public/../app/index\view\index\index.html [ array (
  0 => 'SiteaName',
  1 => 'SiteaUrl',
  2 => 'MetaCopyright',
  3 => 'RecordNo',
  4 => 'SiteaLogo',
  5 => 'list',
) ]
[ info ] [ LOG ] INIT File
[ sql ] [ DB ] CONNECT:[ UseTime:0.029000s ] mysql:host=127.0.0.1;dbname=chiqing;charset=utf8
[ sql ] [ SQL ] SHOW COLUMNS FROM `config` [ RunTime:0.039000s ]
[ sql ] [ SQL ] SELECT * FROM `config` WHERE  `type` = 'system' [ RunTime:0.008000s ]
[ sql ] [ SQL ] SHOW COLUMNS FROM `article` [ RunTime:0.047000s ]
[ sql ] [ SQL ] SELECT COUNT(*) AS tp_count FROM `article` LIMIT 1 [ RunTime:0.001000s ]
[ sql ] [ SQL ] SELECT `id`,`cid`,`title`,`duction`,`thumb`,`keywords`,`author`,`tag`,`istop`,`isshow`,`time`,`number`,`feedback`,`ip` FROM `article` ORDER BY istop desc, id desc LIMIT 0,5 [ RunTime:0.025000s ]
---------------------------------------------------------------
[ 2018-04-10T16:39:29+08:00 ] 127.0.0.1 127.0.0.1 GET /article/6
[ info ] chiqinga.com/article/6 [运行时间：0.232000s][吞吐率：4.31req/s] [内存消耗：2,350.84kb] [文件加载：60]
[ info ] [ LANG ] E:\www\bolg\chiqinga\chiqinga\thinkphp\lang\zh-cn.php
[ info ] [ ROUTE ] array (
  'type' => 'module',
  'module' => 
  array (
    0 => NULL,
    1 => 'article',
    2 => 'index',
  ),
  'convert' => false,
)
[ info ] [ HEADER ] array (
  'cookie' => 'pgv_pvi=9483587584; PHPSESSID=g2lbu4uae3r5l6e5okl3gaj927',
  'accept-language' => 'zh-CN,zh;q=0.9,en;q=0.8',
  'accept-encoding' => 'gzip, deflate',
  'referer' => 'http://chiqinga.com/',
  'accept' => 'text/html,application/xhtml+xml,application/xml;q=0.9,image/webp,image/apng,*/*;q=0.8',
  'user-agent' => 'Mozilla/5.0 (Windows NT 6.1; Win64; x64) AppleWebKit/537.36 (KHTML, like Gecko) Chrome/65.0.3325.181 Safari/537.36',
  'upgrade-insecure-requests' => '1',
  'connection' => 'close',
  'host' => 'chiqinga.com',
)
[ info ] [ PARAM ] array (
  'id' => '6',
)
[ info ] [ DB ] INIT mysql
[ info ] [ RUN ] app\index\controller\Article->index[ E:\www\bolg\chiqinga\chiqinga\app\index\controller\Article.php ]
[ info ] [ VIEW ] E:\www\bolg\chiqinga\chiqinga\public/../app/index\view\article\index.html [ array (
  0 => 'SiteaName',
  1 => 'SiteaUrl',
  2 => 'MetaCopyright',
  3 => 'RecordNo',
  4 => 'SiteaLogo',
  5 => 'data',
) ]
[ info ] [ LOG ] INIT File
[ sql ] [ DB ] CONNECT:[ UseTime:0.005000s ] mysql:host=127.0.0.1;dbname=chiqing;charset=utf8
[ sql ] [ SQL ] SHOW COLUMNS FROM `config` [ RunTime:0.012000s ]
[ sql ] [ SQL ] SELECT * FROM `config` WHERE  `type` = 'system' [ RunTime:0.001000s ]
[ sql ] [ SQL ] SHOW COLUMNS FROM `article` [ RunTime:0.012000s ]
[ sql ] [ SQL ] SELECT * FROM `article` WHERE  `id` = 6 LIMIT 1 [ RunTime:0.002000s ]
