---------------------------------------------------------------
[ 2018-03-04T11:18:37+08:00 ] 127.0.0.1 127.0.0.1 GET /admin/index
[ info ] chiqinga.com/admin/index [运行时间：1.457000s][吞吐率：0.69req/s] [内存消耗：2,210.26kb] [文件加载：64]
[ info ] [ LANG ] E:\www\bolg\chiqinga\chiqinga\thinkphp\lang\zh-cn.php
[ info ] [ ROUTE ] array (
  'type' => 'module',
  'module' => 
  array (
    0 => 'admin',
    1 => 'index',
    2 => NULL,
  ),
)
[ info ] [ HEADER ] array (
  'cookie' => 'PHPSESSID=pp4kkv2baa6qbb2o22ldm96r54',
  'accept-language' => 'zh-CN,zh;q=0.9,en;q=0.8',
  'accept-encoding' => 'gzip, deflate',
  'accept' => 'text/html,application/xhtml+xml,application/xml;q=0.9,image/webp,image/apng,*/*;q=0.8',
  'user-agent' => 'Mozilla/5.0 (Windows NT 6.1; Win64; x64) AppleWebKit/537.36 (KHTML, like Gecko) Chrome/64.0.3282.186 Safari/537.36',
  'upgrade-insecure-requests' => '1',
  'connection' => 'close',
  'host' => 'chiqinga.com',
)
[ info ] [ PARAM ] array (
)
[ info ] [ SESSION ] INIT array (
  'auto_start' => true,
  'expire' => 604800,
)
[ info ] [ DB ] INIT mysql
[ info ] [ RUN ] app\admin\controller\Index->index[ E:\www\bolg\chiqinga\chiqinga\app\admin\controller\Index.php ]
[ info ] [ CACHE ] INIT File
[ info ] [ VIEW ] E:\www\bolg\chiqinga\chiqinga\public/../app/admin\view\index\index.html [ array (
  0 => 'SiteaName',
  1 => 'SiteaUrl',
  2 => 'MetaCopyright',
  3 => 'RecordNo',
  4 => 'SiteaLogo',
  5 => 'affiche',
  6 => 'os',
  7 => 'log',
  8 => 'copy',
  9 => 'articled',
  10 => 'article',
  11 => 'feedback_d',
  12 => 'feedback',
  13 => 'feedbacks',
  14 => 'Copyright',
  15 => 'title',
  16 => 'user',
) ]
[ info ] [ LOG ] INIT File
[ sql ] [ DB ] CONNECT:[ UseTime:0.008000s ] mysql:host=127.0.0.1;dbname=chiqing;charset=utf8
[ sql ] [ SQL ] SHOW COLUMNS FROM `config` [ RunTime:0.064000s ]
[ sql ] [ SQL ] SELECT * FROM `config` WHERE  `type` = 'system' [ RunTime:0.014000s ]
[ sql ] [ SQL ] SHOW COLUMNS FROM `auth_group_access` [ RunTime:0.026000s ]
[ sql ] [ SQL ] SELECT * FROM `auth_group_access` `a` INNER JOIN `auth_group` `g` ON `a`.`group_id`=`g`.`id` WHERE  (  a.uid='1' and g.status='1' ) [ RunTime:0.043000s ]
[ sql ] [ SQL ] SHOW COLUMNS FROM `auth_rule` [ RunTime:0.036000s ]
[ sql ] [ SQL ] SELECT * FROM `auth_rule` WHERE  `id` IN (1,2,3,4,5,9,11,6,7,8,10,12,13,14,15,16,18,19,17,20,21,22,23,24,25,26,27,28,29,30,31,32,33,34,35,37,38,39,40,41,42,43,44,45,46,47,48,49,50,51,52)  AND `type` = 1  AND `status` = 1 [ RunTime:0.013000s ]
[ sql ] [ SQL ] SELECT `v` FROM `config` WHERE  `key` = 'Affiche' ORDER BY `id` LIMIT 1 [ RunTime:0.001000s ]
[ sql ] [ SQL ] SHOW COLUMNS FROM `user_log` [ RunTime:0.047000s ]
[ sql ] [ SQL ] SELECT * FROM `user_log` ORDER BY id desc LIMIT 7 [ RunTime:0.014000s ]
[ sql ] [ SQL ] SHOW COLUMNS FROM `article` [ RunTime:0.036000s ]
[ sql ] [ SQL ] SELECT COUNT(*) AS tp_count FROM `article` WHERE  `time` > '1520092800' LIMIT 1 [ RunTime:0.008000s ]
[ sql ] [ SQL ] SELECT COUNT(*) AS tp_count FROM `article` LIMIT 1 [ RunTime:0.001000s ]
[ sql ] [ SQL ] SHOW COLUMNS FROM `feedback` [ RunTime:0.031000s ]
[ sql ] [ SQL ] SELECT COUNT(*) AS tp_count FROM `feedback` WHERE  `time` > '1520092800' LIMIT 1 [ RunTime:0.007000s ]
[ sql ] [ SQL ] SELECT COUNT(*) AS tp_count FROM `feedback` LIMIT 1 [ RunTime:0.001000s ]
[ sql ] [ SQL ] SELECT * FROM `feedback` ORDER BY `time`  desc LIMIT 5 [ RunTime:0.002000s ]
---------------------------------------------------------------
[ 2018-03-04T11:18:37+08:00 ] 127.0.0.1 127.0.0.1 GET /admin/index
[ info ] chiqinga.com/admin/index [运行时间：0.727000s][吞吐率：1.38req/s] [内存消耗：2,210.26kb] [文件加载：64]
[ info ] [ LANG ] E:\www\bolg\chiqinga\chiqinga\thinkphp\lang\zh-cn.php
[ info ] [ ROUTE ] array (
  'type' => 'module',
  'module' => 
  array (
    0 => 'admin',
    1 => 'index',
    2 => NULL,
  ),
)
[ info ] [ HEADER ] array (
  'cookie' => 'PHPSESSID=pp4kkv2baa6qbb2o22ldm96r54',
  'accept-language' => 'zh-CN,zh;q=0.9,en;q=0.8',
  'accept-encoding' => 'gzip, deflate',
  'accept' => 'text/html,application/xhtml+xml,application/xml;q=0.9,image/webp,image/apng,*/*;q=0.8',
  'user-agent' => 'Mozilla/5.0 (Windows NT 6.1; Win64; x64) AppleWebKit/537.36 (KHTML, like Gecko) Chrome/64.0.3282.186 Safari/537.36',
  'upgrade-insecure-requests' => '1',
  'connection' => 'close',
  'host' => 'chiqinga.com',
)
[ info ] [ PARAM ] array (
)
[ info ] [ SESSION ] INIT array (
  'auto_start' => true,
  'expire' => 604800,
)
[ info ] [ DB ] INIT mysql
[ info ] [ RUN ] app\admin\controller\Index->index[ E:\www\bolg\chiqinga\chiqinga\app\admin\controller\Index.php ]
[ info ] [ CACHE ] INIT File
[ info ] [ VIEW ] E:\www\bolg\chiqinga\chiqinga\public/../app/admin\view\index\index.html [ array (
  0 => 'SiteaName',
  1 => 'SiteaUrl',
  2 => 'MetaCopyright',
  3 => 'RecordNo',
  4 => 'SiteaLogo',
  5 => 'affiche',
  6 => 'os',
  7 => 'log',
  8 => 'copy',
  9 => 'articled',
  10 => 'article',
  11 => 'feedback_d',
  12 => 'feedback',
  13 => 'feedbacks',
  14 => 'Copyright',
  15 => 'title',
  16 => 'user',
) ]
[ info ] [ LOG ] INIT File
[ sql ] [ DB ] CONNECT:[ UseTime:0.005000s ] mysql:host=127.0.0.1;dbname=chiqing;charset=utf8
[ sql ] [ SQL ] SHOW COLUMNS FROM `config` [ RunTime:0.013000s ]
[ sql ] [ SQL ] SELECT * FROM `config` WHERE  `type` = 'system' [ RunTime:0.002000s ]
[ sql ] [ SQL ] SHOW COLUMNS FROM `auth_group_access` [ RunTime:0.011000s ]
[ sql ] [ SQL ] SELECT * FROM `auth_group_access` `a` INNER JOIN `auth_group` `g` ON `a`.`group_id`=`g`.`id` WHERE  (  a.uid='1' and g.status='1' ) [ RunTime:0.001000s ]
[ sql ] [ SQL ] SHOW COLUMNS FROM `auth_rule` [ RunTime:0.012000s ]
[ sql ] [ SQL ] SELECT * FROM `auth_rule` WHERE  `id` IN (1,2,3,4,5,9,11,6,7,8,10,12,13,14,15,16,18,19,17,20,21,22,23,24,25,26,27,28,29,30,31,32,33,34,35,37,38,39,40,41,42,43,44,45,46,47,48,49,50,51,52)  AND `type` = 1  AND `status` = 1 [ RunTime:0.002000s ]
[ sql ] [ SQL ] SELECT `v` FROM `config` WHERE  `key` = 'Affiche' ORDER BY `id` LIMIT 1 [ RunTime:0.001000s ]
[ sql ] [ SQL ] SHOW COLUMNS FROM `user_log` [ RunTime:0.012000s ]
[ sql ] [ SQL ] SELECT * FROM `user_log` ORDER BY id desc LIMIT 7 [ RunTime:0.001000s ]
[ sql ] [ SQL ] SHOW COLUMNS FROM `article` [ RunTime:0.013000s ]
[ sql ] [ SQL ] SELECT COUNT(*) AS tp_count FROM `article` WHERE  `time` > '1520092800' LIMIT 1 [ RunTime:0.002000s ]
[ sql ] [ SQL ] SELECT COUNT(*) AS tp_count FROM `article` LIMIT 1 [ RunTime:0.001000s ]
[ sql ] [ SQL ] SHOW COLUMNS FROM `feedback` [ RunTime:0.013000s ]
[ sql ] [ SQL ] SELECT COUNT(*) AS tp_count FROM `feedback` WHERE  `time` > '1520092800' LIMIT 1 [ RunTime:0.001000s ]
[ sql ] [ SQL ] SELECT COUNT(*) AS tp_count FROM `feedback` LIMIT 1 [ RunTime:0.001000s ]
[ sql ] [ SQL ] SELECT * FROM `feedback` ORDER BY `time`  desc LIMIT 5 [ RunTime:0.001000s ]
---------------------------------------------------------------
[ 2018-03-04T11:18:38+08:00 ] 127.0.0.1 127.0.0.1 POST /admin/menu/index
[ info ] chiqinga.com/admin/menu/index [运行时间：0.095000s][吞吐率：10.53req/s] [内存消耗：1,226.02kb] [文件加载：45]
[ info ] [ LANG ] E:\www\bolg\chiqinga\chiqinga\thinkphp\lang\zh-cn.php
[ info ] [ ROUTE ] array (
  'type' => 'module',
  'module' => 
  array (
    0 => 'admin',
    1 => 'menu',
    2 => 'index',
  ),
)
[ info ] [ HEADER ] array (
  'cookie' => 'PHPSESSID=pp4kkv2baa6qbb2o22ldm96r54',
  'accept-language' => 'zh-CN,zh;q=0.9,en;q=0.8',
  'accept-encoding' => 'gzip, deflate',
  'referer' => 'http://chiqinga.com/admin/index',
  'user-agent' => 'Mozilla/5.0 (Windows NT 6.1; Win64; x64) AppleWebKit/537.36 (KHTML, like Gecko) Chrome/64.0.3282.186 Safari/537.36',
  'x-requested-with' => 'XMLHttpRequest',
  'origin' => 'http://chiqinga.com',
  'accept' => '*/*',
  'content-length' => '0',
  'connection' => 'close',
  'host' => 'chiqinga.com',
)
[ info ] [ PARAM ] array (
)
[ info ] [ RUN ] app\admin\controller\Menu->index[ E:\www\bolg\chiqinga\chiqinga\app\admin\controller\Menu.php ]
[ info ] [ LOG ] INIT File
---------------------------------------------------------------
[ 2018-03-04T11:18:38+08:00 ] 127.0.0.1 127.0.0.1 POST /admin/index/index
[ info ] chiqinga.com/admin/index/index [运行时间：0.285000s][吞吐率：3.51req/s] [内存消耗：2,238.94kb] [文件加载：64]
[ info ] [ LANG ] E:\www\bolg\chiqinga\chiqinga\thinkphp\lang\zh-cn.php
[ info ] [ ROUTE ] array (
  'type' => 'module',
  'module' => 
  array (
    0 => 'admin',
    1 => 'index',
    2 => 'index',
  ),
)
[ info ] [ HEADER ] array (
  'cookie' => 'PHPSESSID=pp4kkv2baa6qbb2o22ldm96r54',
  'accept-language' => 'zh-CN,zh;q=0.9,en;q=0.8',
  'accept-encoding' => 'gzip, deflate',
  'referer' => 'http://chiqinga.com/admin/index',
  'user-agent' => 'Mozilla/5.0 (Windows NT 6.1; Win64; x64) AppleWebKit/537.36 (KHTML, like Gecko) Chrome/64.0.3282.186 Safari/537.36',
  'x-requested-with' => 'XMLHttpRequest',
  'origin' => 'http://chiqinga.com',
  'accept' => '*/*',
  'content-length' => '0',
  'connection' => 'close',
  'host' => 'chiqinga.com',
)
[ info ] [ PARAM ] array (
)
[ info ] [ SESSION ] INIT array (
  'auto_start' => true,
  'expire' => 604800,
)
[ info ] [ DB ] INIT mysql
[ info ] [ RUN ] app\admin\controller\Index->index[ E:\www\bolg\chiqinga\chiqinga\app\admin\controller\Index.php ]
[ info ] [ CACHE ] INIT File
[ info ] [ VIEW ] E:\www\bolg\chiqinga\chiqinga\public/../app/admin\view\index\indexs.html [ array (
  0 => 'SiteaName',
  1 => 'SiteaUrl',
  2 => 'MetaCopyright',
  3 => 'RecordNo',
  4 => 'SiteaLogo',
  5 => 'affiche',
  6 => 'os',
  7 => 'log',
  8 => 'copy',
  9 => 'articled',
  10 => 'article',
  11 => 'feedback_d',
  12 => 'feedback',
  13 => 'feedbacks',
) ]
[ info ] [ LOG ] INIT File
[ sql ] [ DB ] CONNECT:[ UseTime:0.002000s ] mysql:host=127.0.0.1;dbname=chiqing;charset=utf8
[ sql ] [ SQL ] SHOW COLUMNS FROM `config` [ RunTime:0.015000s ]
[ sql ] [ SQL ] SELECT * FROM `config` WHERE  `type` = 'system' [ RunTime:0.001000s ]
[ sql ] [ SQL ] SHOW COLUMNS FROM `auth_group_access` [ RunTime:0.014000s ]
[ sql ] [ SQL ] SELECT * FROM `auth_group_access` `a` INNER JOIN `auth_group` `g` ON `a`.`group_id`=`g`.`id` WHERE  (  a.uid='1' and g.status='1' ) [ RunTime:0.002000s ]
[ sql ] [ SQL ] SHOW COLUMNS FROM `auth_rule` [ RunTime:0.014000s ]
[ sql ] [ SQL ] SELECT * FROM `auth_rule` WHERE  `id` IN (1,2,3,4,5,9,11,6,7,8,10,12,13,14,15,16,18,19,17,20,21,22,23,24,25,26,27,28,29,30,31,32,33,34,35,37,38,39,40,41,42,43,44,45,46,47,48,49,50,51,52)  AND `type` = 1  AND `status` = 1 [ RunTime:0.002000s ]
[ sql ] [ SQL ] SELECT `v` FROM `config` WHERE  `key` = 'Affiche' ORDER BY `id` LIMIT 1 [ RunTime:0.002000s ]
[ sql ] [ SQL ] SHOW COLUMNS FROM `user_log` [ RunTime:0.012000s ]
[ sql ] [ SQL ] SELECT * FROM `user_log` ORDER BY id desc LIMIT 7 [ RunTime:0.001000s ]
[ sql ] [ SQL ] SHOW COLUMNS FROM `article` [ RunTime:0.011000s ]
[ sql ] [ SQL ] SELECT COUNT(*) AS tp_count FROM `article` WHERE  `time` > '1520092800' LIMIT 1 [ RunTime:0.001000s ]
[ sql ] [ SQL ] SELECT COUNT(*) AS tp_count FROM `article` LIMIT 1 [ RunTime:0.001000s ]
[ sql ] [ SQL ] SHOW COLUMNS FROM `feedback` [ RunTime:0.012000s ]
[ sql ] [ SQL ] SELECT COUNT(*) AS tp_count FROM `feedback` WHERE  `time` > '1520092800' LIMIT 1 [ RunTime:0.001000s ]
[ sql ] [ SQL ] SELECT COUNT(*) AS tp_count FROM `feedback` LIMIT 1 [ RunTime:0.001000s ]
[ sql ] [ SQL ] SELECT * FROM `feedback` ORDER BY `time`  desc LIMIT 5 [ RunTime:0.001000s ]
---------------------------------------------------------------
[ 2018-03-04T11:19:26+08:00 ] 127.0.0.1 127.0.0.1 POST /admin/config
[ info ] chiqinga.com/admin/config [运行时间：0.237600s][吞吐率：4.21req/s] [内存消耗：2,120.79kb] [文件加载：61]
[ info ] [ LANG ] E:\www\bolg\chiqinga\chiqinga\thinkphp\lang\zh-cn.php
[ info ] [ ROUTE ] array (
  'type' => 'module',
  'module' => 
  array (
    0 => 'admin',
    1 => 'config',
    2 => NULL,
  ),
)
[ info ] [ HEADER ] array (
  'cookie' => 'PHPSESSID=pp4kkv2baa6qbb2o22ldm96r54; danger=lock',
  'accept-language' => 'zh-CN,zh;q=0.9,en;q=0.8',
  'accept-encoding' => 'gzip, deflate',
  'referer' => 'http://chiqinga.com/admin/index',
  'user-agent' => 'Mozilla/5.0 (Windows NT 6.1; Win64; x64) AppleWebKit/537.36 (KHTML, like Gecko) Chrome/64.0.3282.186 Safari/537.36',
  'x-requested-with' => 'XMLHttpRequest',
  'origin' => 'http://chiqinga.com',
  'accept' => '*/*',
  'content-length' => '0',
  'connection' => 'close',
  'host' => 'chiqinga.com',
)
[ info ] [ PARAM ] array (
)
[ info ] [ SESSION ] INIT array (
  'auto_start' => true,
  'expire' => 604800,
)
[ info ] [ DB ] INIT mysql
[ info ] [ RUN ] app\admin\controller\Config->index[ E:\www\bolg\chiqinga\chiqinga\app\admin\controller\Config.php ]
[ info ] [ VIEW ] E:\www\bolg\chiqinga\chiqinga\public/../app/admin\view\config\index.html [ array (
  0 => 'SiteaName',
  1 => 'SiteaUrl',
  2 => 'MetaCopyright',
  3 => 'RecordNo',
  4 => 'SiteaLogo',
  5 => 'config',
  6 => 'title',
) ]
[ info ] [ LOG ] INIT File
[ sql ] [ DB ] CONNECT:[ UseTime:0.012000s ] mysql:host=127.0.0.1;dbname=chiqing;charset=utf8
[ sql ] [ SQL ] SHOW COLUMNS FROM `config` [ RunTime:0.012000s ]
[ sql ] [ SQL ] SELECT * FROM `config` WHERE  `type` = 'system' [ RunTime:0.001000s ]
[ sql ] [ SQL ] SHOW COLUMNS FROM `auth_group_access` [ RunTime:0.011000s ]
[ sql ] [ SQL ] SELECT * FROM `auth_group_access` `a` INNER JOIN `auth_group` `g` ON `a`.`group_id`=`g`.`id` WHERE  (  a.uid='1' and g.status='1' ) [ RunTime:0.002000s ]
[ sql ] [ SQL ] SHOW COLUMNS FROM `auth_rule` [ RunTime:0.011000s ]
[ sql ] [ SQL ] SELECT * FROM `auth_rule` WHERE  `id` IN (1,2,3,4,5,9,11,6,7,8,10,12,13,14,15,16,18,19,17,20,21,22,23,24,25,26,27,28,29,30,31,32,33,34,35,37,38,39,40,41,42,43,44,45,46,47,48,49,50,51,52)  AND `type` = 1  AND `status` = 1 [ RunTime:0.002000s ]
[ sql ] [ SQL ] SELECT * FROM `config` WHERE  `type` = 'system' ORDER BY `id` [ RunTime:0.001000s ]
---------------------------------------------------------------
[ 2018-03-04T11:19:35+08:00 ] 127.0.0.1 127.0.0.1 POST /admin/index
[ info ] chiqinga.com/admin/index [运行时间：0.175000s][吞吐率：5.71req/s] [内存消耗：2,238.94kb] [文件加载：64]
[ info ] [ LANG ] E:\www\bolg\chiqinga\chiqinga\thinkphp\lang\zh-cn.php
[ info ] [ ROUTE ] array (
  'type' => 'module',
  'module' => 
  array (
    0 => 'admin',
    1 => 'index',
    2 => NULL,
  ),
)
[ info ] [ HEADER ] array (
  'cookie' => 'PHPSESSID=pp4kkv2baa6qbb2o22ldm96r54; danger=lock',
  'accept-language' => 'zh-CN,zh;q=0.9,en;q=0.8',
  'accept-encoding' => 'gzip, deflate',
  'referer' => 'http://chiqinga.com/admin/index',
  'user-agent' => 'Mozilla/5.0 (Windows NT 6.1; Win64; x64) AppleWebKit/537.36 (KHTML, like Gecko) Chrome/64.0.3282.186 Safari/537.36',
  'x-requested-with' => 'XMLHttpRequest',
  'origin' => 'http://chiqinga.com',
  'accept' => '*/*',
  'content-length' => '0',
  'connection' => 'close',
  'host' => 'chiqinga.com',
)
[ info ] [ PARAM ] array (
)
[ info ] [ SESSION ] INIT array (
  'auto_start' => true,
  'expire' => 604800,
)
[ info ] [ DB ] INIT mysql
[ info ] [ RUN ] app\admin\controller\Index->index[ E:\www\bolg\chiqinga\chiqinga\app\admin\controller\Index.php ]
[ info ] [ CACHE ] INIT File
[ info ] [ VIEW ] E:\www\bolg\chiqinga\chiqinga\public/../app/admin\view\index\indexs.html [ array (
  0 => 'SiteaName',
  1 => 'SiteaUrl',
  2 => 'MetaCopyright',
  3 => 'RecordNo',
  4 => 'SiteaLogo',
  5 => 'affiche',
  6 => 'os',
  7 => 'log',
  8 => 'copy',
  9 => 'articled',
  10 => 'article',
  11 => 'feedback_d',
  12 => 'feedback',
  13 => 'feedbacks',
) ]
[ info ] [ LOG ] INIT File
[ sql ] [ DB ] CONNECT:[ UseTime:0.015600s ] mysql:host=127.0.0.1;dbname=chiqing;charset=utf8
[ sql ] [ SQL ] SHOW COLUMNS FROM `config` [ RunTime:0.000000s ]
[ sql ] [ SQL ] SELECT * FROM `config` WHERE  `type` = 'system' [ RunTime:0.015600s ]
[ sql ] [ SQL ] SHOW COLUMNS FROM `auth_group_access` [ RunTime:0.000000s ]
[ sql ] [ SQL ] SELECT * FROM `auth_group_access` `a` INNER JOIN `auth_group` `g` ON `a`.`group_id`=`g`.`id` WHERE  (  a.uid='1' and g.status='1' ) [ RunTime:0.000000s ]
[ sql ] [ SQL ] SHOW COLUMNS FROM `auth_rule` [ RunTime:0.015600s ]
[ sql ] [ SQL ] SELECT * FROM `auth_rule` WHERE  `id` IN (1,2,3,4,5,9,11,6,7,8,10,12,13,14,15,16,18,19,17,20,21,22,23,24,25,26,27,28,29,30,31,32,33,34,35,37,38,39,40,41,42,43,44,45,46,47,48,49,50,51,52)  AND `type` = 1  AND `status` = 1 [ RunTime:0.000000s ]
[ sql ] [ SQL ] SELECT `v` FROM `config` WHERE  `key` = 'Affiche' ORDER BY `id` LIMIT 1 [ RunTime:0.000000s ]
[ sql ] [ SQL ] SHOW COLUMNS FROM `user_log` [ RunTime:0.017600s ]
[ sql ] [ SQL ] SELECT * FROM `user_log` ORDER BY id desc LIMIT 7 [ RunTime:0.001000s ]
[ sql ] [ SQL ] SHOW COLUMNS FROM `article` [ RunTime:0.012000s ]
[ sql ] [ SQL ] SELECT COUNT(*) AS tp_count FROM `article` WHERE  `time` > '1520092800' LIMIT 1 [ RunTime:0.001000s ]
[ sql ] [ SQL ] SELECT COUNT(*) AS tp_count FROM `article` LIMIT 1 [ RunTime:0.001000s ]
[ sql ] [ SQL ] SHOW COLUMNS FROM `feedback` [ RunTime:0.012000s ]
[ sql ] [ SQL ] SELECT COUNT(*) AS tp_count FROM `feedback` WHERE  `time` > '1520092800' LIMIT 1 [ RunTime:0.000000s ]
[ sql ] [ SQL ] SELECT COUNT(*) AS tp_count FROM `feedback` LIMIT 1 [ RunTime:0.000000s ]
[ sql ] [ SQL ] SELECT * FROM `feedback` ORDER BY `time`  desc LIMIT 5 [ RunTime:0.000000s ]
---------------------------------------------------------------
[ 2018-03-04T11:46:50+08:00 ] 127.0.0.1 127.0.0.1 GET /admin/index
[ info ] chiqinga.com/admin/index [运行时间：0.431000s][吞吐率：2.32req/s] [内存消耗：2,210.28kb] [文件加载：64]
[ info ] [ LANG ] E:\www\bolg\chiqinga\chiqinga\thinkphp\lang\zh-cn.php
[ info ] [ ROUTE ] array (
  'type' => 'module',
  'module' => 
  array (
    0 => 'admin',
    1 => 'index',
    2 => NULL,
  ),
)
[ info ] [ HEADER ] array (
  'cookie' => 'PHPSESSID=pp4kkv2baa6qbb2o22ldm96r54; danger=lock',
  'accept-language' => 'zh-CN,zh;q=0.9,en;q=0.8',
  'accept-encoding' => 'gzip, deflate',
  'accept' => 'text/html,application/xhtml+xml,application/xml;q=0.9,image/webp,image/apng,*/*;q=0.8',
  'user-agent' => 'Mozilla/5.0 (Windows NT 6.1; Win64; x64) AppleWebKit/537.36 (KHTML, like Gecko) Chrome/64.0.3282.186 Safari/537.36',
  'upgrade-insecure-requests' => '1',
  'connection' => 'close',
  'host' => 'chiqinga.com',
)
[ info ] [ PARAM ] array (
)
[ info ] [ SESSION ] INIT array (
  'auto_start' => true,
  'expire' => 604800,
)
[ info ] [ DB ] INIT mysql
[ info ] [ RUN ] app\admin\controller\Index->index[ E:\www\bolg\chiqinga\chiqinga\app\admin\controller\Index.php ]
[ info ] [ CACHE ] INIT File
[ info ] [ VIEW ] E:\www\bolg\chiqinga\chiqinga\public/../app/admin\view\index\index.html [ array (
  0 => 'SiteaName',
  1 => 'SiteaUrl',
  2 => 'MetaCopyright',
  3 => 'RecordNo',
  4 => 'SiteaLogo',
  5 => 'affiche',
  6 => 'os',
  7 => 'log',
  8 => 'copy',
  9 => 'articled',
  10 => 'article',
  11 => 'feedback_d',
  12 => 'feedback',
  13 => 'feedbacks',
  14 => 'Copyright',
  15 => 'title',
  16 => 'user',
) ]
[ info ] [ LOG ] INIT File
[ sql ] [ DB ] CONNECT:[ UseTime:0.032200s ] mysql:host=127.0.0.1;dbname=chiqing;charset=utf8
[ sql ] [ SQL ] SHOW COLUMNS FROM `config` [ RunTime:0.038200s ]
[ sql ] [ SQL ] SELECT * FROM `config` WHERE  `type` = 'system' [ RunTime:0.000000s ]
[ sql ] [ SQL ] SHOW COLUMNS FROM `auth_group_access` [ RunTime:0.048800s ]
[ sql ] [ SQL ] SELECT * FROM `auth_group_access` `a` INNER JOIN `auth_group` `g` ON `a`.`group_id`=`g`.`id` WHERE  (  a.uid='1' and g.status='1' ) [ RunTime:0.000000s ]
[ sql ] [ SQL ] SHOW COLUMNS FROM `auth_rule` [ RunTime:0.046800s ]
[ sql ] [ SQL ] SELECT * FROM `auth_rule` WHERE  `id` IN (1,2,3,4,5,9,11,6,7,8,10,12,13,14,15,16,18,19,17,20,21,22,23,24,25,26,27,28,29,30,31,32,33,34,35,37,38,39,40,41,42,43,44,45,46,47,48,49,50,51,52)  AND `type` = 1  AND `status` = 1 [ RunTime:0.000000s ]
[ sql ] [ SQL ] SELECT `v` FROM `config` WHERE  `key` = 'Affiche' ORDER BY `id` LIMIT 1 [ RunTime:0.000000s ]
[ sql ] [ SQL ] SHOW COLUMNS FROM `user_log` [ RunTime:0.031200s ]
[ sql ] [ SQL ] SELECT * FROM `user_log` ORDER BY id desc LIMIT 7 [ RunTime:0.016600s ]
[ sql ] [ SQL ] SHOW COLUMNS FROM `article` [ RunTime:0.033600s ]
[ sql ] [ SQL ] SELECT COUNT(*) AS tp_count FROM `article` WHERE  `time` > '1520092800' LIMIT 1 [ RunTime:0.000000s ]
[ sql ] [ SQL ] SELECT COUNT(*) AS tp_count FROM `article` LIMIT 1 [ RunTime:0.000000s ]
[ sql ] [ SQL ] SHOW COLUMNS FROM `feedback` [ RunTime:0.046800s ]
[ sql ] [ SQL ] SELECT COUNT(*) AS tp_count FROM `feedback` WHERE  `time` > '1520092800' LIMIT 1 [ RunTime:0.000000s ]
[ sql ] [ SQL ] SELECT COUNT(*) AS tp_count FROM `feedback` LIMIT 1 [ RunTime:0.000000s ]
[ sql ] [ SQL ] SELECT * FROM `feedback` ORDER BY `time`  desc LIMIT 5 [ RunTime:0.000000s ]
---------------------------------------------------------------
[ 2018-03-04T11:46:51+08:00 ] 127.0.0.1 127.0.0.1 GET /admin/index
[ info ] chiqinga.com/admin/index [运行时间：0.466200s][吞吐率：2.15req/s] [内存消耗：2,210.28kb] [文件加载：64]
[ info ] [ LANG ] E:\www\bolg\chiqinga\chiqinga\thinkphp\lang\zh-cn.php
[ info ] [ ROUTE ] array (
  'type' => 'module',
  'module' => 
  array (
    0 => 'admin',
    1 => 'index',
    2 => NULL,
  ),
)
[ info ] [ HEADER ] array (
  'cookie' => 'PHPSESSID=pp4kkv2baa6qbb2o22ldm96r54; danger=lock',
  'accept-language' => 'zh-CN,zh;q=0.9,en;q=0.8',
  'accept-encoding' => 'gzip, deflate',
  'accept' => 'text/html,application/xhtml+xml,application/xml;q=0.9,image/webp,image/apng,*/*;q=0.8',
  'user-agent' => 'Mozilla/5.0 (Windows NT 6.1; Win64; x64) AppleWebKit/537.36 (KHTML, like Gecko) Chrome/64.0.3282.186 Safari/537.36',
  'upgrade-insecure-requests' => '1',
  'connection' => 'close',
  'host' => 'chiqinga.com',
)
[ info ] [ PARAM ] array (
)
[ info ] [ SESSION ] INIT array (
  'auto_start' => true,
  'expire' => 604800,
)
[ info ] [ DB ] INIT mysql
[ info ] [ RUN ] app\admin\controller\Index->index[ E:\www\bolg\chiqinga\chiqinga\app\admin\controller\Index.php ]
[ info ] [ CACHE ] INIT File
[ info ] [ VIEW ] E:\www\bolg\chiqinga\chiqinga\public/../app/admin\view\index\index.html [ array (
  0 => 'SiteaName',
  1 => 'SiteaUrl',
  2 => 'MetaCopyright',
  3 => 'RecordNo',
  4 => 'SiteaLogo',
  5 => 'affiche',
  6 => 'os',
  7 => 'log',
  8 => 'copy',
  9 => 'articled',
  10 => 'article',
  11 => 'feedback_d',
  12 => 'feedback',
  13 => 'feedbacks',
  14 => 'Copyright',
  15 => 'title',
  16 => 'user',
) ]
[ info ] [ LOG ] INIT File
[ sql ] [ DB ] CONNECT:[ UseTime:0.002000s ] mysql:host=127.0.0.1;dbname=chiqing;charset=utf8
[ sql ] [ SQL ] SHOW COLUMNS FROM `config` [ RunTime:0.053000s ]
[ sql ] [ SQL ] SELECT * FROM `config` WHERE  `type` = 'system' [ RunTime:0.001000s ]
[ sql ] [ SQL ] SHOW COLUMNS FROM `auth_group_access` [ RunTime:0.055000s ]
[ sql ] [ SQL ] SELECT * FROM `auth_group_access` `a` INNER JOIN `auth_group` `g` ON `a`.`group_id`=`g`.`id` WHERE  (  a.uid='1' and g.status='1' ) [ RunTime:0.001000s ]
[ sql ] [ SQL ] SHOW COLUMNS FROM `auth_rule` [ RunTime:0.051000s ]
[ sql ] [ SQL ] SELECT * FROM `auth_rule` WHERE  `id` IN (1,2,3,4,5,9,11,6,7,8,10,12,13,14,15,16,18,19,17,20,21,22,23,24,25,26,27,28,29,30,31,32,33,34,35,37,38,39,40,41,42,43,44,45,46,47,48,49,50,51,52)  AND `type` = 1  AND `status` = 1 [ RunTime:0.002000s ]
[ sql ] [ SQL ] SELECT `v` FROM `config` WHERE  `key` = 'Affiche' ORDER BY `id` LIMIT 1 [ RunTime:0.001000s ]
[ sql ] [ SQL ] SHOW COLUMNS FROM `user_log` [ RunTime:0.048000s ]
[ sql ] [ SQL ] SELECT * FROM `user_log` ORDER BY id desc LIMIT 7 [ RunTime:0.001000s ]
[ sql ] [ SQL ] SHOW COLUMNS FROM `article` [ RunTime:0.047000s ]
[ sql ] [ SQL ] SELECT COUNT(*) AS tp_count FROM `article` WHERE  `time` > '1520092800' LIMIT 1 [ RunTime:0.001000s ]
[ sql ] [ SQL ] SELECT COUNT(*) AS tp_count FROM `article` LIMIT 1 [ RunTime:0.000000s ]
[ sql ] [ SQL ] SHOW COLUMNS FROM `feedback` [ RunTime:0.050000s ]
[ sql ] [ SQL ] SELECT COUNT(*) AS tp_count FROM `feedback` WHERE  `time` > '1520092800' LIMIT 1 [ RunTime:0.001000s ]
[ sql ] [ SQL ] SELECT COUNT(*) AS tp_count FROM `feedback` LIMIT 1 [ RunTime:0.001000s ]
[ sql ] [ SQL ] SELECT * FROM `feedback` ORDER BY `time`  desc LIMIT 5 [ RunTime:0.001000s ]
---------------------------------------------------------------
[ 2018-03-04T11:46:52+08:00 ] 127.0.0.1 127.0.0.1 POST /admin/index/index
[ info ] chiqinga.com/admin/index/index [运行时间：0.368000s][吞吐率：2.72req/s] [内存消耗：2,238.96kb] [文件加载：64]
[ info ] [ LANG ] E:\www\bolg\chiqinga\chiqinga\thinkphp\lang\zh-cn.php
[ info ] [ ROUTE ] array (
  'type' => 'module',
  'module' => 
  array (
    0 => 'admin',
    1 => 'index',
    2 => 'index',
  ),
)
[ info ] [ HEADER ] array (
  'cookie' => 'PHPSESSID=pp4kkv2baa6qbb2o22ldm96r54; danger=lock',
  'accept-language' => 'zh-CN,zh;q=0.9,en;q=0.8',
  'accept-encoding' => 'gzip, deflate',
  'referer' => 'http://chiqinga.com/admin/index',
  'user-agent' => 'Mozilla/5.0 (Windows NT 6.1; Win64; x64) AppleWebKit/537.36 (KHTML, like Gecko) Chrome/64.0.3282.186 Safari/537.36',
  'x-requested-with' => 'XMLHttpRequest',
  'origin' => 'http://chiqinga.com',
  'accept' => '*/*',
  'content-length' => '0',
  'connection' => 'close',
  'host' => 'chiqinga.com',
)
[ info ] [ PARAM ] array (
)
[ info ] [ SESSION ] INIT array (
  'auto_start' => true,
  'expire' => 604800,
)
[ info ] [ DB ] INIT mysql
[ info ] [ RUN ] app\admin\controller\Index->index[ E:\www\bolg\chiqinga\chiqinga\app\admin\controller\Index.php ]
[ info ] [ CACHE ] INIT File
[ info ] [ VIEW ] E:\www\bolg\chiqinga\chiqinga\public/../app/admin\view\index\indexs.html [ array (
  0 => 'SiteaName',
  1 => 'SiteaUrl',
  2 => 'MetaCopyright',
  3 => 'RecordNo',
  4 => 'SiteaLogo',
  5 => 'affiche',
  6 => 'os',
  7 => 'log',
  8 => 'copy',
  9 => 'articled',
  10 => 'article',
  11 => 'feedback_d',
  12 => 'feedback',
  13 => 'feedbacks',
) ]
[ info ] [ LOG ] INIT File
[ sql ] [ DB ] CONNECT:[ UseTime:0.010000s ] mysql:host=127.0.0.1;dbname=chiqing;charset=utf8
[ sql ] [ SQL ] SHOW COLUMNS FROM `config` [ RunTime:0.033000s ]
[ sql ] [ SQL ] SELECT * FROM `config` WHERE  `type` = 'system' [ RunTime:0.001000s ]
[ sql ] [ SQL ] SHOW COLUMNS FROM `auth_group_access` [ RunTime:0.048000s ]
[ sql ] [ SQL ] SELECT * FROM `auth_group_access` `a` INNER JOIN `auth_group` `g` ON `a`.`group_id`=`g`.`id` WHERE  (  a.uid='1' and g.status='1' ) [ RunTime:0.001000s ]
[ sql ] [ SQL ] SHOW COLUMNS FROM `auth_rule` [ RunTime:0.044000s ]
[ sql ] [ SQL ] SELECT * FROM `auth_rule` WHERE  `id` IN (1,2,3,4,5,9,11,6,7,8,10,12,13,14,15,16,18,19,17,20,21,22,23,24,25,26,27,28,29,30,31,32,33,34,35,37,38,39,40,41,42,43,44,45,46,47,48,49,50,51,52)  AND `type` = 1  AND `status` = 1 [ RunTime:0.002000s ]
[ sql ] [ SQL ] SELECT `v` FROM `config` WHERE  `key` = 'Affiche' ORDER BY `id` LIMIT 1 [ RunTime:0.001000s ]
[ sql ] [ SQL ] SHOW COLUMNS FROM `user_log` [ RunTime:0.037000s ]
[ sql ] [ SQL ] SELECT * FROM `user_log` ORDER BY id desc LIMIT 7 [ RunTime:0.001000s ]
[ sql ] [ SQL ] SHOW COLUMNS FROM `article` [ RunTime:0.047000s ]
[ sql ] [ SQL ] SELECT COUNT(*) AS tp_count FROM `article` WHERE  `time` > '1520092800' LIMIT 1 [ RunTime:0.001000s ]
[ sql ] [ SQL ] SELECT COUNT(*) AS tp_count FROM `article` LIMIT 1 [ RunTime:0.000000s ]
[ sql ] [ SQL ] SHOW COLUMNS FROM `feedback` [ RunTime:0.036000s ]
[ sql ] [ SQL ] SELECT COUNT(*) AS tp_count FROM `feedback` WHERE  `time` > '1520092800' LIMIT 1 [ RunTime:0.001000s ]
[ sql ] [ SQL ] SELECT COUNT(*) AS tp_count FROM `feedback` LIMIT 1 [ RunTime:0.001000s ]
[ sql ] [ SQL ] SELECT * FROM `feedback` ORDER BY `time`  desc LIMIT 5 [ RunTime:0.001000s ]
---------------------------------------------------------------
[ 2018-03-04T11:46:53+08:00 ] 127.0.0.1 127.0.0.1 POST /admin/menu/index
[ info ] chiqinga.com/admin/menu/index [运行时间：0.062000s][吞吐率：16.13req/s] [内存消耗：1,226.05kb] [文件加载：45]
[ info ] [ LANG ] E:\www\bolg\chiqinga\chiqinga\thinkphp\lang\zh-cn.php
[ info ] [ ROUTE ] array (
  'type' => 'module',
  'module' => 
  array (
    0 => 'admin',
    1 => 'menu',
    2 => 'index',
  ),
)
[ info ] [ HEADER ] array (
  'cookie' => 'PHPSESSID=pp4kkv2baa6qbb2o22ldm96r54; danger=lock',
  'accept-language' => 'zh-CN,zh;q=0.9,en;q=0.8',
  'accept-encoding' => 'gzip, deflate',
  'referer' => 'http://chiqinga.com/admin/index',
  'user-agent' => 'Mozilla/5.0 (Windows NT 6.1; Win64; x64) AppleWebKit/537.36 (KHTML, like Gecko) Chrome/64.0.3282.186 Safari/537.36',
  'x-requested-with' => 'XMLHttpRequest',
  'origin' => 'http://chiqinga.com',
  'accept' => '*/*',
  'content-length' => '0',
  'connection' => 'close',
  'host' => 'chiqinga.com',
)
[ info ] [ PARAM ] array (
)
[ info ] [ RUN ] app\admin\controller\Menu->index[ E:\www\bolg\chiqinga\chiqinga\app\admin\controller\Menu.php ]
[ info ] [ LOG ] INIT File
---------------------------------------------------------------
[ 2018-03-04T11:46:57+08:00 ] 127.0.0.1 127.0.0.1 GET /admin/index
[ info ] chiqinga.com/admin/index [运行时间：0.450000s][吞吐率：2.22req/s] [内存消耗：2,210.28kb] [文件加载：64]
[ info ] [ LANG ] E:\www\bolg\chiqinga\chiqinga\thinkphp\lang\zh-cn.php
[ info ] [ ROUTE ] array (
  'type' => 'module',
  'module' => 
  array (
    0 => 'admin',
    1 => 'index',
    2 => NULL,
  ),
)
[ info ] [ HEADER ] array (
  'cookie' => 'PHPSESSID=pp4kkv2baa6qbb2o22ldm96r54; danger=lock',
  'accept-language' => 'zh-CN,zh;q=0.9,en;q=0.8',
  'accept-encoding' => 'gzip, deflate',
  'accept' => 'text/html,application/xhtml+xml,application/xml;q=0.9,image/webp,image/apng,*/*;q=0.8',
  'user-agent' => 'Mozilla/5.0 (Windows NT 6.1; Win64; x64) AppleWebKit/537.36 (KHTML, like Gecko) Chrome/64.0.3282.186 Safari/537.36',
  'upgrade-insecure-requests' => '1',
  'connection' => 'close',
  'host' => 'chiqinga.com',
)
[ info ] [ PARAM ] array (
)
[ info ] [ SESSION ] INIT array (
  'auto_start' => true,
  'expire' => 604800,
)
[ info ] [ DB ] INIT mysql
[ info ] [ RUN ] app\admin\controller\Index->index[ E:\www\bolg\chiqinga\chiqinga\app\admin\controller\Index.php ]
[ info ] [ CACHE ] INIT File
[ info ] [ VIEW ] E:\www\bolg\chiqinga\chiqinga\public/../app/admin\view\index\index.html [ array (
  0 => 'SiteaName',
  1 => 'SiteaUrl',
  2 => 'MetaCopyright',
  3 => 'RecordNo',
  4 => 'SiteaLogo',
  5 => 'affiche',
  6 => 'os',
  7 => 'log',
  8 => 'copy',
  9 => 'articled',
  10 => 'article',
  11 => 'feedback_d',
  12 => 'feedback',
  13 => 'feedbacks',
  14 => 'Copyright',
  15 => 'title',
  16 => 'user',
) ]
[ info ] [ LOG ] INIT File
[ sql ] [ DB ] CONNECT:[ UseTime:0.003000s ] mysql:host=127.0.0.1;dbname=chiqing;charset=utf8
[ sql ] [ SQL ] SHOW COLUMNS FROM `config` [ RunTime:0.019000s ]
[ sql ] [ SQL ] SELECT * FROM `config` WHERE  `type` = 'system' [ RunTime:0.002000s ]
[ sql ] [ SQL ] SHOW COLUMNS FROM `auth_group_access` [ RunTime:0.040000s ]
[ sql ] [ SQL ] SELECT * FROM `auth_group_access` `a` INNER JOIN `auth_group` `g` ON `a`.`group_id`=`g`.`id` WHERE  (  a.uid='1' and g.status='1' ) [ RunTime:0.002000s ]
[ sql ] [ SQL ] SHOW COLUMNS FROM `auth_rule` [ RunTime:0.052000s ]
[ sql ] [ SQL ] SELECT * FROM `auth_rule` WHERE  `id` IN (1,2,3,4,5,9,11,6,7,8,10,12,13,14,15,16,18,19,17,20,21,22,23,24,25,26,27,28,29,30,31,32,33,34,35,37,38,39,40,41,42,43,44,45,46,47,48,49,50,51,52)  AND `type` = 1  AND `status` = 1 [ RunTime:0.003000s ]
[ sql ] [ SQL ] SELECT `v` FROM `config` WHERE  `key` = 'Affiche' ORDER BY `id` LIMIT 1 [ RunTime:0.002000s ]
[ sql ] [ SQL ] SHOW COLUMNS FROM `user_log` [ RunTime:0.063000s ]
[ sql ] [ SQL ] SELECT * FROM `user_log` ORDER BY id desc LIMIT 7 [ RunTime:0.001000s ]
[ sql ] [ SQL ] SHOW COLUMNS FROM `article` [ RunTime:0.057000s ]
[ sql ] [ SQL ] SELECT COUNT(*) AS tp_count FROM `article` WHERE  `time` > '1520092800' LIMIT 1 [ RunTime:0.001000s ]
[ sql ] [ SQL ] SELECT COUNT(*) AS tp_count FROM `article` LIMIT 1 [ RunTime:0.001000s ]
[ sql ] [ SQL ] SHOW COLUMNS FROM `feedback` [ RunTime:0.046000s ]
[ sql ] [ SQL ] SELECT COUNT(*) AS tp_count FROM `feedback` WHERE  `time` > '1520092800' LIMIT 1 [ RunTime:0.001000s ]
[ sql ] [ SQL ] SELECT COUNT(*) AS tp_count FROM `feedback` LIMIT 1 [ RunTime:0.001000s ]
[ sql ] [ SQL ] SELECT * FROM `feedback` ORDER BY `time`  desc LIMIT 5 [ RunTime:0.002000s ]
---------------------------------------------------------------
[ 2018-03-04T22:16:34+08:00 ] 127.0.0.1 127.0.0.1 GET /admin/index
[ info ] chiqinga.com/admin/index [运行时间：0.542000s][吞吐率：1.85req/s] [内存消耗：2,210.28kb] [文件加载：64]
[ info ] [ LANG ] E:\www\bolg\chiqinga\chiqinga\thinkphp\lang\zh-cn.php
[ info ] [ ROUTE ] array (
  'type' => 'module',
  'module' => 
  array (
    0 => 'admin',
    1 => 'index',
    2 => NULL,
  ),
)
[ info ] [ HEADER ] array (
  'cookie' => 'PHPSESSID=pp4kkv2baa6qbb2o22ldm96r54; danger=lock',
  'accept-language' => 'zh-CN,zh;q=0.9,en;q=0.8',
  'accept-encoding' => 'gzip, deflate',
  'accept' => 'text/html,application/xhtml+xml,application/xml;q=0.9,image/webp,image/apng,*/*;q=0.8',
  'user-agent' => 'Mozilla/5.0 (Windows NT 6.1; Win64; x64) AppleWebKit/537.36 (KHTML, like Gecko) Chrome/64.0.3282.186 Safari/537.36',
  'upgrade-insecure-requests' => '1',
  'connection' => 'close',
  'host' => 'chiqinga.com',
)
[ info ] [ PARAM ] array (
)
[ info ] [ SESSION ] INIT array (
  'auto_start' => true,
  'expire' => 604800,
)
[ info ] [ DB ] INIT mysql
[ info ] [ RUN ] app\admin\controller\Index->index[ E:\www\bolg\chiqinga\chiqinga\app\admin\controller\Index.php ]
[ info ] [ CACHE ] INIT File
[ info ] [ VIEW ] E:\www\bolg\chiqinga\chiqinga\public/../app/admin\view\index\index.html [ array (
  0 => 'SiteaName',
  1 => 'SiteaUrl',
  2 => 'MetaCopyright',
  3 => 'RecordNo',
  4 => 'SiteaLogo',
  5 => 'affiche',
  6 => 'os',
  7 => 'log',
  8 => 'copy',
  9 => 'articled',
  10 => 'article',
  11 => 'feedback_d',
  12 => 'feedback',
  13 => 'feedbacks',
  14 => 'Copyright',
  15 => 'title',
  16 => 'user',
) ]
[ info ] [ LOG ] INIT File
[ sql ] [ DB ] CONNECT:[ UseTime:0.004000s ] mysql:host=127.0.0.1;dbname=chiqing;charset=utf8
[ sql ] [ SQL ] SHOW COLUMNS FROM `config` [ RunTime:0.040000s ]
[ sql ] [ SQL ] SELECT * FROM `config` WHERE  `type` = 'system' [ RunTime:0.011000s ]
[ sql ] [ SQL ] SHOW COLUMNS FROM `auth_group_access` [ RunTime:0.039000s ]
[ sql ] [ SQL ] SELECT * FROM `auth_group_access` `a` INNER JOIN `auth_group` `g` ON `a`.`group_id`=`g`.`id` WHERE  (  a.uid='1' and g.status='1' ) [ RunTime:0.013000s ]
[ sql ] [ SQL ] SHOW COLUMNS FROM `auth_rule` [ RunTime:0.031000s ]
[ sql ] [ SQL ] SELECT * FROM `auth_rule` WHERE  `id` IN (1,2,3,4,5,9,11,6,7,8,10,12,13,14,15,16,18,19,17,20,21,22,23,24,25,26,27,28,29,30,31,32,33,34,35,37,38,39,40,41,42,43,44,45,46,47,48,49,50,51,52)  AND `type` = 1  AND `status` = 1 [ RunTime:0.012000s ]
[ sql ] [ SQL ] SELECT `v` FROM `config` WHERE  `key` = 'Affiche' ORDER BY `id` LIMIT 1 [ RunTime:0.001000s ]
[ sql ] [ SQL ] SHOW COLUMNS FROM `user_log` [ RunTime:0.036000s ]
[ sql ] [ SQL ] SELECT * FROM `user_log` ORDER BY id desc LIMIT 7 [ RunTime:0.009000s ]
[ sql ] [ SQL ] SHOW COLUMNS FROM `article` [ RunTime:0.030000s ]
[ sql ] [ SQL ] SELECT COUNT(*) AS tp_count FROM `article` WHERE  `time` > '1520092800' LIMIT 1 [ RunTime:0.014000s ]
[ sql ] [ SQL ] SELECT COUNT(*) AS tp_count FROM `article` LIMIT 1 [ RunTime:0.001000s ]
[ sql ] [ SQL ] SHOW COLUMNS FROM `feedback` [ RunTime:0.028000s ]
[ sql ] [ SQL ] SELECT COUNT(*) AS tp_count FROM `feedback` WHERE  `time` > '1520092800' LIMIT 1 [ RunTime:0.009000s ]
[ sql ] [ SQL ] SELECT COUNT(*) AS tp_count FROM `feedback` LIMIT 1 [ RunTime:0.000000s ]
[ sql ] [ SQL ] SELECT * FROM `feedback` ORDER BY `time`  desc LIMIT 5 [ RunTime:0.001000s ]
