---------------------------------------------------------------
[ 2018-03-20T17:11:40+08:00 ] 127.0.0.1 127.0.0.1 GET /admin/index
[ info ] chiqinga.com/admin/index [运行时间：0.707400s][吞吐率：1.41req/s] [内存消耗：1,450.27kb] [文件加载：53]
[ info ] [ LANG ] E:\www\bolg\chiqinga\chiqinga\thinkphp\lang\zh-cn.php
[ info ] [ ROUTE ] array (
  'type' => 'module',
  'module' => 
  array (
    0 => 'admin',
    1 => 'index',
    2 => NULL,
  ),
)
[ info ] [ HEADER ] array (
  'accept-language' => 'zh-CN,zh;q=0.9,en;q=0.8',
  'accept-encoding' => 'gzip, deflate',
  'accept' => 'text/html,application/xhtml+xml,application/xml;q=0.9,image/webp,image/apng,*/*;q=0.8',
  'user-agent' => 'Mozilla/5.0 (Windows NT 6.1; Win64; x64) AppleWebKit/537.36 (KHTML, like Gecko) Chrome/64.0.3282.186 Safari/537.36',
  'upgrade-insecure-requests' => '1',
  'connection' => 'close',
  'host' => 'chiqinga.com',
)
[ info ] [ PARAM ] array (
)
[ info ] [ SESSION ] INIT array (
  'auto_start' => true,
  'expire' => 604800,
)
[ info ] [ LOG ] INIT File
---------------------------------------------------------------
[ 2018-03-20T17:11:40+08:00 ] 127.0.0.1 127.0.0.1 GET /login/index
[ info ] chiqinga.com/login/index [运行时间：0.234000s][吞吐率：4.27req/s] [内存消耗：1,491.62kb] [文件加载：54]
[ info ] [ LANG ] E:\www\bolg\chiqinga\chiqinga\thinkphp\lang\zh-cn.php
[ info ] [ ROUTE ] array (
  'type' => 'module',
  'module' => 
  array (
    0 => 'admin',
    1 => 'login',
    2 => 'index',
  ),
  'convert' => false,
)
[ info ] [ HEADER ] array (
  'cookie' => 'PHPSESSID=4tu2u6l03to9r7v4ka3354id82',
  'accept-language' => 'zh-CN,zh;q=0.9,en;q=0.8',
  'accept-encoding' => 'gzip, deflate',
  'accept' => 'text/html,application/xhtml+xml,application/xml;q=0.9,image/webp,image/apng,*/*;q=0.8',
  'user-agent' => 'Mozilla/5.0 (Windows NT 6.1; Win64; x64) AppleWebKit/537.36 (KHTML, like Gecko) Chrome/64.0.3282.186 Safari/537.36',
  'upgrade-insecure-requests' => '1',
  'connection' => 'close',
  'host' => 'chiqinga.com',
)
[ info ] [ PARAM ] array (
)
[ info ] [ RUN ] app\admin\controller\Login->index[ E:\www\bolg\chiqinga\chiqinga\app\admin\controller\Login.php ]
[ info ] [ VIEW ] E:\www\bolg\chiqinga\chiqinga\public/../app/admin\view\login\index.html [ array (
  0 => 'Copyright',
  1 => 'title',
) ]
[ info ] [ SESSION ] INIT array (
  'auto_start' => true,
  'expire' => 604800,
)
[ info ] [ LOG ] INIT File
---------------------------------------------------------------
[ 2018-03-20T17:11:41+08:00 ] 127.0.0.1 127.0.0.1 GET /captcha.shtml
[ info ] chiqinga.com/captcha.shtml [运行时间：0.762200s][吞吐率：1.31req/s] [内存消耗：1,251.49kb] [文件加载：40]
[ info ] [ LANG ] E:\www\bolg\chiqinga\chiqinga\thinkphp\lang\zh-cn.php
[ info ] [ ROUTE ] array (
  'type' => 'method',
  'method' => 
  array (
    0 => '\\think\\captcha\\CaptchaController',
    1 => 'index',
  ),
  'var' => 
  array (
  ),
)
[ info ] [ HEADER ] array (
  'cookie' => 'PHPSESSID=4tu2u6l03to9r7v4ka3354id82',
  'accept-language' => 'zh-CN,zh;q=0.9,en;q=0.8',
  'accept-encoding' => 'gzip, deflate',
  'referer' => 'http://chiqinga.com/login/index',
  'accept' => 'image/webp,image/apng,image/*,*/*;q=0.8',
  'user-agent' => 'Mozilla/5.0 (Windows NT 6.1; Win64; x64) AppleWebKit/537.36 (KHTML, like Gecko) Chrome/64.0.3282.186 Safari/537.36',
  'connection' => 'close',
  'host' => 'chiqinga.com',
)
[ info ] [ PARAM ] array (
  'id' => NULL,
)
[ info ] [ RUN ] think\captcha\CaptchaController->index[ E:\www\bolg\chiqinga\chiqinga\vendor\topthink\think-captcha\src\CaptchaController.php ]
[ info ] [ SESSION ] INIT array (
  'id' => '',
  'var_session_id' => '',
  'prefix' => 'think',
  'type' => '',
  'auto_start' => true,
)
[ info ] [ LOG ] INIT File
---------------------------------------------------------------
[ 2018-03-20T17:11:42+08:00 ] 127.0.0.1 127.0.0.1 GET /login/index
[ info ] chiqinga.com/login/index [运行时间：0.171000s][吞吐率：5.85req/s] [内存消耗：1,492.30kb] [文件加载：54]
[ info ] [ LANG ] E:\www\bolg\chiqinga\chiqinga\thinkphp\lang\zh-cn.php
[ info ] [ ROUTE ] array (
  'type' => 'module',
  'module' => 
  array (
    0 => 'admin',
    1 => 'login',
    2 => 'index',
  ),
  'convert' => false,
)
[ info ] [ HEADER ] array (
  'cookie' => 'PHPSESSID=4tu2u6l03to9r7v4ka3354id82',
  'accept-language' => 'zh-CN,zh;q=0.9,en;q=0.8',
  'accept-encoding' => 'gzip, deflate',
  'accept' => 'text/html,application/xhtml+xml,application/xml;q=0.9,image/webp,image/apng,*/*;q=0.8',
  'user-agent' => 'Mozilla/5.0 (Windows NT 6.1; Win64; x64) AppleWebKit/537.36 (KHTML, like Gecko) Chrome/64.0.3282.186 Safari/537.36',
  'upgrade-insecure-requests' => '1',
  'connection' => 'close',
  'host' => 'chiqinga.com',
)
[ info ] [ PARAM ] array (
)
[ info ] [ RUN ] app\admin\controller\Login->index[ E:\www\bolg\chiqinga\chiqinga\app\admin\controller\Login.php ]
[ info ] [ VIEW ] E:\www\bolg\chiqinga\chiqinga\public/../app/admin\view\login\index.html [ array (
  0 => 'Copyright',
  1 => 'title',
) ]
[ info ] [ SESSION ] INIT array (
  'auto_start' => true,
  'expire' => 604800,
)
[ info ] [ LOG ] INIT File
---------------------------------------------------------------
[ 2018-03-20T17:11:42+08:00 ] 127.0.0.1 127.0.0.1 GET /captcha.shtml
[ info ] chiqinga.com/captcha.shtml [运行时间：0.135000s][吞吐率：7.41req/s] [内存消耗：1,251.63kb] [文件加载：40]
[ info ] [ LANG ] E:\www\bolg\chiqinga\chiqinga\thinkphp\lang\zh-cn.php
[ info ] [ ROUTE ] array (
  'type' => 'method',
  'method' => 
  array (
    0 => '\\think\\captcha\\CaptchaController',
    1 => 'index',
  ),
  'var' => 
  array (
  ),
)
[ info ] [ HEADER ] array (
  'cookie' => 'PHPSESSID=4tu2u6l03to9r7v4ka3354id82',
  'accept-language' => 'zh-CN,zh;q=0.9,en;q=0.8',
  'accept-encoding' => 'gzip, deflate',
  'referer' => 'http://chiqinga.com/login/index',
  'accept' => 'image/webp,image/apng,image/*,*/*;q=0.8',
  'user-agent' => 'Mozilla/5.0 (Windows NT 6.1; Win64; x64) AppleWebKit/537.36 (KHTML, like Gecko) Chrome/64.0.3282.186 Safari/537.36',
  'connection' => 'close',
  'host' => 'chiqinga.com',
)
[ info ] [ PARAM ] array (
  'id' => NULL,
)
[ info ] [ RUN ] think\captcha\CaptchaController->index[ E:\www\bolg\chiqinga\chiqinga\vendor\topthink\think-captcha\src\CaptchaController.php ]
[ info ] [ SESSION ] INIT array (
  'id' => '',
  'var_session_id' => '',
  'prefix' => 'think',
  'type' => '',
  'auto_start' => true,
)
[ info ] [ LOG ] INIT File
---------------------------------------------------------------
[ 2018-03-20T17:11:52+08:00 ] 127.0.0.1 127.0.0.1 POST /index.php/login/index
[ info ] chiqinga.com/index.php/login/index [运行时间：0.387000s][吞吐率：2.58req/s] [内存消耗：2,329.00kb] [文件加载：62]
[ info ] [ LANG ] E:\www\bolg\chiqinga\chiqinga\thinkphp\lang\zh-cn.php
[ info ] [ ROUTE ] array (
  'type' => 'module',
  'module' => 
  array (
    0 => 'admin',
    1 => 'login',
    2 => 'index',
  ),
  'convert' => false,
)
[ info ] [ HEADER ] array (
  'cookie' => 'PHPSESSID=4tu2u6l03to9r7v4ka3354id82',
  'accept-language' => 'zh-CN,zh;q=0.9,en;q=0.8',
  'accept-encoding' => 'gzip, deflate',
  'referer' => 'http://chiqinga.com/login/index',
  'content-type' => 'application/x-www-form-urlencoded; charset=UTF-8',
  'user-agent' => 'Mozilla/5.0 (Windows NT 6.1; Win64; x64) AppleWebKit/537.36 (KHTML, like Gecko) Chrome/64.0.3282.186 Safari/537.36',
  'x-requested-with' => 'XMLHttpRequest',
  'origin' => 'http://chiqinga.com',
  'accept' => 'application/json, text/javascript, */*; q=0.01',
  'content-length' => '83',
  'connection' => 'close',
  'host' => 'chiqinga.com',
)
[ info ] [ PARAM ] array (
  'user' => 'admin',
  'user_password' => '123456',
  'iver' => 'xmn',
  '__token__' => '34a5730411209c91a35970cb58353d03',
)
[ info ] [ RUN ] app\admin\controller\Login->index[ E:\www\bolg\chiqinga\chiqinga\app\admin\controller\Login.php ]
[ info ] [ SESSION ] INIT array (
  'auto_start' => true,
  'expire' => 604800,
)
[ info ] [ DB ] INIT mysql
[ info ] [ LOG ] INIT File
[ sql ] [ DB ] CONNECT:[ UseTime:0.015000s ] mysql:host=127.0.0.1;dbname=chiqing;charset=utf8
[ sql ] [ SQL ] SHOW COLUMNS FROM `user` [ RunTime:0.069000s ]
[ sql ] [ SQL ] SELECT * FROM `user` WHERE  `user` = 'admin' OR `email` = 'admin' LIMIT 1 [ RunTime:0.001000s ]
---------------------------------------------------------------
[ 2018-03-20T17:11:52+08:00 ] 127.0.0.1 127.0.0.1 GET /captcha/?verify=0.6689063204825405
[ info ] chiqinga.com/captcha/?verify=0.6689063204825405 [运行时间：0.108000s][吞吐率：9.26req/s] [内存消耗：1,251.35kb] [文件加载：40]
[ info ] [ LANG ] E:\www\bolg\chiqinga\chiqinga\thinkphp\lang\zh-cn.php
[ info ] [ ROUTE ] array (
  'type' => 'method',
  'method' => 
  array (
    0 => '\\think\\captcha\\CaptchaController',
    1 => 'index',
  ),
  'var' => 
  array (
  ),
)
[ info ] [ HEADER ] array (
  'cookie' => 'PHPSESSID=4tu2u6l03to9r7v4ka3354id82',
  'accept-language' => 'zh-CN,zh;q=0.9,en;q=0.8',
  'accept-encoding' => 'gzip, deflate',
  'referer' => 'http://chiqinga.com/login/index',
  'accept' => 'image/webp,image/apng,image/*,*/*;q=0.8',
  'user-agent' => 'Mozilla/5.0 (Windows NT 6.1; Win64; x64) AppleWebKit/537.36 (KHTML, like Gecko) Chrome/64.0.3282.186 Safari/537.36',
  'connection' => 'close',
  'host' => 'chiqinga.com',
)
[ info ] [ PARAM ] array (
  'verify' => '0.6689063204825405',
  'id' => NULL,
)
[ info ] [ RUN ] think\captcha\CaptchaController->index[ E:\www\bolg\chiqinga\chiqinga\vendor\topthink\think-captcha\src\CaptchaController.php ]
[ info ] [ SESSION ] INIT array (
  'id' => '',
  'var_session_id' => '',
  'prefix' => 'think',
  'type' => '',
  'auto_start' => true,
)
[ info ] [ LOG ] INIT File
---------------------------------------------------------------
[ 2018-03-20T17:11:59+08:00 ] 127.0.0.1 127.0.0.1 POST /index.php/login/index
[ info ] chiqinga.com/index.php/login/index [运行时间：0.129000s][吞吐率：7.75req/s] [内存消耗：1,485.06kb] [文件加载：53]
[ info ] [ LANG ] E:\www\bolg\chiqinga\chiqinga\thinkphp\lang\zh-cn.php
[ info ] [ ROUTE ] array (
  'type' => 'module',
  'module' => 
  array (
    0 => 'admin',
    1 => 'login',
    2 => 'index',
  ),
  'convert' => false,
)
[ info ] [ HEADER ] array (
  'cookie' => 'PHPSESSID=4tu2u6l03to9r7v4ka3354id82',
  'accept-language' => 'zh-CN,zh;q=0.9,en;q=0.8',
  'accept-encoding' => 'gzip, deflate',
  'referer' => 'http://chiqinga.com/login/index',
  'content-type' => 'application/x-www-form-urlencoded; charset=UTF-8',
  'user-agent' => 'Mozilla/5.0 (Windows NT 6.1; Win64; x64) AppleWebKit/537.36 (KHTML, like Gecko) Chrome/64.0.3282.186 Safari/537.36',
  'x-requested-with' => 'XMLHttpRequest',
  'origin' => 'http://chiqinga.com',
  'accept' => 'application/json, text/javascript, */*; q=0.01',
  'content-length' => '82',
  'connection' => 'close',
  'host' => 'chiqinga.com',
)
[ info ] [ PARAM ] array (
  'user' => 'admin',
  'user_password' => 'admin',
  'iver' => 'bf3',
  '__token__' => '34a5730411209c91a35970cb58353d03',
)
[ info ] [ RUN ] app\admin\controller\Login->index[ E:\www\bolg\chiqinga\chiqinga\app\admin\controller\Login.php ]
[ info ] [ SESSION ] INIT array (
  'auto_start' => true,
  'expire' => 604800,
)
[ info ] [ LOG ] INIT File
---------------------------------------------------------------
[ 2018-03-20T17:12:00+08:00 ] 127.0.0.1 127.0.0.1 GET /captcha/?verify=0.5500274549672368
[ info ] chiqinga.com/captcha/?verify=0.5500274549672368 [运行时间：0.096000s][吞吐率：10.42req/s] [内存消耗：1,251.35kb] [文件加载：40]
[ info ] [ LANG ] E:\www\bolg\chiqinga\chiqinga\thinkphp\lang\zh-cn.php
[ info ] [ ROUTE ] array (
  'type' => 'method',
  'method' => 
  array (
    0 => '\\think\\captcha\\CaptchaController',
    1 => 'index',
  ),
  'var' => 
  array (
  ),
)
[ info ] [ HEADER ] array (
  'cookie' => 'PHPSESSID=4tu2u6l03to9r7v4ka3354id82',
  'accept-language' => 'zh-CN,zh;q=0.9,en;q=0.8',
  'accept-encoding' => 'gzip, deflate',
  'referer' => 'http://chiqinga.com/login/index',
  'accept' => 'image/webp,image/apng,image/*,*/*;q=0.8',
  'user-agent' => 'Mozilla/5.0 (Windows NT 6.1; Win64; x64) AppleWebKit/537.36 (KHTML, like Gecko) Chrome/64.0.3282.186 Safari/537.36',
  'connection' => 'close',
  'host' => 'chiqinga.com',
)
[ info ] [ PARAM ] array (
  'verify' => '0.5500274549672368',
  'id' => NULL,
)
[ info ] [ RUN ] think\captcha\CaptchaController->index[ E:\www\bolg\chiqinga\chiqinga\vendor\topthink\think-captcha\src\CaptchaController.php ]
[ info ] [ SESSION ] INIT array (
  'id' => '',
  'var_session_id' => '',
  'prefix' => 'think',
  'type' => '',
  'auto_start' => true,
)
[ info ] [ LOG ] INIT File
---------------------------------------------------------------
[ 2018-03-20T17:12:02+08:00 ] 127.0.0.1 127.0.0.1 GET /login/index
[ info ] chiqinga.com/login/index [运行时间：0.140000s][吞吐率：7.14req/s] [内存消耗：1,492.49kb] [文件加载：54]
[ info ] [ LANG ] E:\www\bolg\chiqinga\chiqinga\thinkphp\lang\zh-cn.php
[ info ] [ ROUTE ] array (
  'type' => 'module',
  'module' => 
  array (
    0 => 'admin',
    1 => 'login',
    2 => 'index',
  ),
  'convert' => false,
)
[ info ] [ HEADER ] array (
  'cookie' => 'PHPSESSID=4tu2u6l03to9r7v4ka3354id82',
  'accept-language' => 'zh-CN,zh;q=0.9,en;q=0.8',
  'accept-encoding' => 'gzip, deflate',
  'accept' => 'text/html,application/xhtml+xml,application/xml;q=0.9,image/webp,image/apng,*/*;q=0.8',
  'user-agent' => 'Mozilla/5.0 (Windows NT 6.1; Win64; x64) AppleWebKit/537.36 (KHTML, like Gecko) Chrome/64.0.3282.186 Safari/537.36',
  'upgrade-insecure-requests' => '1',
  'cache-control' => 'max-age=0',
  'connection' => 'close',
  'host' => 'chiqinga.com',
)
[ info ] [ PARAM ] array (
)
[ info ] [ RUN ] app\admin\controller\Login->index[ E:\www\bolg\chiqinga\chiqinga\app\admin\controller\Login.php ]
[ info ] [ VIEW ] E:\www\bolg\chiqinga\chiqinga\public/../app/admin\view\login\index.html [ array (
  0 => 'Copyright',
  1 => 'title',
) ]
[ info ] [ SESSION ] INIT array (
  'auto_start' => true,
  'expire' => 604800,
)
[ info ] [ LOG ] INIT File
---------------------------------------------------------------
[ 2018-03-20T17:12:02+08:00 ] 127.0.0.1 127.0.0.1 GET /captcha.shtml
[ info ] chiqinga.com/captcha.shtml [运行时间：0.081000s][吞吐率：12.35req/s] [内存消耗：1,251.63kb] [文件加载：40]
[ info ] [ LANG ] E:\www\bolg\chiqinga\chiqinga\thinkphp\lang\zh-cn.php
[ info ] [ ROUTE ] array (
  'type' => 'method',
  'method' => 
  array (
    0 => '\\think\\captcha\\CaptchaController',
    1 => 'index',
  ),
  'var' => 
  array (
  ),
)
[ info ] [ HEADER ] array (
  'cookie' => 'PHPSESSID=4tu2u6l03to9r7v4ka3354id82',
  'accept-language' => 'zh-CN,zh;q=0.9,en;q=0.8',
  'accept-encoding' => 'gzip, deflate',
  'referer' => 'http://chiqinga.com/login/index',
  'accept' => 'image/webp,image/apng,image/*,*/*;q=0.8',
  'user-agent' => 'Mozilla/5.0 (Windows NT 6.1; Win64; x64) AppleWebKit/537.36 (KHTML, like Gecko) Chrome/64.0.3282.186 Safari/537.36',
  'connection' => 'close',
  'host' => 'chiqinga.com',
)
[ info ] [ PARAM ] array (
  'id' => NULL,
)
[ info ] [ RUN ] think\captcha\CaptchaController->index[ E:\www\bolg\chiqinga\chiqinga\vendor\topthink\think-captcha\src\CaptchaController.php ]
[ info ] [ SESSION ] INIT array (
  'id' => '',
  'var_session_id' => '',
  'prefix' => 'think',
  'type' => '',
  'auto_start' => true,
)
[ info ] [ LOG ] INIT File
---------------------------------------------------------------
[ 2018-03-20T17:12:12+08:00 ] 127.0.0.1 127.0.0.1 POST /index.php/login/index
[ info ] chiqinga.com/index.php/login/index [运行时间：0.111000s][吞吐率：9.01req/s] [内存消耗：1,485.65kb] [文件加载：53]
[ info ] [ LANG ] E:\www\bolg\chiqinga\chiqinga\thinkphp\lang\zh-cn.php
[ info ] [ ROUTE ] array (
  'type' => 'module',
  'module' => 
  array (
    0 => 'admin',
    1 => 'login',
    2 => 'index',
  ),
  'convert' => false,
)
[ info ] [ HEADER ] array (
  'cookie' => 'PHPSESSID=4tu2u6l03to9r7v4ka3354id82',
  'accept-language' => 'zh-CN,zh;q=0.9,en;q=0.8',
  'accept-encoding' => 'gzip, deflate',
  'referer' => 'http://chiqinga.com/login/index',
  'content-type' => 'application/x-www-form-urlencoded; charset=UTF-8',
  'user-agent' => 'Mozilla/5.0 (Windows NT 6.1; Win64; x64) AppleWebKit/537.36 (KHTML, like Gecko) Chrome/64.0.3282.186 Safari/537.36',
  'x-requested-with' => 'XMLHttpRequest',
  'origin' => 'http://chiqinga.com',
  'accept' => 'application/json, text/javascript, */*; q=0.01',
  'content-length' => '82',
  'connection' => 'close',
  'host' => 'chiqinga.com',
)
[ info ] [ PARAM ] array (
  'user' => 'admin',
  'user_password' => 'admin',
  'iver' => 'gls',
  '__token__' => 'efbb20b24ce4a1a7573675105c825bfa',
)
[ info ] [ RUN ] app\admin\controller\Login->index[ E:\www\bolg\chiqinga\chiqinga\app\admin\controller\Login.php ]
[ info ] [ SESSION ] INIT array (
  'auto_start' => true,
  'expire' => 604800,
)
[ info ] [ LOG ] INIT File
---------------------------------------------------------------
[ 2018-03-20T17:12:12+08:00 ] 127.0.0.1 127.0.0.1 GET /captcha/?verify=0.9010184277845823
[ info ] chiqinga.com/captcha/?verify=0.9010184277845823 [运行时间：0.082000s][吞吐率：12.20req/s] [内存消耗：1,251.66kb] [文件加载：40]
[ info ] [ LANG ] E:\www\bolg\chiqinga\chiqinga\thinkphp\lang\zh-cn.php
[ info ] [ ROUTE ] array (
  'type' => 'method',
  'method' => 
  array (
    0 => '\\think\\captcha\\CaptchaController',
    1 => 'index',
  ),
  'var' => 
  array (
  ),
)
[ info ] [ HEADER ] array (
  'cookie' => 'PHPSESSID=4tu2u6l03to9r7v4ka3354id82',
  'accept-language' => 'zh-CN,zh;q=0.9,en;q=0.8',
  'accept-encoding' => 'gzip, deflate',
  'referer' => 'http://chiqinga.com/login/index',
  'accept' => 'image/webp,image/apng,image/*,*/*;q=0.8',
  'user-agent' => 'Mozilla/5.0 (Windows NT 6.1; Win64; x64) AppleWebKit/537.36 (KHTML, like Gecko) Chrome/64.0.3282.186 Safari/537.36',
  'connection' => 'close',
  'host' => 'chiqinga.com',
)
[ info ] [ PARAM ] array (
  'verify' => '0.9010184277845823',
  'id' => NULL,
)
[ info ] [ RUN ] think\captcha\CaptchaController->index[ E:\www\bolg\chiqinga\chiqinga\vendor\topthink\think-captcha\src\CaptchaController.php ]
[ info ] [ SESSION ] INIT array (
  'id' => '',
  'var_session_id' => '',
  'prefix' => 'think',
  'type' => '',
  'auto_start' => true,
)
[ info ] [ LOG ] INIT File
---------------------------------------------------------------
[ 2018-03-20T17:12:17+08:00 ] 127.0.0.1 127.0.0.1 POST /index.php/login/index
[ info ] chiqinga.com/index.php/login/index [运行时间：0.270000s][吞吐率：3.70req/s] [内存消耗：2,353.35kb] [文件加载：65]
[ info ] [ LANG ] E:\www\bolg\chiqinga\chiqinga\thinkphp\lang\zh-cn.php
[ info ] [ ROUTE ] array (
  'type' => 'module',
  'module' => 
  array (
    0 => 'admin',
    1 => 'login',
    2 => 'index',
  ),
  'convert' => false,
)
[ info ] [ HEADER ] array (
  'cookie' => 'PHPSESSID=4tu2u6l03to9r7v4ka3354id82',
  'accept-language' => 'zh-CN,zh;q=0.9,en;q=0.8',
  'accept-encoding' => 'gzip, deflate',
  'referer' => 'http://chiqinga.com/login/index',
  'content-type' => 'application/x-www-form-urlencoded; charset=UTF-8',
  'user-agent' => 'Mozilla/5.0 (Windows NT 6.1; Win64; x64) AppleWebKit/537.36 (KHTML, like Gecko) Chrome/64.0.3282.186 Safari/537.36',
  'x-requested-with' => 'XMLHttpRequest',
  'origin' => 'http://chiqinga.com',
  'accept' => 'application/json, text/javascript, */*; q=0.01',
  'content-length' => '82',
  'connection' => 'close',
  'host' => 'chiqinga.com',
)
[ info ] [ PARAM ] array (
  'user' => 'admin',
  'user_password' => 'admin',
  'iver' => 'umx',
  '__token__' => 'efbb20b24ce4a1a7573675105c825bfa',
)
[ info ] [ RUN ] app\admin\controller\Login->index[ E:\www\bolg\chiqinga\chiqinga\app\admin\controller\Login.php ]
[ info ] [ SESSION ] INIT array (
  'auto_start' => true,
  'expire' => 604800,
)
[ info ] [ DB ] INIT mysql
[ info ] [ CACHE ] INIT File
[ info ] [ LOG ] INIT File
[ sql ] [ DB ] CONNECT:[ UseTime:0.001000s ] mysql:host=127.0.0.1;dbname=chiqing;charset=utf8
[ sql ] [ SQL ] SHOW COLUMNS FROM `user` [ RunTime:0.007000s ]
[ sql ] [ SQL ] SELECT * FROM `user` WHERE  `user` = 'admin' OR `email` = 'admin' LIMIT 1 [ RunTime:0.001000s ]
[ sql ] [ SQL ] UPDATE `user`  SET `login_time`=1521537137,`login_ip`='127.0.0.1'  WHERE  `id` = 1 [ RunTime:0.001000s ]
[ sql ] [ SQL ] SHOW COLUMNS FROM `user_log` [ RunTime:0.049000s ]
[ sql ] [ SQL ] INSERT INTO `user_log` (`user` , `time` , `ip` , `location`) VALUES ('admin' , 1521537137 , '127.0.0.1' , '本地测试') [ RunTime:0.008000s ]
---------------------------------------------------------------
[ 2018-03-20T17:12:19+08:00 ] 127.0.0.1 127.0.0.1 GET /admin/index
[ info ] chiqinga.com/admin/index [运行时间：0.575000s][吞吐率：1.74req/s] [内存消耗：2,210.14kb] [文件加载：64]
[ info ] [ LANG ] E:\www\bolg\chiqinga\chiqinga\thinkphp\lang\zh-cn.php
[ info ] [ ROUTE ] array (
  'type' => 'module',
  'module' => 
  array (
    0 => 'admin',
    1 => 'index',
    2 => NULL,
  ),
)
[ info ] [ HEADER ] array (
  'cookie' => 'PHPSESSID=4tu2u6l03to9r7v4ka3354id82',
  'accept-language' => 'zh-CN,zh;q=0.9,en;q=0.8',
  'accept-encoding' => 'gzip, deflate',
  'referer' => 'http://chiqinga.com/login/index',
  'accept' => 'text/html,application/xhtml+xml,application/xml;q=0.9,image/webp,image/apng,*/*;q=0.8',
  'user-agent' => 'Mozilla/5.0 (Windows NT 6.1; Win64; x64) AppleWebKit/537.36 (KHTML, like Gecko) Chrome/64.0.3282.186 Safari/537.36',
  'upgrade-insecure-requests' => '1',
  'connection' => 'close',
  'host' => 'chiqinga.com',
)
[ info ] [ PARAM ] array (
)
[ info ] [ SESSION ] INIT array (
  'auto_start' => true,
  'expire' => 604800,
)
[ info ] [ DB ] INIT mysql
[ info ] [ RUN ] app\admin\controller\Index->index[ E:\www\bolg\chiqinga\chiqinga\app\admin\controller\Index.php ]
[ info ] [ CACHE ] INIT File
[ info ] [ VIEW ] E:\www\bolg\chiqinga\chiqinga\public/../app/admin\view\index\index.html [ array (
  0 => 'SiteaName',
  1 => 'SiteaUrl',
  2 => 'MetaCopyright',
  3 => 'RecordNo',
  4 => 'SiteaLogo',
  5 => 'affiche',
  6 => 'os',
  7 => 'log',
  8 => 'copy',
  9 => 'articled',
  10 => 'article',
  11 => 'feedback_d',
  12 => 'feedback',
  13 => 'feedbacks',
  14 => 'Copyright',
  15 => 'title',
  16 => 'user',
) ]
[ info ] [ LOG ] INIT File
[ sql ] [ DB ] CONNECT:[ UseTime:0.002000s ] mysql:host=127.0.0.1;dbname=chiqing;charset=utf8
[ sql ] [ SQL ] SHOW COLUMNS FROM `config` [ RunTime:0.037000s ]
[ sql ] [ SQL ] SELECT * FROM `config` WHERE  `type` = 'system' [ RunTime:0.010000s ]
[ sql ] [ SQL ] SHOW COLUMNS FROM `auth_group_access` [ RunTime:0.036000s ]
[ sql ] [ SQL ] SELECT * FROM `auth_group_access` `a` INNER JOIN `auth_group` `g` ON `a`.`group_id`=`g`.`id` WHERE  (  a.uid='1' and g.status='1' ) [ RunTime:0.034000s ]
[ sql ] [ SQL ] SHOW COLUMNS FROM `auth_rule` [ RunTime:0.036000s ]
[ sql ] [ SQL ] SELECT * FROM `auth_rule` WHERE  `id` IN (1,2,3,4,5,9,11,6,7,8,10,12,13,14,15,16,18,19,17,20,21,22,23,24,25,26,27,28,29,30,31,32,33,34,35,37,38,39,40,41,42,43,44,45,46,47,48,49,50,51,52)  AND `type` = 1  AND `status` = 1 [ RunTime:0.008000s ]
[ sql ] [ SQL ] SELECT `v` FROM `config` WHERE  `key` = 'Affiche' ORDER BY `id` LIMIT 1 [ RunTime:0.001000s ]
[ sql ] [ SQL ] SELECT VERSION() as version [ RunTime:0.001000s ]
[ sql ] [ SQL ] SHOW COLUMNS FROM `user_log` [ RunTime:0.008000s ]
[ sql ] [ SQL ] SELECT * FROM `user_log` ORDER BY id desc LIMIT 7 [ RunTime:0.018000s ]
[ sql ] [ SQL ] SHOW COLUMNS FROM `article` [ RunTime:0.039000s ]
[ sql ] [ SQL ] SELECT COUNT(*) AS tp_count FROM `article` WHERE  `time` > '1521475200' LIMIT 1 [ RunTime:0.014000s ]
[ sql ] [ SQL ] SELECT COUNT(*) AS tp_count FROM `article` LIMIT 1 [ RunTime:0.000000s ]
[ sql ] [ SQL ] SHOW COLUMNS FROM `feedback` [ RunTime:0.038000s ]
[ sql ] [ SQL ] SELECT COUNT(*) AS tp_count FROM `feedback` WHERE  `time` > '1521475200' LIMIT 1 [ RunTime:0.008000s ]
[ sql ] [ SQL ] SELECT COUNT(*) AS tp_count FROM `feedback` LIMIT 1 [ RunTime:0.001000s ]
[ sql ] [ SQL ] SELECT * FROM `feedback` ORDER BY `time`  desc LIMIT 5 [ RunTime:0.000000s ]
---------------------------------------------------------------
[ 2018-03-20T17:12:20+08:00 ] 127.0.0.1 127.0.0.1 POST /admin/index/index
[ info ] chiqinga.com/admin/index/index [运行时间：0.161000s][吞吐率：6.21req/s] [内存消耗：2,238.86kb] [文件加载：64]
[ info ] [ LANG ] E:\www\bolg\chiqinga\chiqinga\thinkphp\lang\zh-cn.php
[ info ] [ ROUTE ] array (
  'type' => 'module',
  'module' => 
  array (
    0 => 'admin',
    1 => 'index',
    2 => 'index',
  ),
)
[ info ] [ HEADER ] array (
  'cookie' => 'PHPSESSID=4tu2u6l03to9r7v4ka3354id82',
  'accept-language' => 'zh-CN,zh;q=0.9,en;q=0.8',
  'accept-encoding' => 'gzip, deflate',
  'referer' => 'http://chiqinga.com/admin/index',
  'user-agent' => 'Mozilla/5.0 (Windows NT 6.1; Win64; x64) AppleWebKit/537.36 (KHTML, like Gecko) Chrome/64.0.3282.186 Safari/537.36',
  'x-requested-with' => 'XMLHttpRequest',
  'origin' => 'http://chiqinga.com',
  'accept' => '*/*',
  'content-length' => '0',
  'connection' => 'close',
  'host' => 'chiqinga.com',
)
[ info ] [ PARAM ] array (
)
[ info ] [ SESSION ] INIT array (
  'auto_start' => true,
  'expire' => 604800,
)
[ info ] [ DB ] INIT mysql
[ info ] [ RUN ] app\admin\controller\Index->index[ E:\www\bolg\chiqinga\chiqinga\app\admin\controller\Index.php ]
[ info ] [ CACHE ] INIT File
[ info ] [ VIEW ] E:\www\bolg\chiqinga\chiqinga\public/../app/admin\view\index\indexs.html [ array (
  0 => 'SiteaName',
  1 => 'SiteaUrl',
  2 => 'MetaCopyright',
  3 => 'RecordNo',
  4 => 'SiteaLogo',
  5 => 'affiche',
  6 => 'os',
  7 => 'log',
  8 => 'copy',
  9 => 'articled',
  10 => 'article',
  11 => 'feedback_d',
  12 => 'feedback',
  13 => 'feedbacks',
) ]
[ info ] [ LOG ] INIT File
[ sql ] [ DB ] CONNECT:[ UseTime:0.002000s ] mysql:host=127.0.0.1;dbname=chiqing;charset=utf8
[ sql ] [ SQL ] SHOW COLUMNS FROM `config` [ RunTime:0.007000s ]
[ sql ] [ SQL ] SELECT * FROM `config` WHERE  `type` = 'system' [ RunTime:0.001000s ]
[ sql ] [ SQL ] SHOW COLUMNS FROM `auth_group_access` [ RunTime:0.007000s ]
[ sql ] [ SQL ] SELECT * FROM `auth_group_access` `a` INNER JOIN `auth_group` `g` ON `a`.`group_id`=`g`.`id` WHERE  (  a.uid='1' and g.status='1' ) [ RunTime:0.000000s ]
[ sql ] [ SQL ] SHOW COLUMNS FROM `auth_rule` [ RunTime:0.008000s ]
[ sql ] [ SQL ] SELECT * FROM `auth_rule` WHERE  `id` IN (1,2,3,4,5,9,11,6,7,8,10,12,13,14,15,16,18,19,17,20,21,22,23,24,25,26,27,28,29,30,31,32,33,34,35,37,38,39,40,41,42,43,44,45,46,47,48,49,50,51,52)  AND `type` = 1  AND `status` = 1 [ RunTime:0.001000s ]
[ sql ] [ SQL ] SELECT `v` FROM `config` WHERE  `key` = 'Affiche' ORDER BY `id` LIMIT 1 [ RunTime:0.001000s ]
[ sql ] [ SQL ] SHOW COLUMNS FROM `user_log` [ RunTime:0.007000s ]
[ sql ] [ SQL ] SELECT * FROM `user_log` ORDER BY id desc LIMIT 7 [ RunTime:0.000000s ]
[ sql ] [ SQL ] SHOW COLUMNS FROM `article` [ RunTime:0.007000s ]
[ sql ] [ SQL ] SELECT COUNT(*) AS tp_count FROM `article` WHERE  `time` > '1521475200' LIMIT 1 [ RunTime:0.001000s ]
[ sql ] [ SQL ] SELECT COUNT(*) AS tp_count FROM `article` LIMIT 1 [ RunTime:0.001000s ]
[ sql ] [ SQL ] SHOW COLUMNS FROM `feedback` [ RunTime:0.007000s ]
[ sql ] [ SQL ] SELECT COUNT(*) AS tp_count FROM `feedback` WHERE  `time` > '1521475200' LIMIT 1 [ RunTime:0.000000s ]
[ sql ] [ SQL ] SELECT COUNT(*) AS tp_count FROM `feedback` LIMIT 1 [ RunTime:0.001000s ]
[ sql ] [ SQL ] SELECT * FROM `feedback` ORDER BY `time`  desc LIMIT 5 [ RunTime:0.001000s ]
---------------------------------------------------------------
[ 2018-03-20T17:12:21+08:00 ] 127.0.0.1 127.0.0.1 POST /admin/menu/index
[ info ] chiqinga.com/admin/menu/index [运行时间：0.433600s][吞吐率：2.31req/s] [内存消耗：1,226.02kb] [文件加载：45]
[ info ] [ LANG ] E:\www\bolg\chiqinga\chiqinga\thinkphp\lang\zh-cn.php
[ info ] [ ROUTE ] array (
  'type' => 'module',
  'module' => 
  array (
    0 => 'admin',
    1 => 'menu',
    2 => 'index',
  ),
)
[ info ] [ HEADER ] array (
  'cookie' => 'PHPSESSID=4tu2u6l03to9r7v4ka3354id82',
  'accept-language' => 'zh-CN,zh;q=0.9,en;q=0.8',
  'accept-encoding' => 'gzip, deflate',
  'referer' => 'http://chiqinga.com/admin/index',
  'user-agent' => 'Mozilla/5.0 (Windows NT 6.1; Win64; x64) AppleWebKit/537.36 (KHTML, like Gecko) Chrome/64.0.3282.186 Safari/537.36',
  'x-requested-with' => 'XMLHttpRequest',
  'origin' => 'http://chiqinga.com',
  'accept' => '*/*',
  'content-length' => '0',
  'connection' => 'close',
  'host' => 'chiqinga.com',
)
[ info ] [ PARAM ] array (
)
[ info ] [ RUN ] app\admin\controller\Menu->index[ E:\www\bolg\chiqinga\chiqinga\app\admin\controller\Menu.php ]
[ info ] [ LOG ] INIT File
---------------------------------------------------------------
[ 2018-03-20T17:15:14+08:00 ] 127.0.0.1 127.0.0.1 GET /admin/index
[ info ] chiqinga.com/admin/index [运行时间：0.253000s][吞吐率：3.95req/s] [内存消耗：2,210.63kb] [文件加载：64]
[ info ] [ LANG ] E:\www\bolg\chiqinga\chiqinga\thinkphp\lang\zh-cn.php
[ info ] [ ROUTE ] array (
  'type' => 'module',
  'module' => 
  array (
    0 => 'admin',
    1 => 'index',
    2 => NULL,
  ),
)
[ info ] [ HEADER ] array (
  'cookie' => 'PHPSESSID=4tu2u6l03to9r7v4ka3354id82; danger=lock',
  'accept-language' => 'zh-CN,zh;q=0.9,en;q=0.8',
  'accept-encoding' => 'gzip, deflate',
  'referer' => 'http://chiqinga.com/login/index',
  'accept' => 'text/html,application/xhtml+xml,application/xml;q=0.9,image/webp,image/apng,*/*;q=0.8',
  'user-agent' => 'Mozilla/5.0 (Windows NT 6.1; Win64; x64) AppleWebKit/537.36 (KHTML, like Gecko) Chrome/64.0.3282.186 Safari/537.36',
  'upgrade-insecure-requests' => '1',
  'cache-control' => 'max-age=0',
  'connection' => 'close',
  'host' => 'chiqinga.com',
)
[ info ] [ PARAM ] array (
)
[ info ] [ SESSION ] INIT array (
  'auto_start' => true,
  'expire' => 604800,
)
[ info ] [ DB ] INIT mysql
[ info ] [ RUN ] app\admin\controller\Index->index[ E:\www\bolg\chiqinga\chiqinga\app\admin\controller\Index.php ]
[ info ] [ CACHE ] INIT File
[ info ] [ VIEW ] E:\www\bolg\chiqinga\chiqinga\public/../app/admin\view\index\index.html [ array (
  0 => 'SiteaName',
  1 => 'SiteaUrl',
  2 => 'MetaCopyright',
  3 => 'RecordNo',
  4 => 'SiteaLogo',
  5 => 'affiche',
  6 => 'os',
  7 => 'log',
  8 => 'copy',
  9 => 'articled',
  10 => 'article',
  11 => 'feedback_d',
  12 => 'feedback',
  13 => 'feedbacks',
  14 => 'Copyright',
  15 => 'title',
  16 => 'user',
) ]
[ info ] [ LOG ] INIT File
[ sql ] [ DB ] CONNECT:[ UseTime:0.011000s ] mysql:host=127.0.0.1;dbname=chiqing;charset=utf8
[ sql ] [ SQL ] SHOW COLUMNS FROM `config` [ RunTime:0.012000s ]
[ sql ] [ SQL ] SELECT * FROM `config` WHERE  `type` = 'system' [ RunTime:0.001000s ]
[ sql ] [ SQL ] SHOW COLUMNS FROM `auth_group_access` [ RunTime:0.010000s ]
[ sql ] [ SQL ] SELECT * FROM `auth_group_access` `a` INNER JOIN `auth_group` `g` ON `a`.`group_id`=`g`.`id` WHERE  (  a.uid='1' and g.status='1' ) [ RunTime:0.001000s ]
[ sql ] [ SQL ] SHOW COLUMNS FROM `auth_rule` [ RunTime:0.012000s ]
[ sql ] [ SQL ] SELECT * FROM `auth_rule` WHERE  `id` IN (1,2,3,4,5,9,11,6,7,8,10,12,13,14,15,16,18,19,17,20,21,22,23,24,25,26,27,28,29,30,31,32,33,34,35,37,38,39,40,41,42,43,44,45,46,47,48,49,50,51,52)  AND `type` = 1  AND `status` = 1 [ RunTime:0.002000s ]
[ sql ] [ SQL ] SELECT `v` FROM `config` WHERE  `key` = 'Affiche' ORDER BY `id` LIMIT 1 [ RunTime:0.001000s ]
[ sql ] [ SQL ] SHOW COLUMNS FROM `user_log` [ RunTime:0.011000s ]
[ sql ] [ SQL ] SELECT * FROM `user_log` ORDER BY id desc LIMIT 7 [ RunTime:0.001000s ]
[ sql ] [ SQL ] SHOW COLUMNS FROM `article` [ RunTime:0.012000s ]
[ sql ] [ SQL ] SELECT COUNT(*) AS tp_count FROM `article` WHERE  `time` > '1521475200' LIMIT 1 [ RunTime:0.001000s ]
[ sql ] [ SQL ] SELECT COUNT(*) AS tp_count FROM `article` LIMIT 1 [ RunTime:0.001000s ]
[ sql ] [ SQL ] SHOW COLUMNS FROM `feedback` [ RunTime:0.013000s ]
[ sql ] [ SQL ] SELECT COUNT(*) AS tp_count FROM `feedback` WHERE  `time` > '1521475200' LIMIT 1 [ RunTime:0.001000s ]
[ sql ] [ SQL ] SELECT COUNT(*) AS tp_count FROM `feedback` LIMIT 1 [ RunTime:0.001000s ]
[ sql ] [ SQL ] SELECT * FROM `feedback` ORDER BY `time`  desc LIMIT 5 [ RunTime:0.002000s ]
---------------------------------------------------------------
[ 2018-03-20T17:15:14+08:00 ] 127.0.0.1 127.0.0.1 POST /admin/index/index
[ info ] chiqinga.com/admin/index/index [运行时间：0.250000s][吞吐率：4.00req/s] [内存消耗：2,238.96kb] [文件加载：64]
[ info ] [ LANG ] E:\www\bolg\chiqinga\chiqinga\thinkphp\lang\zh-cn.php
[ info ] [ ROUTE ] array (
  'type' => 'module',
  'module' => 
  array (
    0 => 'admin',
    1 => 'index',
    2 => 'index',
  ),
)
[ info ] [ HEADER ] array (
  'cookie' => 'PHPSESSID=4tu2u6l03to9r7v4ka3354id82; danger=lock',
  'accept-language' => 'zh-CN,zh;q=0.9,en;q=0.8',
  'accept-encoding' => 'gzip, deflate',
  'referer' => 'http://chiqinga.com/admin/index',
  'user-agent' => 'Mozilla/5.0 (Windows NT 6.1; Win64; x64) AppleWebKit/537.36 (KHTML, like Gecko) Chrome/64.0.3282.186 Safari/537.36',
  'x-requested-with' => 'XMLHttpRequest',
  'origin' => 'http://chiqinga.com',
  'accept' => '*/*',
  'content-length' => '0',
  'connection' => 'close',
  'host' => 'chiqinga.com',
)
[ info ] [ PARAM ] array (
)
[ info ] [ SESSION ] INIT array (
  'auto_start' => true,
  'expire' => 604800,
)
[ info ] [ DB ] INIT mysql
[ info ] [ RUN ] app\admin\controller\Index->index[ E:\www\bolg\chiqinga\chiqinga\app\admin\controller\Index.php ]
[ info ] [ CACHE ] INIT File
[ info ] [ VIEW ] E:\www\bolg\chiqinga\chiqinga\public/../app/admin\view\index\indexs.html [ array (
  0 => 'SiteaName',
  1 => 'SiteaUrl',
  2 => 'MetaCopyright',
  3 => 'RecordNo',
  4 => 'SiteaLogo',
  5 => 'affiche',
  6 => 'os',
  7 => 'log',
  8 => 'copy',
  9 => 'articled',
  10 => 'article',
  11 => 'feedback_d',
  12 => 'feedback',
  13 => 'feedbacks',
) ]
[ info ] [ LOG ] INIT File
[ sql ] [ DB ] CONNECT:[ UseTime:0.002000s ] mysql:host=127.0.0.1;dbname=chiqing;charset=utf8
[ sql ] [ SQL ] SHOW COLUMNS FROM `config` [ RunTime:0.012000s ]
[ sql ] [ SQL ] SELECT * FROM `config` WHERE  `type` = 'system' [ RunTime:0.001000s ]
[ sql ] [ SQL ] SHOW COLUMNS FROM `auth_group_access` [ RunTime:0.018000s ]
[ sql ] [ SQL ] SELECT * FROM `auth_group_access` `a` INNER JOIN `auth_group` `g` ON `a`.`group_id`=`g`.`id` WHERE  (  a.uid='1' and g.status='1' ) [ RunTime:0.002000s ]
[ sql ] [ SQL ] SHOW COLUMNS FROM `auth_rule` [ RunTime:0.011000s ]
[ sql ] [ SQL ] SELECT * FROM `auth_rule` WHERE  `id` IN (1,2,3,4,5,9,11,6,7,8,10,12,13,14,15,16,18,19,17,20,21,22,23,24,25,26,27,28,29,30,31,32,33,34,35,37,38,39,40,41,42,43,44,45,46,47,48,49,50,51,52)  AND `type` = 1  AND `status` = 1 [ RunTime:0.002000s ]
[ sql ] [ SQL ] SELECT `v` FROM `config` WHERE  `key` = 'Affiche' ORDER BY `id` LIMIT 1 [ RunTime:0.001000s ]
[ sql ] [ SQL ] SHOW COLUMNS FROM `user_log` [ RunTime:0.014000s ]
[ sql ] [ SQL ] SELECT * FROM `user_log` ORDER BY id desc LIMIT 7 [ RunTime:0.001000s ]
[ sql ] [ SQL ] SHOW COLUMNS FROM `article` [ RunTime:0.013000s ]
[ sql ] [ SQL ] SELECT COUNT(*) AS tp_count FROM `article` WHERE  `time` > '1521475200' LIMIT 1 [ RunTime:0.001000s ]
[ sql ] [ SQL ] SELECT COUNT(*) AS tp_count FROM `article` LIMIT 1 [ RunTime:0.000000s ]
[ sql ] [ SQL ] SHOW COLUMNS FROM `feedback` [ RunTime:0.013000s ]
[ sql ] [ SQL ] SELECT COUNT(*) AS tp_count FROM `feedback` WHERE  `time` > '1521475200' LIMIT 1 [ RunTime:0.001000s ]
[ sql ] [ SQL ] SELECT COUNT(*) AS tp_count FROM `feedback` LIMIT 1 [ RunTime:0.001000s ]
[ sql ] [ SQL ] SELECT * FROM `feedback` ORDER BY `time`  desc LIMIT 5 [ RunTime:0.001000s ]
---------------------------------------------------------------
[ 2018-03-20T17:15:15+08:00 ] 127.0.0.1 127.0.0.1 POST /admin/menu/index
[ info ] chiqinga.com/admin/menu/index [运行时间：0.043000s][吞吐率：23.26req/s] [内存消耗：1,226.05kb] [文件加载：45]
[ info ] [ LANG ] E:\www\bolg\chiqinga\chiqinga\thinkphp\lang\zh-cn.php
[ info ] [ ROUTE ] array (
  'type' => 'module',
  'module' => 
  array (
    0 => 'admin',
    1 => 'menu',
    2 => 'index',
  ),
)
[ info ] [ HEADER ] array (
  'cookie' => 'PHPSESSID=4tu2u6l03to9r7v4ka3354id82; danger=lock',
  'accept-language' => 'zh-CN,zh;q=0.9,en;q=0.8',
  'accept-encoding' => 'gzip, deflate',
  'referer' => 'http://chiqinga.com/admin/index',
  'user-agent' => 'Mozilla/5.0 (Windows NT 6.1; Win64; x64) AppleWebKit/537.36 (KHTML, like Gecko) Chrome/64.0.3282.186 Safari/537.36',
  'x-requested-with' => 'XMLHttpRequest',
  'origin' => 'http://chiqinga.com',
  'accept' => '*/*',
  'content-length' => '0',
  'connection' => 'close',
  'host' => 'chiqinga.com',
)
[ info ] [ PARAM ] array (
)
[ info ] [ RUN ] app\admin\controller\Menu->index[ E:\www\bolg\chiqinga\chiqinga\app\admin\controller\Menu.php ]
[ info ] [ LOG ] INIT File
---------------------------------------------------------------
[ 2018-03-20T23:06:30+08:00 ] 127.0.0.1 127.0.0.1 GET /admin/index
[ info ] chiqinga.com/admin/index [运行时间：0.250000s][吞吐率：4.00req/s] [内存消耗：2,210.63kb] [文件加载：64]
[ info ] [ LANG ] E:\www\bolg\chiqinga\chiqinga\thinkphp\lang\zh-cn.php
[ info ] [ ROUTE ] array (
  'type' => 'module',
  'module' => 
  array (
    0 => 'admin',
    1 => 'index',
    2 => NULL,
  ),
)
[ info ] [ HEADER ] array (
  'cookie' => 'PHPSESSID=4tu2u6l03to9r7v4ka3354id82; danger=lock',
  'accept-language' => 'zh-CN,zh;q=0.9,en;q=0.8',
  'accept-encoding' => 'gzip, deflate',
  'referer' => 'http://chiqinga.com/login/index',
  'accept' => 'text/html,application/xhtml+xml,application/xml;q=0.9,image/webp,image/apng,*/*;q=0.8',
  'user-agent' => 'Mozilla/5.0 (Windows NT 6.1; Win64; x64) AppleWebKit/537.36 (KHTML, like Gecko) Chrome/64.0.3282.186 Safari/537.36',
  'upgrade-insecure-requests' => '1',
  'cache-control' => 'max-age=0',
  'connection' => 'close',
  'host' => 'chiqinga.com',
)
[ info ] [ PARAM ] array (
)
[ info ] [ SESSION ] INIT array (
  'auto_start' => true,
  'expire' => 604800,
)
[ info ] [ DB ] INIT mysql
[ info ] [ RUN ] app\admin\controller\Index->index[ E:\www\bolg\chiqinga\chiqinga\app\admin\controller\Index.php ]
[ info ] [ CACHE ] INIT File
[ info ] [ VIEW ] E:\www\bolg\chiqinga\chiqinga\public/../app/admin\view\index\index.html [ array (
  0 => 'SiteaName',
  1 => 'SiteaUrl',
  2 => 'MetaCopyright',
  3 => 'RecordNo',
  4 => 'SiteaLogo',
  5 => 'affiche',
  6 => 'os',
  7 => 'log',
  8 => 'copy',
  9 => 'articled',
  10 => 'article',
  11 => 'feedback_d',
  12 => 'feedback',
  13 => 'feedbacks',
  14 => 'Copyright',
  15 => 'title',
  16 => 'user',
) ]
[ info ] [ LOG ] INIT File
[ sql ] [ DB ] CONNECT:[ UseTime:0.002000s ] mysql:host=127.0.0.1;dbname=chiqing;charset=utf8
[ sql ] [ SQL ] SHOW COLUMNS FROM `config` [ RunTime:0.012000s ]
[ sql ] [ SQL ] SELECT * FROM `config` WHERE  `type` = 'system' [ RunTime:0.001000s ]
[ sql ] [ SQL ] SHOW COLUMNS FROM `auth_group_access` [ RunTime:0.012000s ]
[ sql ] [ SQL ] SELECT * FROM `auth_group_access` `a` INNER JOIN `auth_group` `g` ON `a`.`group_id`=`g`.`id` WHERE  (  a.uid='1' and g.status='1' ) [ RunTime:0.001000s ]
[ sql ] [ SQL ] SHOW COLUMNS FROM `auth_rule` [ RunTime:0.013000s ]
[ sql ] [ SQL ] SELECT * FROM `auth_rule` WHERE  `id` IN (1,2,3,4,5,9,11,6,7,8,10,12,13,14,15,16,18,19,17,20,21,22,23,24,25,26,27,28,29,30,31,32,33,34,35,37,38,39,40,41,42,43,44,45,46,47,48,49,50,51,52)  AND `type` = 1  AND `status` = 1 [ RunTime:0.002000s ]
[ sql ] [ SQL ] SELECT `v` FROM `config` WHERE  `key` = 'Affiche' ORDER BY `id` LIMIT 1 [ RunTime:0.001000s ]
[ sql ] [ SQL ] SHOW COLUMNS FROM `user_log` [ RunTime:0.012000s ]
[ sql ] [ SQL ] SELECT * FROM `user_log` ORDER BY id desc LIMIT 7 [ RunTime:0.001000s ]
[ sql ] [ SQL ] SHOW COLUMNS FROM `article` [ RunTime:0.011000s ]
[ sql ] [ SQL ] SELECT COUNT(*) AS tp_count FROM `article` WHERE  `time` > '1521475200' LIMIT 1 [ RunTime:0.001000s ]
[ sql ] [ SQL ] SELECT COUNT(*) AS tp_count FROM `article` LIMIT 1 [ RunTime:0.001000s ]
[ sql ] [ SQL ] SHOW COLUMNS FROM `feedback` [ RunTime:0.011000s ]
[ sql ] [ SQL ] SELECT COUNT(*) AS tp_count FROM `feedback` WHERE  `time` > '1521475200' LIMIT 1 [ RunTime:0.001000s ]
[ sql ] [ SQL ] SELECT COUNT(*) AS tp_count FROM `feedback` LIMIT 1 [ RunTime:0.001000s ]
[ sql ] [ SQL ] SELECT * FROM `feedback` ORDER BY `time`  desc LIMIT 5 [ RunTime:0.001000s ]
---------------------------------------------------------------
[ 2018-03-20T23:06:30+08:00 ] 127.0.0.1 127.0.0.1 POST /admin/index/index
[ info ] chiqinga.com/admin/index/index [运行时间：0.174000s][吞吐率：5.75req/s] [内存消耗：2,238.96kb] [文件加载：64]
[ info ] [ LANG ] E:\www\bolg\chiqinga\chiqinga\thinkphp\lang\zh-cn.php
[ info ] [ ROUTE ] array (
  'type' => 'module',
  'module' => 
  array (
    0 => 'admin',
    1 => 'index',
    2 => 'index',
  ),
)
[ info ] [ HEADER ] array (
  'cookie' => 'PHPSESSID=4tu2u6l03to9r7v4ka3354id82; danger=lock',
  'accept-language' => 'zh-CN,zh;q=0.9,en;q=0.8',
  'accept-encoding' => 'gzip, deflate',
  'referer' => 'http://chiqinga.com/admin/index',
  'user-agent' => 'Mozilla/5.0 (Windows NT 6.1; Win64; x64) AppleWebKit/537.36 (KHTML, like Gecko) Chrome/64.0.3282.186 Safari/537.36',
  'x-requested-with' => 'XMLHttpRequest',
  'origin' => 'http://chiqinga.com',
  'accept' => '*/*',
  'content-length' => '0',
  'connection' => 'close',
  'host' => 'chiqinga.com',
)
[ info ] [ PARAM ] array (
)
[ info ] [ SESSION ] INIT array (
  'auto_start' => true,
  'expire' => 604800,
)
[ info ] [ DB ] INIT mysql
[ info ] [ RUN ] app\admin\controller\Index->index[ E:\www\bolg\chiqinga\chiqinga\app\admin\controller\Index.php ]
[ info ] [ CACHE ] INIT File
[ info ] [ VIEW ] E:\www\bolg\chiqinga\chiqinga\public/../app/admin\view\index\indexs.html [ array (
  0 => 'SiteaName',
  1 => 'SiteaUrl',
  2 => 'MetaCopyright',
  3 => 'RecordNo',
  4 => 'SiteaLogo',
  5 => 'affiche',
  6 => 'os',
  7 => 'log',
  8 => 'copy',
  9 => 'articled',
  10 => 'article',
  11 => 'feedback_d',
  12 => 'feedback',
  13 => 'feedbacks',
) ]
[ info ] [ LOG ] INIT File
[ sql ] [ DB ] CONNECT:[ UseTime:0.011000s ] mysql:host=127.0.0.1;dbname=chiqing;charset=utf8
[ sql ] [ SQL ] SHOW COLUMNS FROM `config` [ RunTime:0.009000s ]
[ sql ] [ SQL ] SELECT * FROM `config` WHERE  `type` = 'system' [ RunTime:0.001000s ]
[ sql ] [ SQL ] SHOW COLUMNS FROM `auth_group_access` [ RunTime:0.009000s ]
[ sql ] [ SQL ] SELECT * FROM `auth_group_access` `a` INNER JOIN `auth_group` `g` ON `a`.`group_id`=`g`.`id` WHERE  (  a.uid='1' and g.status='1' ) [ RunTime:0.001000s ]
[ sql ] [ SQL ] SHOW COLUMNS FROM `auth_rule` [ RunTime:0.009000s ]
[ sql ] [ SQL ] SELECT * FROM `auth_rule` WHERE  `id` IN (1,2,3,4,5,9,11,6,7,8,10,12,13,14,15,16,18,19,17,20,21,22,23,24,25,26,27,28,29,30,31,32,33,34,35,37,38,39,40,41,42,43,44,45,46,47,48,49,50,51,52)  AND `type` = 1  AND `status` = 1 [ RunTime:0.001000s ]
[ sql ] [ SQL ] SELECT `v` FROM `config` WHERE  `key` = 'Affiche' ORDER BY `id` LIMIT 1 [ RunTime:0.001000s ]
[ sql ] [ SQL ] SHOW COLUMNS FROM `user_log` [ RunTime:0.009000s ]
[ sql ] [ SQL ] SELECT * FROM `user_log` ORDER BY id desc LIMIT 7 [ RunTime:0.001000s ]
[ sql ] [ SQL ] SHOW COLUMNS FROM `article` [ RunTime:0.008000s ]
[ sql ] [ SQL ] SELECT COUNT(*) AS tp_count FROM `article` WHERE  `time` > '1521475200' LIMIT 1 [ RunTime:0.001000s ]
[ sql ] [ SQL ] SELECT COUNT(*) AS tp_count FROM `article` LIMIT 1 [ RunTime:0.001000s ]
[ sql ] [ SQL ] SHOW COLUMNS FROM `feedback` [ RunTime:0.009000s ]
[ sql ] [ SQL ] SELECT COUNT(*) AS tp_count FROM `feedback` WHERE  `time` > '1521475200' LIMIT 1 [ RunTime:0.001000s ]
[ sql ] [ SQL ] SELECT COUNT(*) AS tp_count FROM `feedback` LIMIT 1 [ RunTime:0.001000s ]
[ sql ] [ SQL ] SELECT * FROM `feedback` ORDER BY `time`  desc LIMIT 5 [ RunTime:0.001000s ]
---------------------------------------------------------------
[ 2018-03-20T23:06:31+08:00 ] 127.0.0.1 127.0.0.1 POST /admin/menu/index
[ info ] chiqinga.com/admin/menu/index [运行时间：0.061000s][吞吐率：16.39req/s] [内存消耗：1,226.05kb] [文件加载：45]
[ info ] [ LANG ] E:\www\bolg\chiqinga\chiqinga\thinkphp\lang\zh-cn.php
[ info ] [ ROUTE ] array (
  'type' => 'module',
  'module' => 
  array (
    0 => 'admin',
    1 => 'menu',
    2 => 'index',
  ),
)
[ info ] [ HEADER ] array (
  'cookie' => 'PHPSESSID=4tu2u6l03to9r7v4ka3354id82; danger=lock',
  'accept-language' => 'zh-CN,zh;q=0.9,en;q=0.8',
  'accept-encoding' => 'gzip, deflate',
  'referer' => 'http://chiqinga.com/admin/index',
  'user-agent' => 'Mozilla/5.0 (Windows NT 6.1; Win64; x64) AppleWebKit/537.36 (KHTML, like Gecko) Chrome/64.0.3282.186 Safari/537.36',
  'x-requested-with' => 'XMLHttpRequest',
  'origin' => 'http://chiqinga.com',
  'accept' => '*/*',
  'content-length' => '0',
  'connection' => 'close',
  'host' => 'chiqinga.com',
)
[ info ] [ PARAM ] array (
)
[ info ] [ RUN ] app\admin\controller\Menu->index[ E:\www\bolg\chiqinga\chiqinga\app\admin\controller\Menu.php ]
[ info ] [ LOG ] INIT File
---------------------------------------------------------------
[ 2018-03-20T23:06:50+08:00 ] 127.0.0.1 127.0.0.1 POST /admin/article
[ info ] chiqinga.com/admin/article [运行时间：0.416000s][吞吐率：2.40req/s] [内存消耗：2,475.89kb] [文件加载：70]
[ info ] [ LANG ] E:\www\bolg\chiqinga\chiqinga\thinkphp\lang\zh-cn.php
[ info ] [ ROUTE ] array (
  'type' => 'module',
  'module' => 
  array (
    0 => 'admin',
    1 => 'article',
    2 => NULL,
  ),
)
[ info ] [ HEADER ] array (
  'cookie' => 'PHPSESSID=4tu2u6l03to9r7v4ka3354id82; danger=lock',
  'accept-language' => 'zh-CN,zh;q=0.9,en;q=0.8',
  'accept-encoding' => 'gzip, deflate',
  'referer' => 'http://chiqinga.com/admin/index',
  'user-agent' => 'Mozilla/5.0 (Windows NT 6.1; Win64; x64) AppleWebKit/537.36 (KHTML, like Gecko) Chrome/64.0.3282.186 Safari/537.36',
  'x-requested-with' => 'XMLHttpRequest',
  'origin' => 'http://chiqinga.com',
  'accept' => '*/*',
  'content-length' => '0',
  'connection' => 'close',
  'host' => 'chiqinga.com',
)
[ info ] [ PARAM ] array (
)
[ info ] [ SESSION ] INIT array (
  'auto_start' => true,
  'expire' => 604800,
)
[ info ] [ DB ] INIT mysql
[ info ] [ RUN ] app\admin\controller\Article->index[ E:\www\bolg\chiqinga\chiqinga\app\admin\controller\Article.php ]
[ info ] [ VIEW ] E:\www\bolg\chiqinga\chiqinga\public/../app/admin\view\article\index.html [ array (
  0 => 'SiteaName',
  1 => 'SiteaUrl',
  2 => 'MetaCopyright',
  3 => 'RecordNo',
  4 => 'SiteaLogo',
  5 => 'list',
) ]
[ info ] [ LOG ] INIT File
[ sql ] [ DB ] CONNECT:[ UseTime:0.010000s ] mysql:host=127.0.0.1;dbname=chiqing;charset=utf8
[ sql ] [ SQL ] SHOW COLUMNS FROM `config` [ RunTime:0.010000s ]
[ sql ] [ SQL ] SELECT * FROM `config` WHERE  `type` = 'system' [ RunTime:0.000000s ]
[ sql ] [ SQL ] SHOW COLUMNS FROM `auth_group_access` [ RunTime:0.010000s ]
[ sql ] [ SQL ] SELECT * FROM `auth_group_access` `a` INNER JOIN `auth_group` `g` ON `a`.`group_id`=`g`.`id` WHERE  (  a.uid='1' and g.status='1' ) [ RunTime:0.000000s ]
[ sql ] [ SQL ] SHOW COLUMNS FROM `auth_rule` [ RunTime:0.010000s ]
[ sql ] [ SQL ] SELECT * FROM `auth_rule` WHERE  `id` IN (1,2,3,4,5,9,11,6,7,8,10,12,13,14,15,16,18,19,17,20,21,22,23,24,25,26,27,28,29,30,31,32,33,34,35,37,38,39,40,41,42,43,44,45,46,47,48,49,50,51,52)  AND `type` = 1  AND `status` = 1 [ RunTime:0.002000s ]
[ sql ] [ SQL ] SHOW COLUMNS FROM `article` [ RunTime:0.010000s ]
[ sql ] [ SQL ] SELECT COUNT(*) AS tp_count FROM `article` LIMIT 1 [ RunTime:0.000000s ]
[ sql ] [ SQL ] SELECT `id`,`cid`,`title`,`duction`,`thumb`,`keywords`,`author`,`tag`,`istop`,`isshow`,`time`,`number`,`feedback`,`ip` FROM `article` ORDER BY id desc LIMIT 0,12 [ RunTime:0.000000s ]
[ sql ] [ SQL ] SHOW COLUMNS FROM `category` [ RunTime:0.040000s ]
[ sql ] [ SQL ] SELECT * FROM `category` WHERE  `id` = 9 LIMIT 1 [ RunTime:0.000000s ]
[ sql ] [ SQL ] SELECT * FROM `category` WHERE  `id` = 11 LIMIT 1 [ RunTime:0.000000s ]
[ sql ] [ SQL ] SELECT * FROM `category` WHERE  `id` = 17 LIMIT 1 [ RunTime:0.000000s ]
[ sql ] [ SQL ] SELECT * FROM `category` WHERE  `id` = 10 LIMIT 1 [ RunTime:0.000000s ]
