---------------------------------------------------------------
[ 2018-02-13T12:32:23+08:00 ] 127.0.0.1 127.0.0.1 GET /admin/index
[ info ] chiqinga.com/admin/index [运行时间：4.215000s][吞吐率：0.24req/s] [内存消耗：2,210.26kb] [文件加载：64]
[ info ] [ LANG ] E:\www\bolg\chiqinga\chiqinga\thinkphp\lang\zh-cn.php
[ info ] [ ROUTE ] array (
  'type' => 'module',
  'module' => 
  array (
    0 => 'admin',
    1 => 'index',
    2 => NULL,
  ),
)
[ info ] [ HEADER ] array (
  'cookie' => 'PHPSESSID=b36369ccggkf34g5d3erck4cd5',
  'accept-language' => 'zh-CN,zh;q=0.9,en;q=0.8',
  'accept-encoding' => 'gzip, deflate',
  'accept' => 'text/html,application/xhtml+xml,application/xml;q=0.9,image/webp,image/apng,*/*;q=0.8',
  'user-agent' => 'Mozilla/5.0 (Windows NT 6.1; Win64; x64) AppleWebKit/537.36 (KHTML, like Gecko) Chrome/64.0.3282.140 Safari/537.36',
  'upgrade-insecure-requests' => '1',
  'connection' => 'close',
  'host' => 'chiqinga.com',
)
[ info ] [ PARAM ] array (
)
[ info ] [ SESSION ] INIT array (
  'auto_start' => true,
  'expire' => 604800,
)
[ info ] [ DB ] INIT mysql
[ info ] [ RUN ] app\admin\controller\Index->index[ E:\www\bolg\chiqinga\chiqinga\app\admin\controller\Index.php ]
[ info ] [ CACHE ] INIT File
[ info ] [ VIEW ] E:\www\bolg\chiqinga\chiqinga\public/../app/admin\view\index\index.html [ array (
  0 => 'SiteaName',
  1 => 'SiteaUrl',
  2 => 'MetaCopyright',
  3 => 'RecordNo',
  4 => 'SiteaLogo',
  5 => 'affiche',
  6 => 'os',
  7 => 'log',
  8 => 'copy',
  9 => 'articled',
  10 => 'article',
  11 => 'feedback_d',
  12 => 'feedback',
  13 => 'feedbacks',
  14 => 'Copyright',
  15 => 'title',
  16 => 'user',
) ]
[ info ] [ LOG ] INIT File
[ sql ] [ DB ] CONNECT:[ UseTime:0.037000s ] mysql:host=127.0.0.1;dbname=chiqing;charset=utf8
[ sql ] [ SQL ] SHOW COLUMNS FROM `config` [ RunTime:0.113000s ]
[ sql ] [ SQL ] SELECT * FROM `config` WHERE  `type` = 'system' [ RunTime:0.031000s ]
[ sql ] [ SQL ] SHOW COLUMNS FROM `auth_group_access` [ RunTime:0.202000s ]
[ sql ] [ SQL ] SELECT * FROM `auth_group_access` `a` INNER JOIN `auth_group` `g` ON `a`.`group_id`=`g`.`id` WHERE  (  a.uid='1' and g.status='1' ) [ RunTime:0.165000s ]
[ sql ] [ SQL ] SHOW COLUMNS FROM `auth_rule` [ RunTime:0.110000s ]
[ sql ] [ SQL ] SELECT * FROM `auth_rule` WHERE  `id` IN (1,2,3,4,5,9,11,6,7,8,10,12,13,14,15,16,18,19,17,20,21,22,23,24,25,26,27,28,29,30,31,32,33,34,35,37,38,39,40,41,42,43,44,45,46,47,48,49,50,51,52)  AND `type` = 1  AND `status` = 1 [ RunTime:0.038000s ]
[ sql ] [ SQL ] SELECT `v` FROM `config` WHERE  `key` = 'Affiche' ORDER BY `id` LIMIT 1 [ RunTime:0.001000s ]
[ sql ] [ SQL ] SHOW COLUMNS FROM `user_log` [ RunTime:0.208000s ]
[ sql ] [ SQL ] SELECT * FROM `user_log` ORDER BY id desc LIMIT 7 [ RunTime:0.085000s ]
[ sql ] [ SQL ] SHOW COLUMNS FROM `article` [ RunTime:0.172000s ]
[ sql ] [ SQL ] SELECT COUNT(*) AS tp_count FROM `article` WHERE  `time` > '1518451200' LIMIT 1 [ RunTime:0.091000s ]
[ sql ] [ SQL ] SELECT COUNT(*) AS tp_count FROM `article` LIMIT 1 [ RunTime:0.001000s ]
[ sql ] [ SQL ] SHOW COLUMNS FROM `feedback` [ RunTime:0.121000s ]
[ sql ] [ SQL ] SELECT COUNT(*) AS tp_count FROM `feedback` WHERE  `time` > '1518451200' LIMIT 1 [ RunTime:0.058000s ]
[ sql ] [ SQL ] SELECT COUNT(*) AS tp_count FROM `feedback` LIMIT 1 [ RunTime:0.001000s ]
[ sql ] [ SQL ] SELECT * FROM `feedback` ORDER BY `time`  desc LIMIT 5 [ RunTime:0.001000s ]
---------------------------------------------------------------
[ 2018-02-13T12:32:24+08:00 ] 127.0.0.1 127.0.0.1 GET /admin/index
[ info ] chiqinga.com/admin/index [运行时间：0.222000s][吞吐率：4.50req/s] [内存消耗：2,210.26kb] [文件加载：64]
[ info ] [ LANG ] E:\www\bolg\chiqinga\chiqinga\thinkphp\lang\zh-cn.php
[ info ] [ ROUTE ] array (
  'type' => 'module',
  'module' => 
  array (
    0 => 'admin',
    1 => 'index',
    2 => NULL,
  ),
)
[ info ] [ HEADER ] array (
  'cookie' => 'PHPSESSID=b36369ccggkf34g5d3erck4cd5',
  'accept-language' => 'zh-CN,zh;q=0.9,en;q=0.8',
  'accept-encoding' => 'gzip, deflate',
  'accept' => 'text/html,application/xhtml+xml,application/xml;q=0.9,image/webp,image/apng,*/*;q=0.8',
  'user-agent' => 'Mozilla/5.0 (Windows NT 6.1; Win64; x64) AppleWebKit/537.36 (KHTML, like Gecko) Chrome/64.0.3282.140 Safari/537.36',
  'upgrade-insecure-requests' => '1',
  'connection' => 'close',
  'host' => 'chiqinga.com',
)
[ info ] [ PARAM ] array (
)
[ info ] [ SESSION ] INIT array (
  'auto_start' => true,
  'expire' => 604800,
)
[ info ] [ DB ] INIT mysql
[ info ] [ RUN ] app\admin\controller\Index->index[ E:\www\bolg\chiqinga\chiqinga\app\admin\controller\Index.php ]
[ info ] [ CACHE ] INIT File
[ info ] [ VIEW ] E:\www\bolg\chiqinga\chiqinga\public/../app/admin\view\index\index.html [ array (
  0 => 'SiteaName',
  1 => 'SiteaUrl',
  2 => 'MetaCopyright',
  3 => 'RecordNo',
  4 => 'SiteaLogo',
  5 => 'affiche',
  6 => 'os',
  7 => 'log',
  8 => 'copy',
  9 => 'articled',
  10 => 'article',
  11 => 'feedback_d',
  12 => 'feedback',
  13 => 'feedbacks',
  14 => 'Copyright',
  15 => 'title',
  16 => 'user',
) ]
[ info ] [ LOG ] INIT File
[ sql ] [ DB ] CONNECT:[ UseTime:0.004000s ] mysql:host=127.0.0.1;dbname=chiqing;charset=utf8
[ sql ] [ SQL ] SHOW COLUMNS FROM `config` [ RunTime:0.012000s ]
[ sql ] [ SQL ] SELECT * FROM `config` WHERE  `type` = 'system' [ RunTime:0.002000s ]
[ sql ] [ SQL ] SHOW COLUMNS FROM `auth_group_access` [ RunTime:0.012000s ]
[ sql ] [ SQL ] SELECT * FROM `auth_group_access` `a` INNER JOIN `auth_group` `g` ON `a`.`group_id`=`g`.`id` WHERE  (  a.uid='1' and g.status='1' ) [ RunTime:0.001000s ]
[ sql ] [ SQL ] SHOW COLUMNS FROM `auth_rule` [ RunTime:0.012000s ]
[ sql ] [ SQL ] SELECT * FROM `auth_rule` WHERE  `id` IN (1,2,3,4,5,9,11,6,7,8,10,12,13,14,15,16,18,19,17,20,21,22,23,24,25,26,27,28,29,30,31,32,33,34,35,37,38,39,40,41,42,43,44,45,46,47,48,49,50,51,52)  AND `type` = 1  AND `status` = 1 [ RunTime:0.003000s ]
[ sql ] [ SQL ] SELECT `v` FROM `config` WHERE  `key` = 'Affiche' ORDER BY `id` LIMIT 1 [ RunTime:0.001000s ]
[ sql ] [ SQL ] SHOW COLUMNS FROM `user_log` [ RunTime:0.011000s ]
[ sql ] [ SQL ] SELECT * FROM `user_log` ORDER BY id desc LIMIT 7 [ RunTime:0.001000s ]
[ sql ] [ SQL ] SHOW COLUMNS FROM `article` [ RunTime:0.013000s ]
[ sql ] [ SQL ] SELECT COUNT(*) AS tp_count FROM `article` WHERE  `time` > '1518451200' LIMIT 1 [ RunTime:0.001000s ]
[ sql ] [ SQL ] SELECT COUNT(*) AS tp_count FROM `article` LIMIT 1 [ RunTime:0.001000s ]
[ sql ] [ SQL ] SHOW COLUMNS FROM `feedback` [ RunTime:0.012000s ]
[ sql ] [ SQL ] SELECT COUNT(*) AS tp_count FROM `feedback` WHERE  `time` > '1518451200' LIMIT 1 [ RunTime:0.001000s ]
[ sql ] [ SQL ] SELECT COUNT(*) AS tp_count FROM `feedback` LIMIT 1 [ RunTime:0.001000s ]
[ sql ] [ SQL ] SELECT * FROM `feedback` ORDER BY `time`  desc LIMIT 5 [ RunTime:0.002000s ]
---------------------------------------------------------------
[ 2018-02-13T12:32:25+08:00 ] 127.0.0.1 127.0.0.1 POST /admin/menu/index
[ info ] chiqinga.com/admin/menu/index [运行时间：0.285000s][吞吐率：3.51req/s] [内存消耗：1,226.02kb] [文件加载：45]
[ info ] [ LANG ] E:\www\bolg\chiqinga\chiqinga\thinkphp\lang\zh-cn.php
[ info ] [ ROUTE ] array (
  'type' => 'module',
  'module' => 
  array (
    0 => 'admin',
    1 => 'menu',
    2 => 'index',
  ),
)
[ info ] [ HEADER ] array (
  'cookie' => 'PHPSESSID=b36369ccggkf34g5d3erck4cd5',
  'accept-language' => 'zh-CN,zh;q=0.9,en;q=0.8',
  'accept-encoding' => 'gzip, deflate',
  'referer' => 'http://chiqinga.com/admin/index',
  'user-agent' => 'Mozilla/5.0 (Windows NT 6.1; Win64; x64) AppleWebKit/537.36 (KHTML, like Gecko) Chrome/64.0.3282.140 Safari/537.36',
  'x-requested-with' => 'XMLHttpRequest',
  'origin' => 'http://chiqinga.com',
  'accept' => '*/*',
  'content-length' => '0',
  'connection' => 'close',
  'host' => 'chiqinga.com',
)
[ info ] [ PARAM ] array (
)
[ info ] [ RUN ] app\admin\controller\Menu->index[ E:\www\bolg\chiqinga\chiqinga\app\admin\controller\Menu.php ]
[ info ] [ LOG ] INIT File
---------------------------------------------------------------
[ 2018-02-13T12:32:26+08:00 ] 127.0.0.1 127.0.0.1 POST /admin/index/index
[ info ] chiqinga.com/admin/index/index [运行时间：0.479000s][吞吐率：2.09req/s] [内存消耗：2,238.94kb] [文件加载：64]
[ info ] [ LANG ] E:\www\bolg\chiqinga\chiqinga\thinkphp\lang\zh-cn.php
[ info ] [ ROUTE ] array (
  'type' => 'module',
  'module' => 
  array (
    0 => 'admin',
    1 => 'index',
    2 => 'index',
  ),
)
[ info ] [ HEADER ] array (
  'cookie' => 'PHPSESSID=b36369ccggkf34g5d3erck4cd5',
  'accept-language' => 'zh-CN,zh;q=0.9,en;q=0.8',
  'accept-encoding' => 'gzip, deflate',
  'referer' => 'http://chiqinga.com/admin/index',
  'user-agent' => 'Mozilla/5.0 (Windows NT 6.1; Win64; x64) AppleWebKit/537.36 (KHTML, like Gecko) Chrome/64.0.3282.140 Safari/537.36',
  'x-requested-with' => 'XMLHttpRequest',
  'origin' => 'http://chiqinga.com',
  'accept' => '*/*',
  'content-length' => '0',
  'connection' => 'close',
  'host' => 'chiqinga.com',
)
[ info ] [ PARAM ] array (
)
[ info ] [ SESSION ] INIT array (
  'auto_start' => true,
  'expire' => 604800,
)
[ info ] [ DB ] INIT mysql
[ info ] [ RUN ] app\admin\controller\Index->index[ E:\www\bolg\chiqinga\chiqinga\app\admin\controller\Index.php ]
[ info ] [ CACHE ] INIT File
[ info ] [ VIEW ] E:\www\bolg\chiqinga\chiqinga\public/../app/admin\view\index\indexs.html [ array (
  0 => 'SiteaName',
  1 => 'SiteaUrl',
  2 => 'MetaCopyright',
  3 => 'RecordNo',
  4 => 'SiteaLogo',
  5 => 'affiche',
  6 => 'os',
  7 => 'log',
  8 => 'copy',
  9 => 'articled',
  10 => 'article',
  11 => 'feedback_d',
  12 => 'feedback',
  13 => 'feedbacks',
) ]
[ info ] [ LOG ] INIT File
[ sql ] [ DB ] CONNECT:[ UseTime:0.011000s ] mysql:host=127.0.0.1;dbname=chiqing;charset=utf8
[ sql ] [ SQL ] SHOW COLUMNS FROM `config` [ RunTime:0.011000s ]
[ sql ] [ SQL ] SELECT * FROM `config` WHERE  `type` = 'system' [ RunTime:0.001000s ]
[ sql ] [ SQL ] SHOW COLUMNS FROM `auth_group_access` [ RunTime:0.010000s ]
[ sql ] [ SQL ] SELECT * FROM `auth_group_access` `a` INNER JOIN `auth_group` `g` ON `a`.`group_id`=`g`.`id` WHERE  (  a.uid='1' and g.status='1' ) [ RunTime:0.001000s ]
[ sql ] [ SQL ] SHOW COLUMNS FROM `auth_rule` [ RunTime:0.011000s ]
[ sql ] [ SQL ] SELECT * FROM `auth_rule` WHERE  `id` IN (1,2,3,4,5,9,11,6,7,8,10,12,13,14,15,16,18,19,17,20,21,22,23,24,25,26,27,28,29,30,31,32,33,34,35,37,38,39,40,41,42,43,44,45,46,47,48,49,50,51,52)  AND `type` = 1  AND `status` = 1 [ RunTime:0.002000s ]
[ sql ] [ SQL ] SELECT `v` FROM `config` WHERE  `key` = 'Affiche' ORDER BY `id` LIMIT 1 [ RunTime:0.001000s ]
[ sql ] [ SQL ] SHOW COLUMNS FROM `user_log` [ RunTime:0.011000s ]
[ sql ] [ SQL ] SELECT * FROM `user_log` ORDER BY id desc LIMIT 7 [ RunTime:0.001000s ]
[ sql ] [ SQL ] SHOW COLUMNS FROM `article` [ RunTime:0.015000s ]
[ sql ] [ SQL ] SELECT COUNT(*) AS tp_count FROM `article` WHERE  `time` > '1518451200' LIMIT 1 [ RunTime:0.001000s ]
[ sql ] [ SQL ] SELECT COUNT(*) AS tp_count FROM `article` LIMIT 1 [ RunTime:0.001000s ]
[ sql ] [ SQL ] SHOW COLUMNS FROM `feedback` [ RunTime:0.018000s ]
[ sql ] [ SQL ] SELECT COUNT(*) AS tp_count FROM `feedback` WHERE  `time` > '1518451200' LIMIT 1 [ RunTime:0.001000s ]
[ sql ] [ SQL ] SELECT COUNT(*) AS tp_count FROM `feedback` LIMIT 1 [ RunTime:0.000000s ]
[ sql ] [ SQL ] SELECT * FROM `feedback` ORDER BY `time`  desc LIMIT 5 [ RunTime:0.002000s ]
---------------------------------------------------------------
[ 2018-02-13T12:33:19+08:00 ] 127.0.0.1 127.0.0.1 GET /admin/index
[ info ] chiqinga.com/admin/index [运行时间：0.229000s][吞吐率：4.37req/s] [内存消耗：2,210.56kb] [文件加载：64]
[ info ] [ LANG ] E:\www\bolg\chiqinga\chiqinga\thinkphp\lang\zh-cn.php
[ info ] [ ROUTE ] array (
  'type' => 'module',
  'module' => 
  array (
    0 => 'admin',
    1 => 'index',
    2 => NULL,
  ),
)
[ info ] [ HEADER ] array (
  'cookie' => 'PHPSESSID=b36369ccggkf34g5d3erck4cd5; danger=lock',
  'accept-language' => 'zh-CN,zh;q=0.9,en;q=0.8',
  'accept-encoding' => 'gzip, deflate',
  'accept' => 'text/html,application/xhtml+xml,application/xml;q=0.9,image/webp,image/apng,*/*;q=0.8',
  'user-agent' => 'Mozilla/5.0 (Windows NT 6.1; Win64; x64) AppleWebKit/537.36 (KHTML, like Gecko) Chrome/64.0.3282.140 Safari/537.36',
  'upgrade-insecure-requests' => '1',
  'cache-control' => 'max-age=0',
  'connection' => 'close',
  'host' => 'chiqinga.com',
)
[ info ] [ PARAM ] array (
)
[ info ] [ SESSION ] INIT array (
  'auto_start' => true,
  'expire' => 604800,
)
[ info ] [ DB ] INIT mysql
[ info ] [ RUN ] app\admin\controller\Index->index[ E:\www\bolg\chiqinga\chiqinga\app\admin\controller\Index.php ]
[ info ] [ CACHE ] INIT File
[ info ] [ VIEW ] E:\www\bolg\chiqinga\chiqinga\public/../app/admin\view\index\index.html [ array (
  0 => 'SiteaName',
  1 => 'SiteaUrl',
  2 => 'MetaCopyright',
  3 => 'RecordNo',
  4 => 'SiteaLogo',
  5 => 'affiche',
  6 => 'os',
  7 => 'log',
  8 => 'copy',
  9 => 'articled',
  10 => 'article',
  11 => 'feedback_d',
  12 => 'feedback',
  13 => 'feedbacks',
  14 => 'Copyright',
  15 => 'title',
  16 => 'user',
) ]
[ info ] [ LOG ] INIT File
[ sql ] [ DB ] CONNECT:[ UseTime:0.002000s ] mysql:host=127.0.0.1;dbname=chiqing;charset=utf8
[ sql ] [ SQL ] SHOW COLUMNS FROM `config` [ RunTime:0.013000s ]
[ sql ] [ SQL ] SELECT * FROM `config` WHERE  `type` = 'system' [ RunTime:0.001000s ]
[ sql ] [ SQL ] SHOW COLUMNS FROM `auth_group_access` [ RunTime:0.012000s ]
[ sql ] [ SQL ] SELECT * FROM `auth_group_access` `a` INNER JOIN `auth_group` `g` ON `a`.`group_id`=`g`.`id` WHERE  (  a.uid='1' and g.status='1' ) [ RunTime:0.001000s ]
[ sql ] [ SQL ] SHOW COLUMNS FROM `auth_rule` [ RunTime:0.013000s ]
[ sql ] [ SQL ] SELECT * FROM `auth_rule` WHERE  `id` IN (1,2,3,4,5,9,11,6,7,8,10,12,13,14,15,16,18,19,17,20,21,22,23,24,25,26,27,28,29,30,31,32,33,34,35,37,38,39,40,41,42,43,44,45,46,47,48,49,50,51,52)  AND `type` = 1  AND `status` = 1 [ RunTime:0.003000s ]
[ sql ] [ SQL ] SELECT `v` FROM `config` WHERE  `key` = 'Affiche' ORDER BY `id` LIMIT 1 [ RunTime:0.002000s ]
[ sql ] [ SQL ] SHOW COLUMNS FROM `user_log` [ RunTime:0.015000s ]
[ sql ] [ SQL ] SELECT * FROM `user_log` ORDER BY id desc LIMIT 7 [ RunTime:0.002000s ]
[ sql ] [ SQL ] SHOW COLUMNS FROM `article` [ RunTime:0.015000s ]
[ sql ] [ SQL ] SELECT COUNT(*) AS tp_count FROM `article` WHERE  `time` > '1518451200' LIMIT 1 [ RunTime:0.001000s ]
[ sql ] [ SQL ] SELECT COUNT(*) AS tp_count FROM `article` LIMIT 1 [ RunTime:0.001000s ]
[ sql ] [ SQL ] SHOW COLUMNS FROM `feedback` [ RunTime:0.017000s ]
[ sql ] [ SQL ] SELECT COUNT(*) AS tp_count FROM `feedback` WHERE  `time` > '1518451200' LIMIT 1 [ RunTime:0.002000s ]
[ sql ] [ SQL ] SELECT COUNT(*) AS tp_count FROM `feedback` LIMIT 1 [ RunTime:0.001000s ]
[ sql ] [ SQL ] SELECT * FROM `feedback` ORDER BY `time`  desc LIMIT 5 [ RunTime:0.003000s ]
---------------------------------------------------------------
[ 2018-02-13T12:33:20+08:00 ] 127.0.0.1 127.0.0.1 POST /admin/menu/index
[ info ] chiqinga.com/admin/menu/index [运行时间：0.056000s][吞吐率：17.86req/s] [内存消耗：1,226.05kb] [文件加载：45]
[ info ] [ LANG ] E:\www\bolg\chiqinga\chiqinga\thinkphp\lang\zh-cn.php
[ info ] [ ROUTE ] array (
  'type' => 'module',
  'module' => 
  array (
    0 => 'admin',
    1 => 'menu',
    2 => 'index',
  ),
)
[ info ] [ HEADER ] array (
  'cookie' => 'PHPSESSID=b36369ccggkf34g5d3erck4cd5; danger=lock',
  'accept-language' => 'zh-CN,zh;q=0.9,en;q=0.8',
  'accept-encoding' => 'gzip, deflate',
  'referer' => 'http://chiqinga.com/admin/index',
  'user-agent' => 'Mozilla/5.0 (Windows NT 6.1; Win64; x64) AppleWebKit/537.36 (KHTML, like Gecko) Chrome/64.0.3282.140 Safari/537.36',
  'x-requested-with' => 'XMLHttpRequest',
  'origin' => 'http://chiqinga.com',
  'accept' => '*/*',
  'content-length' => '0',
  'connection' => 'close',
  'host' => 'chiqinga.com',
)
[ info ] [ PARAM ] array (
)
[ info ] [ RUN ] app\admin\controller\Menu->index[ E:\www\bolg\chiqinga\chiqinga\app\admin\controller\Menu.php ]
[ info ] [ LOG ] INIT File
---------------------------------------------------------------
[ 2018-02-13T12:33:20+08:00 ] 127.0.0.1 127.0.0.1 POST /admin/index/index
[ info ] chiqinga.com/admin/index/index [运行时间：0.199000s][吞吐率：5.03req/s] [内存消耗：2,238.96kb] [文件加载：64]
[ info ] [ LANG ] E:\www\bolg\chiqinga\chiqinga\thinkphp\lang\zh-cn.php
[ info ] [ ROUTE ] array (
  'type' => 'module',
  'module' => 
  array (
    0 => 'admin',
    1 => 'index',
    2 => 'index',
  ),
)
[ info ] [ HEADER ] array (
  'cookie' => 'PHPSESSID=b36369ccggkf34g5d3erck4cd5; danger=lock',
  'accept-language' => 'zh-CN,zh;q=0.9,en;q=0.8',
  'accept-encoding' => 'gzip, deflate',
  'referer' => 'http://chiqinga.com/admin/index',
  'user-agent' => 'Mozilla/5.0 (Windows NT 6.1; Win64; x64) AppleWebKit/537.36 (KHTML, like Gecko) Chrome/64.0.3282.140 Safari/537.36',
  'x-requested-with' => 'XMLHttpRequest',
  'origin' => 'http://chiqinga.com',
  'accept' => '*/*',
  'content-length' => '0',
  'connection' => 'close',
  'host' => 'chiqinga.com',
)
[ info ] [ PARAM ] array (
)
[ info ] [ SESSION ] INIT array (
  'auto_start' => true,
  'expire' => 604800,
)
[ info ] [ DB ] INIT mysql
[ info ] [ RUN ] app\admin\controller\Index->index[ E:\www\bolg\chiqinga\chiqinga\app\admin\controller\Index.php ]
[ info ] [ CACHE ] INIT File
[ info ] [ VIEW ] E:\www\bolg\chiqinga\chiqinga\public/../app/admin\view\index\indexs.html [ array (
  0 => 'SiteaName',
  1 => 'SiteaUrl',
  2 => 'MetaCopyright',
  3 => 'RecordNo',
  4 => 'SiteaLogo',
  5 => 'affiche',
  6 => 'os',
  7 => 'log',
  8 => 'copy',
  9 => 'articled',
  10 => 'article',
  11 => 'feedback_d',
  12 => 'feedback',
  13 => 'feedbacks',
) ]
[ info ] [ LOG ] INIT File
[ sql ] [ DB ] CONNECT:[ UseTime:0.002000s ] mysql:host=127.0.0.1;dbname=chiqing;charset=utf8
[ sql ] [ SQL ] SHOW COLUMNS FROM `config` [ RunTime:0.012000s ]
[ sql ] [ SQL ] SELECT * FROM `config` WHERE  `type` = 'system' [ RunTime:0.001000s ]
[ sql ] [ SQL ] SHOW COLUMNS FROM `auth_group_access` [ RunTime:0.010000s ]
[ sql ] [ SQL ] SELECT * FROM `auth_group_access` `a` INNER JOIN `auth_group` `g` ON `a`.`group_id`=`g`.`id` WHERE  (  a.uid='1' and g.status='1' ) [ RunTime:0.001000s ]
[ sql ] [ SQL ] SHOW COLUMNS FROM `auth_rule` [ RunTime:0.013000s ]
[ sql ] [ SQL ] SELECT * FROM `auth_rule` WHERE  `id` IN (1,2,3,4,5,9,11,6,7,8,10,12,13,14,15,16,18,19,17,20,21,22,23,24,25,26,27,28,29,30,31,32,33,34,35,37,38,39,40,41,42,43,44,45,46,47,48,49,50,51,52)  AND `type` = 1  AND `status` = 1 [ RunTime:0.002000s ]
[ sql ] [ SQL ] SELECT `v` FROM `config` WHERE  `key` = 'Affiche' ORDER BY `id` LIMIT 1 [ RunTime:0.001000s ]
[ sql ] [ SQL ] SHOW COLUMNS FROM `user_log` [ RunTime:0.014000s ]
[ sql ] [ SQL ] SELECT * FROM `user_log` ORDER BY id desc LIMIT 7 [ RunTime:0.002000s ]
[ sql ] [ SQL ] SHOW COLUMNS FROM `article` [ RunTime:0.014000s ]
[ sql ] [ SQL ] SELECT COUNT(*) AS tp_count FROM `article` WHERE  `time` > '1518451200' LIMIT 1 [ RunTime:0.003000s ]
[ sql ] [ SQL ] SELECT COUNT(*) AS tp_count FROM `article` LIMIT 1 [ RunTime:0.002000s ]
[ sql ] [ SQL ] SHOW COLUMNS FROM `feedback` [ RunTime:0.012000s ]
[ sql ] [ SQL ] SELECT COUNT(*) AS tp_count FROM `feedback` WHERE  `time` > '1518451200' LIMIT 1 [ RunTime:0.001000s ]
[ sql ] [ SQL ] SELECT COUNT(*) AS tp_count FROM `feedback` LIMIT 1 [ RunTime:0.004000s ]
[ sql ] [ SQL ] SELECT * FROM `feedback` ORDER BY `time`  desc LIMIT 5 [ RunTime:0.001000s ]
---------------------------------------------------------------
[ 2018-02-13T12:36:46+08:00 ] 127.0.0.1 127.0.0.1 GET /admin/index
[ info ] chiqinga.com/admin/index [运行时间：0.451000s][吞吐率：2.22req/s] [内存消耗：2,210.56kb] [文件加载：64]
[ info ] [ LANG ] E:\www\bolg\chiqinga\chiqinga\thinkphp\lang\zh-cn.php
[ info ] [ ROUTE ] array (
  'type' => 'module',
  'module' => 
  array (
    0 => 'admin',
    1 => 'index',
    2 => NULL,
  ),
)
[ info ] [ HEADER ] array (
  'cookie' => 'PHPSESSID=b36369ccggkf34g5d3erck4cd5; danger=lock',
  'accept-language' => 'zh-CN,zh;q=0.9,en;q=0.8',
  'accept-encoding' => 'gzip, deflate',
  'accept' => 'text/html,application/xhtml+xml,application/xml;q=0.9,image/webp,image/apng,*/*;q=0.8',
  'user-agent' => 'Mozilla/5.0 (Windows NT 6.1; Win64; x64) AppleWebKit/537.36 (KHTML, like Gecko) Chrome/64.0.3282.140 Safari/537.36',
  'upgrade-insecure-requests' => '1',
  'cache-control' => 'max-age=0',
  'connection' => 'close',
  'host' => 'chiqinga.com',
)
[ info ] [ PARAM ] array (
)
[ info ] [ SESSION ] INIT array (
  'auto_start' => true,
  'expire' => 604800,
)
[ info ] [ DB ] INIT mysql
[ info ] [ RUN ] app\admin\controller\Index->index[ E:\www\bolg\chiqinga\chiqinga\app\admin\controller\Index.php ]
[ info ] [ CACHE ] INIT File
[ info ] [ VIEW ] E:\www\bolg\chiqinga\chiqinga\public/../app/admin\view\index\index.html [ array (
  0 => 'SiteaName',
  1 => 'SiteaUrl',
  2 => 'MetaCopyright',
  3 => 'RecordNo',
  4 => 'SiteaLogo',
  5 => 'affiche',
  6 => 'os',
  7 => 'log',
  8 => 'copy',
  9 => 'articled',
  10 => 'article',
  11 => 'feedback_d',
  12 => 'feedback',
  13 => 'feedbacks',
  14 => 'Copyright',
  15 => 'title',
  16 => 'user',
) ]
[ info ] [ LOG ] INIT File
[ sql ] [ DB ] CONNECT:[ UseTime:0.011000s ] mysql:host=127.0.0.1;dbname=chiqing;charset=utf8
[ sql ] [ SQL ] SHOW COLUMNS FROM `config` [ RunTime:0.049000s ]
[ sql ] [ SQL ] SELECT * FROM `config` WHERE  `type` = 'system' [ RunTime:0.001000s ]
[ sql ] [ SQL ] SHOW COLUMNS FROM `auth_group_access` [ RunTime:0.049000s ]
[ sql ] [ SQL ] SELECT * FROM `auth_group_access` `a` INNER JOIN `auth_group` `g` ON `a`.`group_id`=`g`.`id` WHERE  (  a.uid='1' and g.status='1' ) [ RunTime:0.002000s ]
[ sql ] [ SQL ] SHOW COLUMNS FROM `auth_rule` [ RunTime:0.049000s ]
[ sql ] [ SQL ] SELECT * FROM `auth_rule` WHERE  `id` IN (1,2,3,4,5,9,11,6,7,8,10,12,13,14,15,16,18,19,17,20,21,22,23,24,25,26,27,28,29,30,31,32,33,34,35,37,38,39,40,41,42,43,44,45,46,47,48,49,50,51,52)  AND `type` = 1  AND `status` = 1 [ RunTime:0.003000s ]
[ sql ] [ SQL ] SELECT `v` FROM `config` WHERE  `key` = 'Affiche' ORDER BY `id` LIMIT 1 [ RunTime:0.001000s ]
[ sql ] [ SQL ] SHOW COLUMNS FROM `user_log` [ RunTime:0.050000s ]
[ sql ] [ SQL ] SELECT * FROM `user_log` ORDER BY id desc LIMIT 7 [ RunTime:0.002000s ]
[ sql ] [ SQL ] SHOW COLUMNS FROM `article` [ RunTime:0.049000s ]
[ sql ] [ SQL ] SELECT COUNT(*) AS tp_count FROM `article` WHERE  `time` > '1518451200' LIMIT 1 [ RunTime:0.002000s ]
[ sql ] [ SQL ] SELECT COUNT(*) AS tp_count FROM `article` LIMIT 1 [ RunTime:0.001000s ]
[ sql ] [ SQL ] SHOW COLUMNS FROM `feedback` [ RunTime:0.052000s ]
[ sql ] [ SQL ] SELECT COUNT(*) AS tp_count FROM `feedback` WHERE  `time` > '1518451200' LIMIT 1 [ RunTime:0.001000s ]
[ sql ] [ SQL ] SELECT COUNT(*) AS tp_count FROM `feedback` LIMIT 1 [ RunTime:0.001000s ]
[ sql ] [ SQL ] SELECT * FROM `feedback` ORDER BY `time`  desc LIMIT 5 [ RunTime:0.001000s ]
---------------------------------------------------------------
[ 2018-02-13T12:36:47+08:00 ] 127.0.0.1 127.0.0.1 POST /admin/menu/index
[ info ] chiqinga.com/admin/menu/index [运行时间：0.092000s][吞吐率：10.87req/s] [内存消耗：1,226.05kb] [文件加载：45]
[ info ] [ LANG ] E:\www\bolg\chiqinga\chiqinga\thinkphp\lang\zh-cn.php
[ info ] [ ROUTE ] array (
  'type' => 'module',
  'module' => 
  array (
    0 => 'admin',
    1 => 'menu',
    2 => 'index',
  ),
)
[ info ] [ HEADER ] array (
  'cookie' => 'PHPSESSID=b36369ccggkf34g5d3erck4cd5; danger=lock',
  'accept-language' => 'zh-CN,zh;q=0.9,en;q=0.8',
  'accept-encoding' => 'gzip, deflate',
  'referer' => 'http://chiqinga.com/admin/index',
  'user-agent' => 'Mozilla/5.0 (Windows NT 6.1; Win64; x64) AppleWebKit/537.36 (KHTML, like Gecko) Chrome/64.0.3282.140 Safari/537.36',
  'x-requested-with' => 'XMLHttpRequest',
  'origin' => 'http://chiqinga.com',
  'accept' => '*/*',
  'content-length' => '0',
  'connection' => 'close',
  'host' => 'chiqinga.com',
)
[ info ] [ PARAM ] array (
)
[ info ] [ RUN ] app\admin\controller\Menu->index[ E:\www\bolg\chiqinga\chiqinga\app\admin\controller\Menu.php ]
[ info ] [ LOG ] INIT File
---------------------------------------------------------------
[ 2018-02-13T12:36:47+08:00 ] 127.0.0.1 127.0.0.1 POST /admin/index/index
[ info ] chiqinga.com/admin/index/index [运行时间：0.381800s][吞吐率：2.62req/s] [内存消耗：2,238.96kb] [文件加载：64]
[ info ] [ LANG ] E:\www\bolg\chiqinga\chiqinga\thinkphp\lang\zh-cn.php
[ info ] [ ROUTE ] array (
  'type' => 'module',
  'module' => 
  array (
    0 => 'admin',
    1 => 'index',
    2 => 'index',
  ),
)
[ info ] [ HEADER ] array (
  'cookie' => 'PHPSESSID=b36369ccggkf34g5d3erck4cd5; danger=lock',
  'accept-language' => 'zh-CN,zh;q=0.9,en;q=0.8',
  'accept-encoding' => 'gzip, deflate',
  'referer' => 'http://chiqinga.com/admin/index',
  'user-agent' => 'Mozilla/5.0 (Windows NT 6.1; Win64; x64) AppleWebKit/537.36 (KHTML, like Gecko) Chrome/64.0.3282.140 Safari/537.36',
  'x-requested-with' => 'XMLHttpRequest',
  'origin' => 'http://chiqinga.com',
  'accept' => '*/*',
  'content-length' => '0',
  'connection' => 'close',
  'host' => 'chiqinga.com',
)
[ info ] [ PARAM ] array (
)
[ info ] [ SESSION ] INIT array (
  'auto_start' => true,
  'expire' => 604800,
)
[ info ] [ DB ] INIT mysql
[ info ] [ RUN ] app\admin\controller\Index->index[ E:\www\bolg\chiqinga\chiqinga\app\admin\controller\Index.php ]
[ info ] [ CACHE ] INIT File
[ info ] [ VIEW ] E:\www\bolg\chiqinga\chiqinga\public/../app/admin\view\index\indexs.html [ array (
  0 => 'SiteaName',
  1 => 'SiteaUrl',
  2 => 'MetaCopyright',
  3 => 'RecordNo',
  4 => 'SiteaLogo',
  5 => 'affiche',
  6 => 'os',
  7 => 'log',
  8 => 'copy',
  9 => 'articled',
  10 => 'article',
  11 => 'feedback_d',
  12 => 'feedback',
  13 => 'feedbacks',
) ]
[ info ] [ LOG ] INIT File
[ sql ] [ DB ] CONNECT:[ UseTime:0.011000s ] mysql:host=127.0.0.1;dbname=chiqing;charset=utf8
[ sql ] [ SQL ] SHOW COLUMNS FROM `config` [ RunTime:0.037000s ]
[ sql ] [ SQL ] SELECT * FROM `config` WHERE  `type` = 'system' [ RunTime:0.009000s ]
[ sql ] [ SQL ] SHOW COLUMNS FROM `auth_group_access` [ RunTime:0.039000s ]
[ sql ] [ SQL ] SELECT * FROM `auth_group_access` `a` INNER JOIN `auth_group` `g` ON `a`.`group_id`=`g`.`id` WHERE  (  a.uid='1' and g.status='1' ) [ RunTime:0.001000s ]
[ sql ] [ SQL ] SHOW COLUMNS FROM `auth_rule` [ RunTime:0.042000s ]
[ sql ] [ SQL ] SELECT * FROM `auth_rule` WHERE  `id` IN (1,2,3,4,5,9,11,6,7,8,10,12,13,14,15,16,18,19,17,20,21,22,23,24,25,26,27,28,29,30,31,32,33,34,35,37,38,39,40,41,42,43,44,45,46,47,48,49,50,51,52)  AND `type` = 1  AND `status` = 1 [ RunTime:0.002000s ]
[ sql ] [ SQL ] SELECT `v` FROM `config` WHERE  `key` = 'Affiche' ORDER BY `id` LIMIT 1 [ RunTime:0.001000s ]
[ sql ] [ SQL ] SHOW COLUMNS FROM `user_log` [ RunTime:0.042000s ]
[ sql ] [ SQL ] SELECT * FROM `user_log` ORDER BY id desc LIMIT 7 [ RunTime:0.002000s ]
[ sql ] [ SQL ] SHOW COLUMNS FROM `article` [ RunTime:0.044000s ]
[ sql ] [ SQL ] SELECT COUNT(*) AS tp_count FROM `article` WHERE  `time` > '1518451200' LIMIT 1 [ RunTime:0.001000s ]
[ sql ] [ SQL ] SELECT COUNT(*) AS tp_count FROM `article` LIMIT 1 [ RunTime:0.001000s ]
[ sql ] [ SQL ] SHOW COLUMNS FROM `feedback` [ RunTime:0.033200s ]
[ sql ] [ SQL ] SELECT COUNT(*) AS tp_count FROM `feedback` WHERE  `time` > '1518451200' LIMIT 1 [ RunTime:0.000000s ]
[ sql ] [ SQL ] SELECT COUNT(*) AS tp_count FROM `feedback` LIMIT 1 [ RunTime:0.000000s ]
[ sql ] [ SQL ] SELECT * FROM `feedback` ORDER BY `time`  desc LIMIT 5 [ RunTime:0.000000s ]
---------------------------------------------------------------
[ 2018-02-13T12:37:20+08:00 ] 127.0.0.1 127.0.0.1 GET /admin/index
[ info ] chiqinga.com/admin/index [运行时间：0.346600s][吞吐率：2.89req/s] [内存消耗：2,210.56kb] [文件加载：64]
[ info ] [ LANG ] E:\www\bolg\chiqinga\chiqinga\thinkphp\lang\zh-cn.php
[ info ] [ ROUTE ] array (
  'type' => 'module',
  'module' => 
  array (
    0 => 'admin',
    1 => 'index',
    2 => NULL,
  ),
)
[ info ] [ HEADER ] array (
  'cookie' => 'PHPSESSID=b36369ccggkf34g5d3erck4cd5; danger=lock',
  'accept-language' => 'zh-CN,zh;q=0.9,en;q=0.8',
  'accept-encoding' => 'gzip, deflate',
  'accept' => 'text/html,application/xhtml+xml,application/xml;q=0.9,image/webp,image/apng,*/*;q=0.8',
  'user-agent' => 'Mozilla/5.0 (Windows NT 6.1; Win64; x64) AppleWebKit/537.36 (KHTML, like Gecko) Chrome/64.0.3282.140 Safari/537.36',
  'upgrade-insecure-requests' => '1',
  'cache-control' => 'max-age=0',
  'connection' => 'close',
  'host' => 'chiqinga.com',
)
[ info ] [ PARAM ] array (
)
[ info ] [ SESSION ] INIT array (
  'auto_start' => true,
  'expire' => 604800,
)
[ info ] [ DB ] INIT mysql
[ info ] [ RUN ] app\admin\controller\Index->index[ E:\www\bolg\chiqinga\chiqinga\app\admin\controller\Index.php ]
[ info ] [ CACHE ] INIT File
[ info ] [ VIEW ] E:\www\bolg\chiqinga\chiqinga\public/../app/admin\view\index\index.html [ array (
  0 => 'SiteaName',
  1 => 'SiteaUrl',
  2 => 'MetaCopyright',
  3 => 'RecordNo',
  4 => 'SiteaLogo',
  5 => 'affiche',
  6 => 'os',
  7 => 'log',
  8 => 'copy',
  9 => 'articled',
  10 => 'article',
  11 => 'feedback_d',
  12 => 'feedback',
  13 => 'feedbacks',
  14 => 'Copyright',
  15 => 'title',
  16 => 'user',
) ]
[ info ] [ LOG ] INIT File
[ sql ] [ DB ] CONNECT:[ UseTime:0.010000s ] mysql:host=127.0.0.1;dbname=chiqing;charset=utf8
[ sql ] [ SQL ] SHOW COLUMNS FROM `config` [ RunTime:0.032000s ]
[ sql ] [ SQL ] SELECT * FROM `config` WHERE  `type` = 'system' [ RunTime:0.001000s ]
[ sql ] [ SQL ] SHOW COLUMNS FROM `auth_group_access` [ RunTime:0.031000s ]
[ sql ] [ SQL ] SELECT * FROM `auth_group_access` `a` INNER JOIN `auth_group` `g` ON `a`.`group_id`=`g`.`id` WHERE  (  a.uid='1' and g.status='1' ) [ RunTime:0.001000s ]
[ sql ] [ SQL ] SHOW COLUMNS FROM `auth_rule` [ RunTime:0.027000s ]
[ sql ] [ SQL ] SELECT * FROM `auth_rule` WHERE  `id` IN (1,2,3,4,5,9,11,6,7,8,10,12,13,14,15,16,18,19,17,20,21,22,23,24,25,26,27,28,29,30,31,32,33,34,35,37,38,39,40,41,42,43,44,45,46,47,48,49,50,51,52)  AND `type` = 1  AND `status` = 1 [ RunTime:0.003000s ]
[ sql ] [ SQL ] SELECT `v` FROM `config` WHERE  `key` = 'Affiche' ORDER BY `id` LIMIT 1 [ RunTime:0.001000s ]
[ sql ] [ SQL ] SHOW COLUMNS FROM `user_log` [ RunTime:0.040000s ]
[ sql ] [ SQL ] SELECT * FROM `user_log` ORDER BY id desc LIMIT 7 [ RunTime:0.001000s ]
[ sql ] [ SQL ] SHOW COLUMNS FROM `article` [ RunTime:0.034000s ]
[ sql ] [ SQL ] SELECT COUNT(*) AS tp_count FROM `article` WHERE  `time` > '1518451200' LIMIT 1 [ RunTime:0.001000s ]
[ sql ] [ SQL ] SELECT COUNT(*) AS tp_count FROM `article` LIMIT 1 [ RunTime:0.001000s ]
[ sql ] [ SQL ] SHOW COLUMNS FROM `feedback` [ RunTime:0.030000s ]
[ sql ] [ SQL ] SELECT COUNT(*) AS tp_count FROM `feedback` WHERE  `time` > '1518451200' LIMIT 1 [ RunTime:0.002000s ]
[ sql ] [ SQL ] SELECT COUNT(*) AS tp_count FROM `feedback` LIMIT 1 [ RunTime:0.001000s ]
[ sql ] [ SQL ] SELECT * FROM `feedback` ORDER BY `time`  desc LIMIT 5 [ RunTime:0.002000s ]
---------------------------------------------------------------
[ 2018-02-13T12:37:21+08:00 ] 127.0.0.1 127.0.0.1 POST /admin/menu/index
[ info ] chiqinga.com/admin/menu/index [运行时间：0.055000s][吞吐率：18.18req/s] [内存消耗：1,226.05kb] [文件加载：45]
[ info ] [ LANG ] E:\www\bolg\chiqinga\chiqinga\thinkphp\lang\zh-cn.php
[ info ] [ ROUTE ] array (
  'type' => 'module',
  'module' => 
  array (
    0 => 'admin',
    1 => 'menu',
    2 => 'index',
  ),
)
[ info ] [ HEADER ] array (
  'cookie' => 'PHPSESSID=b36369ccggkf34g5d3erck4cd5; danger=lock',
  'accept-language' => 'zh-CN,zh;q=0.9,en;q=0.8',
  'accept-encoding' => 'gzip, deflate',
  'referer' => 'http://chiqinga.com/admin/index',
  'user-agent' => 'Mozilla/5.0 (Windows NT 6.1; Win64; x64) AppleWebKit/537.36 (KHTML, like Gecko) Chrome/64.0.3282.140 Safari/537.36',
  'x-requested-with' => 'XMLHttpRequest',
  'origin' => 'http://chiqinga.com',
  'accept' => '*/*',
  'content-length' => '0',
  'connection' => 'close',
  'host' => 'chiqinga.com',
)
[ info ] [ PARAM ] array (
)
[ info ] [ RUN ] app\admin\controller\Menu->index[ E:\www\bolg\chiqinga\chiqinga\app\admin\controller\Menu.php ]
[ info ] [ LOG ] INIT File
---------------------------------------------------------------
[ 2018-02-13T12:37:21+08:00 ] 127.0.0.1 127.0.0.1 POST /admin/index/index
[ info ] chiqinga.com/admin/index/index [运行时间：0.284000s][吞吐率：3.52req/s] [内存消耗：2,238.96kb] [文件加载：64]
[ info ] [ LANG ] E:\www\bolg\chiqinga\chiqinga\thinkphp\lang\zh-cn.php
[ info ] [ ROUTE ] array (
  'type' => 'module',
  'module' => 
  array (
    0 => 'admin',
    1 => 'index',
    2 => 'index',
  ),
)
[ info ] [ HEADER ] array (
  'cookie' => 'PHPSESSID=b36369ccggkf34g5d3erck4cd5; danger=lock',
  'accept-language' => 'zh-CN,zh;q=0.9,en;q=0.8',
  'accept-encoding' => 'gzip, deflate',
  'referer' => 'http://chiqinga.com/admin/index',
  'user-agent' => 'Mozilla/5.0 (Windows NT 6.1; Win64; x64) AppleWebKit/537.36 (KHTML, like Gecko) Chrome/64.0.3282.140 Safari/537.36',
  'x-requested-with' => 'XMLHttpRequest',
  'origin' => 'http://chiqinga.com',
  'accept' => '*/*',
  'content-length' => '0',
  'connection' => 'close',
  'host' => 'chiqinga.com',
)
[ info ] [ PARAM ] array (
)
[ info ] [ SESSION ] INIT array (
  'auto_start' => true,
  'expire' => 604800,
)
[ info ] [ DB ] INIT mysql
[ info ] [ RUN ] app\admin\controller\Index->index[ E:\www\bolg\chiqinga\chiqinga\app\admin\controller\Index.php ]
[ info ] [ CACHE ] INIT File
[ info ] [ VIEW ] E:\www\bolg\chiqinga\chiqinga\public/../app/admin\view\index\indexs.html [ array (
  0 => 'SiteaName',
  1 => 'SiteaUrl',
  2 => 'MetaCopyright',
  3 => 'RecordNo',
  4 => 'SiteaLogo',
  5 => 'affiche',
  6 => 'os',
  7 => 'log',
  8 => 'copy',
  9 => 'articled',
  10 => 'article',
  11 => 'feedback_d',
  12 => 'feedback',
  13 => 'feedbacks',
) ]
[ info ] [ LOG ] INIT File
[ sql ] [ DB ] CONNECT:[ UseTime:0.002000s ] mysql:host=127.0.0.1;dbname=chiqing;charset=utf8
[ sql ] [ SQL ] SHOW COLUMNS FROM `config` [ RunTime:0.029000s ]
[ sql ] [ SQL ] SELECT * FROM `config` WHERE  `type` = 'system' [ RunTime:0.001000s ]
[ sql ] [ SQL ] SHOW COLUMNS FROM `auth_group_access` [ RunTime:0.035000s ]
[ sql ] [ SQL ] SELECT * FROM `auth_group_access` `a` INNER JOIN `auth_group` `g` ON `a`.`group_id`=`g`.`id` WHERE  (  a.uid='1' and g.status='1' ) [ RunTime:0.001000s ]
[ sql ] [ SQL ] SHOW COLUMNS FROM `auth_rule` [ RunTime:0.030000s ]
[ sql ] [ SQL ] SELECT * FROM `auth_rule` WHERE  `id` IN (1,2,3,4,5,9,11,6,7,8,10,12,13,14,15,16,18,19,17,20,21,22,23,24,25,26,27,28,29,30,31,32,33,34,35,37,38,39,40,41,42,43,44,45,46,47,48,49,50,51,52)  AND `type` = 1  AND `status` = 1 [ RunTime:0.002000s ]
[ sql ] [ SQL ] SELECT `v` FROM `config` WHERE  `key` = 'Affiche' ORDER BY `id` LIMIT 1 [ RunTime:0.002000s ]
[ sql ] [ SQL ] SHOW COLUMNS FROM `user_log` [ RunTime:0.018000s ]
[ sql ] [ SQL ] SELECT * FROM `user_log` ORDER BY id desc LIMIT 7 [ RunTime:0.001000s ]
[ sql ] [ SQL ] SHOW COLUMNS FROM `article` [ RunTime:0.036000s ]
[ sql ] [ SQL ] SELECT COUNT(*) AS tp_count FROM `article` WHERE  `time` > '1518451200' LIMIT 1 [ RunTime:0.002000s ]
[ sql ] [ SQL ] SELECT COUNT(*) AS tp_count FROM `article` LIMIT 1 [ RunTime:0.001000s ]
[ sql ] [ SQL ] SHOW COLUMNS FROM `feedback` [ RunTime:0.018000s ]
[ sql ] [ SQL ] SELECT COUNT(*) AS tp_count FROM `feedback` WHERE  `time` > '1518451200' LIMIT 1 [ RunTime:0.001000s ]
[ sql ] [ SQL ] SELECT COUNT(*) AS tp_count FROM `feedback` LIMIT 1 [ RunTime:0.001000s ]
[ sql ] [ SQL ] SELECT * FROM `feedback` ORDER BY `time`  desc LIMIT 5 [ RunTime:0.001000s ]
---------------------------------------------------------------
[ 2018-02-13T14:59:35+08:00 ] 127.0.0.1 127.0.0.1 GET /admin/index
[ info ] chiqinga.com/admin/index [运行时间：0.326000s][吞吐率：3.07req/s] [内存消耗：2,210.28kb] [文件加载：64]
[ info ] [ LANG ] E:\www\bolg\chiqinga\chiqinga\thinkphp\lang\zh-cn.php
[ info ] [ ROUTE ] array (
  'type' => 'module',
  'module' => 
  array (
    0 => 'admin',
    1 => 'index',
    2 => NULL,
  ),
)
[ info ] [ HEADER ] array (
  'cookie' => 'PHPSESSID=b36369ccggkf34g5d3erck4cd5; danger=lock',
  'accept-language' => 'zh-CN,zh;q=0.9,en;q=0.8',
  'accept-encoding' => 'gzip, deflate',
  'accept' => 'text/html,application/xhtml+xml,application/xml;q=0.9,image/webp,image/apng,*/*;q=0.8',
  'user-agent' => 'Mozilla/5.0 (Windows NT 6.1; Win64; x64) AppleWebKit/537.36 (KHTML, like Gecko) Chrome/64.0.3282.140 Safari/537.36',
  'upgrade-insecure-requests' => '1',
  'connection' => 'close',
  'host' => 'chiqinga.com',
)
[ info ] [ PARAM ] array (
)
[ info ] [ SESSION ] INIT array (
  'auto_start' => true,
  'expire' => 604800,
)
[ info ] [ DB ] INIT mysql
[ info ] [ RUN ] app\admin\controller\Index->index[ E:\www\bolg\chiqinga\chiqinga\app\admin\controller\Index.php ]
[ info ] [ CACHE ] INIT File
[ info ] [ VIEW ] E:\www\bolg\chiqinga\chiqinga\public/../app/admin\view\index\index.html [ array (
  0 => 'SiteaName',
  1 => 'SiteaUrl',
  2 => 'MetaCopyright',
  3 => 'RecordNo',
  4 => 'SiteaLogo',
  5 => 'affiche',
  6 => 'os',
  7 => 'log',
  8 => 'copy',
  9 => 'articled',
  10 => 'article',
  11 => 'feedback_d',
  12 => 'feedback',
  13 => 'feedbacks',
  14 => 'Copyright',
  15 => 'title',
  16 => 'user',
) ]
[ info ] [ LOG ] INIT File
[ sql ] [ DB ] CONNECT:[ UseTime:0.004000s ] mysql:host=127.0.0.1;dbname=chiqing;charset=utf8
[ sql ] [ SQL ] SHOW COLUMNS FROM `config` [ RunTime:0.031000s ]
[ sql ] [ SQL ] SELECT * FROM `config` WHERE  `type` = 'system' [ RunTime:0.002000s ]
[ sql ] [ SQL ] SHOW COLUMNS FROM `auth_group_access` [ RunTime:0.030000s ]
[ sql ] [ SQL ] SELECT * FROM `auth_group_access` `a` INNER JOIN `auth_group` `g` ON `a`.`group_id`=`g`.`id` WHERE  (  a.uid='1' and g.status='1' ) [ RunTime:0.001000s ]
[ sql ] [ SQL ] SHOW COLUMNS FROM `auth_rule` [ RunTime:0.031000s ]
[ sql ] [ SQL ] SELECT * FROM `auth_rule` WHERE  `id` IN (1,2,3,4,5,9,11,6,7,8,10,12,13,14,15,16,18,19,17,20,21,22,23,24,25,26,27,28,29,30,31,32,33,34,35,37,38,39,40,41,42,43,44,45,46,47,48,49,50,51,52)  AND `type` = 1  AND `status` = 1 [ RunTime:0.002000s ]
[ sql ] [ SQL ] SELECT `v` FROM `config` WHERE  `key` = 'Affiche' ORDER BY `id` LIMIT 1 [ RunTime:0.001000s ]
[ sql ] [ SQL ] SHOW COLUMNS FROM `user_log` [ RunTime:0.031000s ]
[ sql ] [ SQL ] SELECT * FROM `user_log` ORDER BY id desc LIMIT 7 [ RunTime:0.001000s ]
[ sql ] [ SQL ] SHOW COLUMNS FROM `article` [ RunTime:0.032000s ]
[ sql ] [ SQL ] SELECT COUNT(*) AS tp_count FROM `article` WHERE  `time` > '1518451200' LIMIT 1 [ RunTime:0.001000s ]
[ sql ] [ SQL ] SELECT COUNT(*) AS tp_count FROM `article` LIMIT 1 [ RunTime:0.001000s ]
[ sql ] [ SQL ] SHOW COLUMNS FROM `feedback` [ RunTime:0.032000s ]
[ sql ] [ SQL ] SELECT COUNT(*) AS tp_count FROM `feedback` WHERE  `time` > '1518451200' LIMIT 1 [ RunTime:0.001000s ]
[ sql ] [ SQL ] SELECT COUNT(*) AS tp_count FROM `feedback` LIMIT 1 [ RunTime:0.001000s ]
[ sql ] [ SQL ] SELECT * FROM `feedback` ORDER BY `time`  desc LIMIT 5 [ RunTime:0.001000s ]
---------------------------------------------------------------
[ 2018-02-13T14:59:35+08:00 ] 127.0.0.1 127.0.0.1 GET /admin/index
[ info ] chiqinga.com/admin/index [运行时间：0.309000s][吞吐率：3.24req/s] [内存消耗：2,210.28kb] [文件加载：64]
[ info ] [ LANG ] E:\www\bolg\chiqinga\chiqinga\thinkphp\lang\zh-cn.php
[ info ] [ ROUTE ] array (
  'type' => 'module',
  'module' => 
  array (
    0 => 'admin',
    1 => 'index',
    2 => NULL,
  ),
)
[ info ] [ HEADER ] array (
  'cookie' => 'PHPSESSID=b36369ccggkf34g5d3erck4cd5; danger=lock',
  'accept-language' => 'zh-CN,zh;q=0.9,en;q=0.8',
  'accept-encoding' => 'gzip, deflate',
  'accept' => 'text/html,application/xhtml+xml,application/xml;q=0.9,image/webp,image/apng,*/*;q=0.8',
  'user-agent' => 'Mozilla/5.0 (Windows NT 6.1; Win64; x64) AppleWebKit/537.36 (KHTML, like Gecko) Chrome/64.0.3282.140 Safari/537.36',
  'upgrade-insecure-requests' => '1',
  'connection' => 'close',
  'host' => 'chiqinga.com',
)
[ info ] [ PARAM ] array (
)
[ info ] [ SESSION ] INIT array (
  'auto_start' => true,
  'expire' => 604800,
)
[ info ] [ DB ] INIT mysql
[ info ] [ RUN ] app\admin\controller\Index->index[ E:\www\bolg\chiqinga\chiqinga\app\admin\controller\Index.php ]
[ info ] [ CACHE ] INIT File
[ info ] [ VIEW ] E:\www\bolg\chiqinga\chiqinga\public/../app/admin\view\index\index.html [ array (
  0 => 'SiteaName',
  1 => 'SiteaUrl',
  2 => 'MetaCopyright',
  3 => 'RecordNo',
  4 => 'SiteaLogo',
  5 => 'affiche',
  6 => 'os',
  7 => 'log',
  8 => 'copy',
  9 => 'articled',
  10 => 'article',
  11 => 'feedback_d',
  12 => 'feedback',
  13 => 'feedbacks',
  14 => 'Copyright',
  15 => 'title',
  16 => 'user',
) ]
[ info ] [ LOG ] INIT File
[ sql ] [ DB ] CONNECT:[ UseTime:0.012000s ] mysql:host=127.0.0.1;dbname=chiqing;charset=utf8
[ sql ] [ SQL ] SHOW COLUMNS FROM `config` [ RunTime:0.022000s ]
[ sql ] [ SQL ] SELECT * FROM `config` WHERE  `type` = 'system' [ RunTime:0.002000s ]
[ sql ] [ SQL ] SHOW COLUMNS FROM `auth_group_access` [ RunTime:0.037000s ]
[ sql ] [ SQL ] SELECT * FROM `auth_group_access` `a` INNER JOIN `auth_group` `g` ON `a`.`group_id`=`g`.`id` WHERE  (  a.uid='1' and g.status='1' ) [ RunTime:0.001000s ]
[ sql ] [ SQL ] SHOW COLUMNS FROM `auth_rule` [ RunTime:0.031000s ]
[ sql ] [ SQL ] SELECT * FROM `auth_rule` WHERE  `id` IN (1,2,3,4,5,9,11,6,7,8,10,12,13,14,15,16,18,19,17,20,21,22,23,24,25,26,27,28,29,30,31,32,33,34,35,37,38,39,40,41,42,43,44,45,46,47,48,49,50,51,52)  AND `type` = 1  AND `status` = 1 [ RunTime:0.002000s ]
[ sql ] [ SQL ] SELECT `v` FROM `config` WHERE  `key` = 'Affiche' ORDER BY `id` LIMIT 1 [ RunTime:0.001000s ]
[ sql ] [ SQL ] SHOW COLUMNS FROM `user_log` [ RunTime:0.030000s ]
[ sql ] [ SQL ] SELECT * FROM `user_log` ORDER BY id desc LIMIT 7 [ RunTime:0.001000s ]
[ sql ] [ SQL ] SHOW COLUMNS FROM `article` [ RunTime:0.030000s ]
[ sql ] [ SQL ] SELECT COUNT(*) AS tp_count FROM `article` WHERE  `time` > '1518451200' LIMIT 1 [ RunTime:0.001000s ]
[ sql ] [ SQL ] SELECT COUNT(*) AS tp_count FROM `article` LIMIT 1 [ RunTime:0.000000s ]
[ sql ] [ SQL ] SHOW COLUMNS FROM `feedback` [ RunTime:0.030000s ]
[ sql ] [ SQL ] SELECT COUNT(*) AS tp_count FROM `feedback` WHERE  `time` > '1518451200' LIMIT 1 [ RunTime:0.001000s ]
[ sql ] [ SQL ] SELECT COUNT(*) AS tp_count FROM `feedback` LIMIT 1 [ RunTime:0.001000s ]
[ sql ] [ SQL ] SELECT * FROM `feedback` ORDER BY `time`  desc LIMIT 5 [ RunTime:0.001000s ]
---------------------------------------------------------------
[ 2018-02-13T14:59:36+08:00 ] 127.0.0.1 127.0.0.1 POST /admin/index/index
[ info ] chiqinga.com/admin/index/index [运行时间：0.324400s][吞吐率：3.08req/s] [内存消耗：2,238.96kb] [文件加载：64]
[ info ] [ LANG ] E:\www\bolg\chiqinga\chiqinga\thinkphp\lang\zh-cn.php
[ info ] [ ROUTE ] array (
  'type' => 'module',
  'module' => 
  array (
    0 => 'admin',
    1 => 'index',
    2 => 'index',
  ),
)
[ info ] [ HEADER ] array (
  'cookie' => 'PHPSESSID=b36369ccggkf34g5d3erck4cd5; danger=lock',
  'accept-language' => 'zh-CN,zh;q=0.9,en;q=0.8',
  'accept-encoding' => 'gzip, deflate',
  'referer' => 'http://chiqinga.com/admin/index',
  'user-agent' => 'Mozilla/5.0 (Windows NT 6.1; Win64; x64) AppleWebKit/537.36 (KHTML, like Gecko) Chrome/64.0.3282.140 Safari/537.36',
  'x-requested-with' => 'XMLHttpRequest',
  'origin' => 'http://chiqinga.com',
  'accept' => '*/*',
  'content-length' => '0',
  'connection' => 'close',
  'host' => 'chiqinga.com',
)
[ info ] [ PARAM ] array (
)
[ info ] [ SESSION ] INIT array (
  'auto_start' => true,
  'expire' => 604800,
)
[ info ] [ DB ] INIT mysql
[ info ] [ RUN ] app\admin\controller\Index->index[ E:\www\bolg\chiqinga\chiqinga\app\admin\controller\Index.php ]
[ info ] [ CACHE ] INIT File
[ info ] [ VIEW ] E:\www\bolg\chiqinga\chiqinga\public/../app/admin\view\index\indexs.html [ array (
  0 => 'SiteaName',
  1 => 'SiteaUrl',
  2 => 'MetaCopyright',
  3 => 'RecordNo',
  4 => 'SiteaLogo',
  5 => 'affiche',
  6 => 'os',
  7 => 'log',
  8 => 'copy',
  9 => 'articled',
  10 => 'article',
  11 => 'feedback_d',
  12 => 'feedback',
  13 => 'feedbacks',
) ]
[ info ] [ LOG ] INIT File
[ sql ] [ DB ] CONNECT:[ UseTime:0.003000s ] mysql:host=127.0.0.1;dbname=chiqing;charset=utf8
[ sql ] [ SQL ] SHOW COLUMNS FROM `config` [ RunTime:0.038000s ]
[ sql ] [ SQL ] SELECT * FROM `config` WHERE  `type` = 'system' [ RunTime:0.001000s ]
[ sql ] [ SQL ] SHOW COLUMNS FROM `auth_group_access` [ RunTime:0.031000s ]
[ sql ] [ SQL ] SELECT * FROM `auth_group_access` `a` INNER JOIN `auth_group` `g` ON `a`.`group_id`=`g`.`id` WHERE  (  a.uid='1' and g.status='1' ) [ RunTime:0.001000s ]
[ sql ] [ SQL ] SHOW COLUMNS FROM `auth_rule` [ RunTime:0.036000s ]
[ sql ] [ SQL ] SELECT * FROM `auth_rule` WHERE  `id` IN (1,2,3,4,5,9,11,6,7,8,10,12,13,14,15,16,18,19,17,20,21,22,23,24,25,26,27,28,29,30,31,32,33,34,35,37,38,39,40,41,42,43,44,45,46,47,48,49,50,51,52)  AND `type` = 1  AND `status` = 1 [ RunTime:0.002000s ]
[ sql ] [ SQL ] SELECT `v` FROM `config` WHERE  `key` = 'Affiche' ORDER BY `id` LIMIT 1 [ RunTime:0.001000s ]
[ sql ] [ SQL ] SHOW COLUMNS FROM `user_log` [ RunTime:0.021600s ]
[ sql ] [ SQL ] SELECT * FROM `user_log` ORDER BY id desc LIMIT 7 [ RunTime:0.000000s ]
[ sql ] [ SQL ] SHOW COLUMNS FROM `article` [ RunTime:0.042200s ]
[ sql ] [ SQL ] SELECT COUNT(*) AS tp_count FROM `article` WHERE  `time` > '1518451200' LIMIT 1 [ RunTime:0.001000s ]
[ sql ] [ SQL ] SELECT COUNT(*) AS tp_count FROM `article` LIMIT 1 [ RunTime:0.001000s ]
[ sql ] [ SQL ] SHOW COLUMNS FROM `feedback` [ RunTime:0.018000s ]
[ sql ] [ SQL ] SELECT COUNT(*) AS tp_count FROM `feedback` WHERE  `time` > '1518451200' LIMIT 1 [ RunTime:0.000000s ]
[ sql ] [ SQL ] SELECT COUNT(*) AS tp_count FROM `feedback` LIMIT 1 [ RunTime:0.000000s ]
[ sql ] [ SQL ] SELECT * FROM `feedback` ORDER BY `time`  desc LIMIT 5 [ RunTime:0.000000s ]
---------------------------------------------------------------
[ 2018-02-13T14:59:37+08:00 ] 127.0.0.1 127.0.0.1 POST /admin/menu/index
[ info ] chiqinga.com/admin/menu/index [运行时间：0.045200s][吞吐率：22.12req/s] [内存消耗：1,226.05kb] [文件加载：45]
[ info ] [ LANG ] E:\www\bolg\chiqinga\chiqinga\thinkphp\lang\zh-cn.php
[ info ] [ ROUTE ] array (
  'type' => 'module',
  'module' => 
  array (
    0 => 'admin',
    1 => 'menu',
    2 => 'index',
  ),
)
[ info ] [ HEADER ] array (
  'cookie' => 'PHPSESSID=b36369ccggkf34g5d3erck4cd5; danger=lock',
  'accept-language' => 'zh-CN,zh;q=0.9,en;q=0.8',
  'accept-encoding' => 'gzip, deflate',
  'referer' => 'http://chiqinga.com/admin/index',
  'user-agent' => 'Mozilla/5.0 (Windows NT 6.1; Win64; x64) AppleWebKit/537.36 (KHTML, like Gecko) Chrome/64.0.3282.140 Safari/537.36',
  'x-requested-with' => 'XMLHttpRequest',
  'origin' => 'http://chiqinga.com',
  'accept' => '*/*',
  'content-length' => '0',
  'connection' => 'close',
  'host' => 'chiqinga.com',
)
[ info ] [ PARAM ] array (
)
[ info ] [ RUN ] app\admin\controller\Menu->index[ E:\www\bolg\chiqinga\chiqinga\app\admin\controller\Menu.php ]
[ info ] [ LOG ] INIT File
---------------------------------------------------------------
[ 2018-02-13T15:26:50+08:00 ] 127.0.0.1 127.0.0.1 POST /admin/category
[ info ] chiqinga.com/admin/category [运行时间：0.457800s][吞吐率：2.18req/s] [内存消耗：2,148.44kb] [文件加载：61]
[ info ] [ LANG ] E:\www\bolg\chiqinga\chiqinga\thinkphp\lang\zh-cn.php
[ info ] [ ROUTE ] array (
  'type' => 'module',
  'module' => 
  array (
    0 => 'admin',
    1 => 'category',
    2 => NULL,
  ),
)
[ info ] [ HEADER ] array (
  'cookie' => 'PHPSESSID=b36369ccggkf34g5d3erck4cd5; danger=lock',
  'accept-language' => 'zh-CN,zh;q=0.9,en;q=0.8',
  'accept-encoding' => 'gzip, deflate',
  'referer' => 'http://chiqinga.com/admin/index',
  'user-agent' => 'Mozilla/5.0 (Windows NT 6.1; Win64; x64) AppleWebKit/537.36 (KHTML, like Gecko) Chrome/64.0.3282.140 Safari/537.36',
  'x-requested-with' => 'XMLHttpRequest',
  'origin' => 'http://chiqinga.com',
  'accept' => '*/*',
  'content-length' => '0',
  'connection' => 'close',
  'host' => 'chiqinga.com',
)
[ info ] [ PARAM ] array (
)
[ info ] [ SESSION ] INIT array (
  'auto_start' => true,
  'expire' => 604800,
)
[ info ] [ DB ] INIT mysql
[ info ] [ RUN ] app\admin\controller\Category->index[ E:\www\bolg\chiqinga\chiqinga\app\admin\controller\Category.php ]
[ info ] [ VIEW ] E:\www\bolg\chiqinga\chiqinga\public/../app/admin\view\category\index.html [ array (
  0 => 'SiteaName',
  1 => 'SiteaUrl',
  2 => 'MetaCopyright',
  3 => 'RecordNo',
  4 => 'SiteaLogo',
  5 => 'list',
) ]
[ info ] [ LOG ] INIT File
[ sql ] [ DB ] CONNECT:[ UseTime:0.000000s ] mysql:host=127.0.0.1;dbname=chiqing;charset=utf8
[ sql ] [ SQL ] SHOW COLUMNS FROM `config` [ RunTime:0.032200s ]
[ sql ] [ SQL ] SELECT * FROM `config` WHERE  `type` = 'system' [ RunTime:0.000000s ]
[ sql ] [ SQL ] SHOW COLUMNS FROM `auth_group_access` [ RunTime:0.046800s ]
[ sql ] [ SQL ] SELECT * FROM `auth_group_access` `a` INNER JOIN `auth_group` `g` ON `a`.`group_id`=`g`.`id` WHERE  (  a.uid='1' and g.status='1' ) [ RunTime:0.000000s ]
[ sql ] [ SQL ] SHOW COLUMNS FROM `auth_rule` [ RunTime:0.046800s ]
[ sql ] [ SQL ] SELECT * FROM `auth_rule` WHERE  `id` IN (1,2,3,4,5,9,11,6,7,8,10,12,13,14,15,16,18,19,17,20,21,22,23,24,25,26,27,28,29,30,31,32,33,34,35,37,38,39,40,41,42,43,44,45,46,47,48,49,50,51,52)  AND `type` = 1  AND `status` = 1 [ RunTime:0.000000s ]
[ sql ] [ SQL ] SHOW COLUMNS FROM `category` [ RunTime:0.124800s ]
[ sql ] [ SQL ] SELECT * FROM `category` ORDER BY sort asc, id desc [ RunTime:0.000000s ]
---------------------------------------------------------------
[ 2018-02-13T15:27:04+08:00 ] 127.0.0.1 127.0.0.1 GET /admin/category/save/4
[ info ] chiqinga.com/admin/category/save/4 [运行时间：0.485600s][吞吐率：2.06req/s] [内存消耗：2,440.28kb] [文件加载：65]
[ info ] [ LANG ] E:\www\bolg\chiqinga\chiqinga\thinkphp\lang\zh-cn.php
[ info ] [ ROUTE ] array (
  'type' => 'module',
  'module' => 
  array (
    0 => 'admin',
    1 => 'category',
    2 => 'save',
  ),
  'convert' => false,
)
[ info ] [ HEADER ] array (
  'cookie' => 'PHPSESSID=b36369ccggkf34g5d3erck4cd5; danger=lock',
  'accept-language' => 'zh-CN,zh;q=0.9,en;q=0.8',
  'accept-encoding' => 'gzip, deflate',
  'referer' => 'http://chiqinga.com/admin/index',
  'user-agent' => 'Mozilla/5.0 (Windows NT 6.1; Win64; x64) AppleWebKit/537.36 (KHTML, like Gecko) Chrome/64.0.3282.140 Safari/537.36',
  'x-requested-with' => 'XMLHttpRequest',
  'accept' => '*/*',
  'cache-control' => 'no-cache',
  'pragma' => 'no-cache',
  'connection' => 'close',
  'host' => 'chiqinga.com',
)
[ info ] [ PARAM ] array (
  'id' => '4',
)
[ info ] [ SESSION ] INIT array (
  'auto_start' => true,
  'expire' => 604800,
)
[ info ] [ DB ] INIT mysql
[ info ] [ RUN ] app\admin\controller\Category->save[ E:\www\bolg\chiqinga\chiqinga\app\admin\controller\Category.php ]
[ info ] [ VIEW ] E:\www\bolg\chiqinga\chiqinga\public/../app/admin\view\category\save.html [ array (
  0 => 'SiteaName',
  1 => 'SiteaUrl',
  2 => 'MetaCopyright',
  3 => 'RecordNo',
  4 => 'SiteaLogo',
  5 => 'category',
) ]
[ info ] [ LOG ] INIT File
[ sql ] [ DB ] CONNECT:[ UseTime:0.015600s ] mysql:host=127.0.0.1;dbname=chiqing;charset=utf8
[ sql ] [ SQL ] SHOW COLUMNS FROM `config` [ RunTime:0.031200s ]
[ sql ] [ SQL ] SELECT * FROM `config` WHERE  `type` = 'system' [ RunTime:0.015600s ]
[ sql ] [ SQL ] SHOW COLUMNS FROM `auth_group_access` [ RunTime:0.031200s ]
[ sql ] [ SQL ] SELECT * FROM `auth_group_access` `a` INNER JOIN `auth_group` `g` ON `a`.`group_id`=`g`.`id` WHERE  (  a.uid='1' and g.status='1' ) [ RunTime:0.000000s ]
[ sql ] [ SQL ] SHOW COLUMNS FROM `auth_rule` [ RunTime:0.046800s ]
[ sql ] [ SQL ] SELECT * FROM `auth_rule` WHERE  `id` IN (1,2,3,4,5,9,11,6,7,8,10,12,13,14,15,16,18,19,17,20,21,22,23,24,25,26,27,28,29,30,31,32,33,34,35,37,38,39,40,41,42,43,44,45,46,47,48,49,50,51,52)  AND `type` = 1  AND `status` = 1 [ RunTime:0.015600s ]
[ sql ] [ SQL ] SHOW COLUMNS FROM `category` [ RunTime:0.046800s ]
[ sql ] [ SQL ] SELECT * FROM `category` WHERE  `id` = 4 LIMIT 1 [ RunTime:0.000000s ]
---------------------------------------------------------------
[ 2018-02-13T15:28:35+08:00 ] 127.0.0.1 127.0.0.1 POST /Admin/Category
[ info ] chiqinga.com/Admin/Category [运行时间：0.265000s][吞吐率：3.77req/s] [内存消耗：2,148.55kb] [文件加载：61]
[ info ] [ LANG ] E:\www\bolg\chiqinga\chiqinga\thinkphp\lang\zh-cn.php
[ info ] [ ROUTE ] array (
  'type' => 'module',
  'module' => 
  array (
    0 => 'admin',
    1 => 'Category',
    2 => NULL,
  ),
)
[ info ] [ HEADER ] array (
  'cookie' => 'PHPSESSID=b36369ccggkf34g5d3erck4cd5; danger=lock',
  'accept-language' => 'zh-CN,zh;q=0.9,en;q=0.8',
  'accept-encoding' => 'gzip, deflate',
  'referer' => 'http://chiqinga.com/admin/index',
  'user-agent' => 'Mozilla/5.0 (Windows NT 6.1; Win64; x64) AppleWebKit/537.36 (KHTML, like Gecko) Chrome/64.0.3282.140 Safari/537.36',
  'x-requested-with' => 'XMLHttpRequest',
  'origin' => 'http://chiqinga.com',
  'accept' => '*/*',
  'cache-control' => 'no-cache',
  'pragma' => 'no-cache',
  'content-length' => '0',
  'connection' => 'close',
  'host' => 'chiqinga.com',
)
[ info ] [ PARAM ] array (
)
[ info ] [ SESSION ] INIT array (
  'auto_start' => true,
  'expire' => 604800,
)
[ info ] [ DB ] INIT mysql
[ info ] [ RUN ] app\admin\controller\Category->index[ E:\www\bolg\chiqinga\chiqinga\app\admin\controller\Category.php ]
[ info ] [ VIEW ] E:\www\bolg\chiqinga\chiqinga\public/../app/admin\view\category\index.html [ array (
  0 => 'SiteaName',
  1 => 'SiteaUrl',
  2 => 'MetaCopyright',
  3 => 'RecordNo',
  4 => 'SiteaLogo',
  5 => 'list',
) ]
[ info ] [ LOG ] INIT File
[ sql ] [ DB ] CONNECT:[ UseTime:0.002000s ] mysql:host=127.0.0.1;dbname=chiqing;charset=utf8
[ sql ] [ SQL ] SHOW COLUMNS FROM `config` [ RunTime:0.034000s ]
[ sql ] [ SQL ] SELECT * FROM `config` WHERE  `type` = 'system' [ RunTime:0.001000s ]
[ sql ] [ SQL ] SHOW COLUMNS FROM `auth_group_access` [ RunTime:0.034000s ]
[ sql ] [ SQL ] SELECT * FROM `auth_group_access` `a` INNER JOIN `auth_group` `g` ON `a`.`group_id`=`g`.`id` WHERE  (  a.uid='1' and g.status='1' ) [ RunTime:0.002000s ]
[ sql ] [ SQL ] SHOW COLUMNS FROM `auth_rule` [ RunTime:0.033000s ]
[ sql ] [ SQL ] SELECT * FROM `auth_rule` WHERE  `id` IN (1,2,3,4,5,9,11,6,7,8,10,12,13,14,15,16,18,19,17,20,21,22,23,24,25,26,27,28,29,30,31,32,33,34,35,37,38,39,40,41,42,43,44,45,46,47,48,49,50,51,52)  AND `type` = 1  AND `status` = 1 [ RunTime:0.002000s ]
[ sql ] [ SQL ] SHOW COLUMNS FROM `category` [ RunTime:0.033000s ]
[ sql ] [ SQL ] SELECT * FROM `category` ORDER BY sort asc, id desc [ RunTime:0.001000s ]
---------------------------------------------------------------
[ 2018-02-13T15:31:19+08:00 ] 127.0.0.1 127.0.0.1 GET /admin/category/save/4
[ info ] chiqinga.com/admin/category/save/4 [运行时间：0.310000s][吞吐率：3.23req/s] [内存消耗：2,320.72kb] [文件加载：63]
[ info ] [ LANG ] E:\www\bolg\chiqinga\chiqinga\thinkphp\lang\zh-cn.php
[ info ] [ ROUTE ] array (
  'type' => 'module',
  'module' => 
  array (
    0 => 'admin',
    1 => 'category',
    2 => 'save',
  ),
  'convert' => false,
)
[ info ] [ HEADER ] array (
  'cookie' => 'PHPSESSID=b36369ccggkf34g5d3erck4cd5; danger=lock',
  'accept-language' => 'zh-CN,zh;q=0.9,en;q=0.8',
  'accept-encoding' => 'gzip, deflate',
  'referer' => 'http://chiqinga.com/admin/index',
  'user-agent' => 'Mozilla/5.0 (Windows NT 6.1; Win64; x64) AppleWebKit/537.36 (KHTML, like Gecko) Chrome/64.0.3282.140 Safari/537.36',
  'x-requested-with' => 'XMLHttpRequest',
  'accept' => '*/*',
  'cache-control' => 'no-cache',
  'pragma' => 'no-cache',
  'connection' => 'close',
  'host' => 'chiqinga.com',
)
[ info ] [ PARAM ] array (
  'id' => '4',
)
[ info ] [ SESSION ] INIT array (
  'auto_start' => true,
  'expire' => 604800,
)
[ info ] [ DB ] INIT mysql
[ info ] [ RUN ] app\admin\controller\Category->save[ E:\www\bolg\chiqinga\chiqinga\app\admin\controller\Category.php ]
[ info ] [ VIEW ] E:\www\bolg\chiqinga\chiqinga\public/../app/admin\view\category\save.html [ array (
  0 => 'SiteaName',
  1 => 'SiteaUrl',
  2 => 'MetaCopyright',
  3 => 'RecordNo',
  4 => 'SiteaLogo',
  5 => 'category',
) ]
[ info ] [ LOG ] INIT File
[ sql ] [ DB ] CONNECT:[ UseTime:0.011000s ] mysql:host=127.0.0.1;dbname=chiqing;charset=utf8
[ sql ] [ SQL ] SHOW COLUMNS FROM `config` [ RunTime:0.042000s ]
[ sql ] [ SQL ] SELECT * FROM `config` WHERE  `type` = 'system' [ RunTime:0.001000s ]
[ sql ] [ SQL ] SHOW COLUMNS FROM `auth_group_access` [ RunTime:0.044000s ]
[ sql ] [ SQL ] SELECT * FROM `auth_group_access` `a` INNER JOIN `auth_group` `g` ON `a`.`group_id`=`g`.`id` WHERE  (  a.uid='1' and g.status='1' ) [ RunTime:0.001000s ]
[ sql ] [ SQL ] SHOW COLUMNS FROM `auth_rule` [ RunTime:0.042000s ]
[ sql ] [ SQL ] SELECT * FROM `auth_rule` WHERE  `id` IN (1,2,3,4,5,9,11,6,7,8,10,12,13,14,15,16,18,19,17,20,21,22,23,24,25,26,27,28,29,30,31,32,33,34,35,37,38,39,40,41,42,43,44,45,46,47,48,49,50,51,52)  AND `type` = 1  AND `status` = 1 [ RunTime:0.002000s ]
[ sql ] [ SQL ] SHOW COLUMNS FROM `category` [ RunTime:0.042000s ]
[ sql ] [ SQL ] SELECT * FROM `category` WHERE  `id` = 4 LIMIT 1 [ RunTime:0.001000s ]
---------------------------------------------------------------
[ 2018-02-13T15:31:58+08:00 ] 127.0.0.1 127.0.0.1 POST /Admin/Category
[ info ] chiqinga.com/Admin/Category [运行时间：0.246000s][吞吐率：4.07req/s] [内存消耗：2,148.55kb] [文件加载：61]
[ info ] [ LANG ] E:\www\bolg\chiqinga\chiqinga\thinkphp\lang\zh-cn.php
[ info ] [ ROUTE ] array (
  'type' => 'module',
  'module' => 
  array (
    0 => 'admin',
    1 => 'Category',
    2 => NULL,
  ),
)
[ info ] [ HEADER ] array (
  'cookie' => 'PHPSESSID=b36369ccggkf34g5d3erck4cd5; danger=lock',
  'accept-language' => 'zh-CN,zh;q=0.9,en;q=0.8',
  'accept-encoding' => 'gzip, deflate',
  'referer' => 'http://chiqinga.com/admin/index',
  'user-agent' => 'Mozilla/5.0 (Windows NT 6.1; Win64; x64) AppleWebKit/537.36 (KHTML, like Gecko) Chrome/64.0.3282.140 Safari/537.36',
  'x-requested-with' => 'XMLHttpRequest',
  'origin' => 'http://chiqinga.com',
  'accept' => '*/*',
  'cache-control' => 'no-cache',
  'pragma' => 'no-cache',
  'content-length' => '0',
  'connection' => 'close',
  'host' => 'chiqinga.com',
)
[ info ] [ PARAM ] array (
)
[ info ] [ SESSION ] INIT array (
  'auto_start' => true,
  'expire' => 604800,
)
[ info ] [ DB ] INIT mysql
[ info ] [ RUN ] app\admin\controller\Category->index[ E:\www\bolg\chiqinga\chiqinga\app\admin\controller\Category.php ]
[ info ] [ VIEW ] E:\www\bolg\chiqinga\chiqinga\public/../app/admin\view\category\index.html [ array (
  0 => 'SiteaName',
  1 => 'SiteaUrl',
  2 => 'MetaCopyright',
  3 => 'RecordNo',
  4 => 'SiteaLogo',
  5 => 'list',
) ]
[ info ] [ LOG ] INIT File
[ sql ] [ DB ] CONNECT:[ UseTime:0.004000s ] mysql:host=127.0.0.1;dbname=chiqing;charset=utf8
[ sql ] [ SQL ] SHOW COLUMNS FROM `config` [ RunTime:0.030000s ]
[ sql ] [ SQL ] SELECT * FROM `config` WHERE  `type` = 'system' [ RunTime:0.001000s ]
[ sql ] [ SQL ] SHOW COLUMNS FROM `auth_group_access` [ RunTime:0.030000s ]
[ sql ] [ SQL ] SELECT * FROM `auth_group_access` `a` INNER JOIN `auth_group` `g` ON `a`.`group_id`=`g`.`id` WHERE  (  a.uid='1' and g.status='1' ) [ RunTime:0.001000s ]
[ sql ] [ SQL ] SHOW COLUMNS FROM `auth_rule` [ RunTime:0.031000s ]
[ sql ] [ SQL ] SELECT * FROM `auth_rule` WHERE  `id` IN (1,2,3,4,5,9,11,6,7,8,10,12,13,14,15,16,18,19,17,20,21,22,23,24,25,26,27,28,29,30,31,32,33,34,35,37,38,39,40,41,42,43,44,45,46,47,48,49,50,51,52)  AND `type` = 1  AND `status` = 1 [ RunTime:0.002000s ]
[ sql ] [ SQL ] SHOW COLUMNS FROM `category` [ RunTime:0.032000s ]
[ sql ] [ SQL ] SELECT * FROM `category` ORDER BY sort asc, id desc [ RunTime:0.001000s ]
---------------------------------------------------------------
[ 2018-02-13T15:32:07+08:00 ] 127.0.0.1 127.0.0.1 GET /admin/category/save/16
[ info ] chiqinga.com/admin/category/save/16 [运行时间：0.231000s][吞吐率：4.33req/s] [内存消耗：2,320.71kb] [文件加载：63]
[ info ] [ LANG ] E:\www\bolg\chiqinga\chiqinga\thinkphp\lang\zh-cn.php
[ info ] [ ROUTE ] array (
  'type' => 'module',
  'module' => 
  array (
    0 => 'admin',
    1 => 'category',
    2 => 'save',
  ),
  'convert' => false,
)
[ info ] [ HEADER ] array (
  'cookie' => 'PHPSESSID=b36369ccggkf34g5d3erck4cd5; danger=lock',
  'accept-language' => 'zh-CN,zh;q=0.9,en;q=0.8',
  'accept-encoding' => 'gzip, deflate',
  'referer' => 'http://chiqinga.com/admin/index',
  'user-agent' => 'Mozilla/5.0 (Windows NT 6.1; Win64; x64) AppleWebKit/537.36 (KHTML, like Gecko) Chrome/64.0.3282.140 Safari/537.36',
  'x-requested-with' => 'XMLHttpRequest',
  'accept' => '*/*',
  'cache-control' => 'no-cache',
  'pragma' => 'no-cache',
  'connection' => 'close',
  'host' => 'chiqinga.com',
)
[ info ] [ PARAM ] array (
  'id' => '16',
)
[ info ] [ SESSION ] INIT array (
  'auto_start' => true,
  'expire' => 604800,
)
[ info ] [ DB ] INIT mysql
[ info ] [ RUN ] app\admin\controller\Category->save[ E:\www\bolg\chiqinga\chiqinga\app\admin\controller\Category.php ]
[ info ] [ VIEW ] E:\www\bolg\chiqinga\chiqinga\public/../app/admin\view\category\save.html [ array (
  0 => 'SiteaName',
  1 => 'SiteaUrl',
  2 => 'MetaCopyright',
  3 => 'RecordNo',
  4 => 'SiteaLogo',
  5 => 'category',
) ]
[ info ] [ LOG ] INIT File
[ sql ] [ DB ] CONNECT:[ UseTime:0.011000s ] mysql:host=127.0.0.1;dbname=chiqing;charset=utf8
[ sql ] [ SQL ] SHOW COLUMNS FROM `config` [ RunTime:0.030000s ]
[ sql ] [ SQL ] SELECT * FROM `config` WHERE  `type` = 'system' [ RunTime:0.001000s ]
[ sql ] [ SQL ] SHOW COLUMNS FROM `auth_group_access` [ RunTime:0.030000s ]
[ sql ] [ SQL ] SELECT * FROM `auth_group_access` `a` INNER JOIN `auth_group` `g` ON `a`.`group_id`=`g`.`id` WHERE  (  a.uid='1' and g.status='1' ) [ RunTime:0.001000s ]
[ sql ] [ SQL ] SHOW COLUMNS FROM `auth_rule` [ RunTime:0.030000s ]
[ sql ] [ SQL ] SELECT * FROM `auth_rule` WHERE  `id` IN (1,2,3,4,5,9,11,6,7,8,10,12,13,14,15,16,18,19,17,20,21,22,23,24,25,26,27,28,29,30,31,32,33,34,35,37,38,39,40,41,42,43,44,45,46,47,48,49,50,51,52)  AND `type` = 1  AND `status` = 1 [ RunTime:0.002000s ]
[ sql ] [ SQL ] SHOW COLUMNS FROM `category` [ RunTime:0.030000s ]
[ sql ] [ SQL ] SELECT * FROM `category` WHERE  `id` = 16 LIMIT 1 [ RunTime:0.001000s ]
---------------------------------------------------------------
[ 2018-02-13T15:58:39+08:00 ] 127.0.0.1 127.0.0.1 GET /admin/index
[ info ] chiqinga.com/admin/index [运行时间：0.316000s][吞吐率：3.16req/s] [内存消耗：2,210.28kb] [文件加载：64]
[ info ] [ LANG ] E:\www\bolg\chiqinga\chiqinga\thinkphp\lang\zh-cn.php
[ info ] [ ROUTE ] array (
  'type' => 'module',
  'module' => 
  array (
    0 => 'admin',
    1 => 'index',
    2 => NULL,
  ),
)
[ info ] [ HEADER ] array (
  'cookie' => 'PHPSESSID=b36369ccggkf34g5d3erck4cd5; danger=lock',
  'accept-language' => 'zh-CN,zh;q=0.9,en;q=0.8',
  'accept-encoding' => 'gzip, deflate',
  'accept' => 'text/html,application/xhtml+xml,application/xml;q=0.9,image/webp,image/apng,*/*;q=0.8',
  'user-agent' => 'Mozilla/5.0 (Windows NT 6.1; Win64; x64) AppleWebKit/537.36 (KHTML, like Gecko) Chrome/64.0.3282.140 Safari/537.36',
  'upgrade-insecure-requests' => '1',
  'connection' => 'close',
  'host' => 'chiqinga.com',
)
[ info ] [ PARAM ] array (
)
[ info ] [ SESSION ] INIT array (
  'auto_start' => true,
  'expire' => 604800,
)
[ info ] [ DB ] INIT mysql
[ info ] [ RUN ] app\admin\controller\Index->index[ E:\www\bolg\chiqinga\chiqinga\app\admin\controller\Index.php ]
[ info ] [ CACHE ] INIT File
[ info ] [ VIEW ] E:\www\bolg\chiqinga\chiqinga\public/../app/admin\view\index\index.html [ array (
  0 => 'SiteaName',
  1 => 'SiteaUrl',
  2 => 'MetaCopyright',
  3 => 'RecordNo',
  4 => 'SiteaLogo',
  5 => 'affiche',
  6 => 'os',
  7 => 'log',
  8 => 'copy',
  9 => 'articled',
  10 => 'article',
  11 => 'feedback_d',
  12 => 'feedback',
  13 => 'feedbacks',
  14 => 'Copyright',
  15 => 'title',
  16 => 'user',
) ]
[ info ] [ LOG ] INIT File
[ sql ] [ DB ] CONNECT:[ UseTime:0.004000s ] mysql:host=127.0.0.1;dbname=chiqing;charset=utf8
[ sql ] [ SQL ] SHOW COLUMNS FROM `config` [ RunTime:0.030000s ]
[ sql ] [ SQL ] SELECT * FROM `config` WHERE  `type` = 'system' [ RunTime:0.001000s ]
[ sql ] [ SQL ] SHOW COLUMNS FROM `auth_group_access` [ RunTime:0.031000s ]
[ sql ] [ SQL ] SELECT * FROM `auth_group_access` `a` INNER JOIN `auth_group` `g` ON `a`.`group_id`=`g`.`id` WHERE  (  a.uid='1' and g.status='1' ) [ RunTime:0.002000s ]
[ sql ] [ SQL ] SHOW COLUMNS FROM `auth_rule` [ RunTime:0.030000s ]
[ sql ] [ SQL ] SELECT * FROM `auth_rule` WHERE  `id` IN (1,2,3,4,5,9,11,6,7,8,10,12,13,14,15,16,18,19,17,20,21,22,23,24,25,26,27,28,29,30,31,32,33,34,35,37,38,39,40,41,42,43,44,45,46,47,48,49,50,51,52)  AND `type` = 1  AND `status` = 1 [ RunTime:0.002000s ]
[ sql ] [ SQL ] SELECT `v` FROM `config` WHERE  `key` = 'Affiche' ORDER BY `id` LIMIT 1 [ RunTime:0.001000s ]
[ sql ] [ SQL ] SHOW COLUMNS FROM `user_log` [ RunTime:0.031000s ]
[ sql ] [ SQL ] SELECT * FROM `user_log` ORDER BY id desc LIMIT 7 [ RunTime:0.001000s ]
[ sql ] [ SQL ] SHOW COLUMNS FROM `article` [ RunTime:0.030000s ]
[ sql ] [ SQL ] SELECT COUNT(*) AS tp_count FROM `article` WHERE  `time` > '1518451200' LIMIT 1 [ RunTime:0.001000s ]
[ sql ] [ SQL ] SELECT COUNT(*) AS tp_count FROM `article` LIMIT 1 [ RunTime:0.001000s ]
[ sql ] [ SQL ] SHOW COLUMNS FROM `feedback` [ RunTime:0.034000s ]
[ sql ] [ SQL ] SELECT COUNT(*) AS tp_count FROM `feedback` WHERE  `time` > '1518451200' LIMIT 1 [ RunTime:0.001000s ]
[ sql ] [ SQL ] SELECT COUNT(*) AS tp_count FROM `feedback` LIMIT 1 [ RunTime:0.001000s ]
[ sql ] [ SQL ] SELECT * FROM `feedback` ORDER BY `time`  desc LIMIT 5 [ RunTime:0.002000s ]
---------------------------------------------------------------
[ 2018-02-13T15:58:51+08:00 ] 127.0.0.1 127.0.0.1 GET /uploads/20180212/9a8403b866b47f34d0fcef378ba0a7a6.jpg
[ info ] chiqinga.com/uploads/20180212/9a8403b866b47f34d0fcef378ba0a7a6.jpg [运行时间：0.342000s][吞吐率：2.92req/s] [内存消耗：1,232.86kb] [文件加载：41]
[ info ] [ LANG ] E:\www\bolg\chiqinga\chiqinga\thinkphp\lang\zh-cn.php
[ info ] [ ROUTE ] array (
  'type' => 'module',
  'module' => 
  array (
    0 => 'uploads',
    1 => '20180212',
    2 => '9a8403b866b47f34d0fcef378ba0a7a6.jpg',
  ),
)
[ info ] [ HEADER ] array (
  'cookie' => 'PHPSESSID=b36369ccggkf34g5d3erck4cd5; danger=lock',
  'accept-language' => 'zh-CN,zh;q=0.9,en;q=0.8',
  'accept-encoding' => 'gzip, deflate',
  'accept' => 'text/html,application/xhtml+xml,application/xml;q=0.9,image/webp,image/apng,*/*;q=0.8',
  'user-agent' => 'Mozilla/5.0 (Windows NT 6.1; Win64; x64) AppleWebKit/537.36 (KHTML, like Gecko) Chrome/64.0.3282.140 Safari/537.36',
  'upgrade-insecure-requests' => '1',
  'connection' => 'close',
  'host' => 'chiqinga.com',
)
[ info ] [ PARAM ] array (
)
[ info ] [ LOG ] INIT File
---------------------------------------------------------------
[ 2018-02-13T15:58:58+08:00 ] 127.0.0.1 127.0.0.1 GET /admin/uploads/20180212/9a8403b866b47f34d0fcef378ba0a7a6.jpg
[ info ] chiqinga.com/admin/uploads/20180212/9a8403b866b47f34d0fcef378ba0a7a6.jpg [运行时间：0.083000s][吞吐率：12.05req/s] [内存消耗：1,256.95kb] [文件加载：47]
[ info ] [ LANG ] E:\www\bolg\chiqinga\chiqinga\thinkphp\lang\zh-cn.php
[ info ] [ ROUTE ] array (
  'type' => 'module',
  'module' => 
  array (
    0 => 'admin',
    1 => 'uploads',
    2 => '20180212',
  ),
)
[ info ] [ HEADER ] array (
  'cookie' => 'PHPSESSID=b36369ccggkf34g5d3erck4cd5; danger=lock',
  'accept-language' => 'zh-CN,zh;q=0.9,en;q=0.8',
  'accept-encoding' => 'gzip, deflate',
  'accept' => 'text/html,application/xhtml+xml,application/xml;q=0.9,image/webp,image/apng,*/*;q=0.8',
  'user-agent' => 'Mozilla/5.0 (Windows NT 6.1; Win64; x64) AppleWebKit/537.36 (KHTML, like Gecko) Chrome/64.0.3282.140 Safari/537.36',
  'upgrade-insecure-requests' => '1',
  'connection' => 'close',
  'host' => 'chiqinga.com',
)
[ info ] [ PARAM ] array (
)
[ info ] [ LOG ] INIT File
---------------------------------------------------------------
[ 2018-02-13T15:59:04+08:00 ] 127.0.0.1 127.0.0.1 GET /uploads/20180212/9a8403b866b47f34d0fcef378ba0a7a6.jpg
[ info ] chiqinga.com/uploads/20180212/9a8403b866b47f34d0fcef378ba0a7a6.jpg [运行时间：0.057000s][吞吐率：17.54req/s] [内存消耗：1,232.86kb] [文件加载：41]
[ info ] [ LANG ] E:\www\bolg\chiqinga\chiqinga\thinkphp\lang\zh-cn.php
[ info ] [ ROUTE ] array (
  'type' => 'module',
  'module' => 
  array (
    0 => 'uploads',
    1 => '20180212',
    2 => '9a8403b866b47f34d0fcef378ba0a7a6.jpg',
  ),
)
[ info ] [ HEADER ] array (
  'cookie' => 'PHPSESSID=b36369ccggkf34g5d3erck4cd5; danger=lock',
  'accept-language' => 'zh-CN,zh;q=0.9,en;q=0.8',
  'accept-encoding' => 'gzip, deflate',
  'accept' => 'text/html,application/xhtml+xml,application/xml;q=0.9,image/webp,image/apng,*/*;q=0.8',
  'user-agent' => 'Mozilla/5.0 (Windows NT 6.1; Win64; x64) AppleWebKit/537.36 (KHTML, like Gecko) Chrome/64.0.3282.140 Safari/537.36',
  'upgrade-insecure-requests' => '1',
  'connection' => 'close',
  'host' => 'chiqinga.com',
)
[ info ] [ PARAM ] array (
)
[ info ] [ LOG ] INIT File
---------------------------------------------------------------
[ 2018-02-13T15:59:23+08:00 ] 127.0.0.1 127.0.0.1 GET /uploads/20180212/9a8403b866b47f34d0fcef378ba0a7a6.jpg
[ info ] chiqinga.com/uploads/20180212/9a8403b866b47f34d0fcef378ba0a7a6.jpg [运行时间：0.061600s][吞吐率：16.23req/s] [内存消耗：1,233.14kb] [文件加载：41]
[ info ] [ LANG ] E:\www\bolg\chiqinga\chiqinga\thinkphp\lang\zh-cn.php
[ info ] [ ROUTE ] array (
  'type' => 'module',
  'module' => 
  array (
    0 => 'uploads',
    1 => '20180212',
    2 => '9a8403b866b47f34d0fcef378ba0a7a6.jpg',
  ),
)
[ info ] [ HEADER ] array (
  'cookie' => 'PHPSESSID=b36369ccggkf34g5d3erck4cd5; danger=lock',
  'accept-language' => 'zh-CN,zh;q=0.9,en;q=0.8',
  'accept-encoding' => 'gzip, deflate',
  'accept' => 'text/html,application/xhtml+xml,application/xml;q=0.9,image/webp,image/apng,*/*;q=0.8',
  'user-agent' => 'Mozilla/5.0 (Windows NT 6.1; Win64; x64) AppleWebKit/537.36 (KHTML, like Gecko) Chrome/64.0.3282.140 Safari/537.36',
  'upgrade-insecure-requests' => '1',
  'cache-control' => 'max-age=0',
  'connection' => 'close',
  'host' => 'chiqinga.com',
)
[ info ] [ PARAM ] array (
)
[ info ] [ LOG ] INIT File
---------------------------------------------------------------
[ 2018-02-13T21:11:16+08:00 ] 127.0.0.1 127.0.0.1 POST /admin/category
[ info ] chiqinga.com/admin/category [运行时间：0.359000s][吞吐率：2.79req/s] [内存消耗：2,148.44kb] [文件加载：61]
[ info ] [ LANG ] E:\www\bolg\chiqinga\chiqinga\thinkphp\lang\zh-cn.php
[ info ] [ ROUTE ] array (
  'type' => 'module',
  'module' => 
  array (
    0 => 'admin',
    1 => 'category',
    2 => NULL,
  ),
)
[ info ] [ HEADER ] array (
  'cookie' => 'PHPSESSID=b36369ccggkf34g5d3erck4cd5; danger=lock',
  'accept-language' => 'zh-CN,zh;q=0.9,en;q=0.8',
  'accept-encoding' => 'gzip, deflate',
  'referer' => 'http://chiqinga.com/admin/index',
  'user-agent' => 'Mozilla/5.0 (Windows NT 6.1; Win64; x64) AppleWebKit/537.36 (KHTML, like Gecko) Chrome/64.0.3282.140 Safari/537.36',
  'x-requested-with' => 'XMLHttpRequest',
  'origin' => 'http://chiqinga.com',
  'accept' => '*/*',
  'content-length' => '0',
  'connection' => 'close',
  'host' => 'chiqinga.com',
)
[ info ] [ PARAM ] array (
)
[ info ] [ SESSION ] INIT array (
  'auto_start' => true,
  'expire' => 604800,
)
[ info ] [ DB ] INIT mysql
[ info ] [ RUN ] app\admin\controller\Category->index[ E:\www\bolg\chiqinga\chiqinga\app\admin\controller\Category.php ]
[ info ] [ VIEW ] E:\www\bolg\chiqinga\chiqinga\public/../app/admin\view\category\index.html [ array (
  0 => 'SiteaName',
  1 => 'SiteaUrl',
  2 => 'MetaCopyright',
  3 => 'RecordNo',
  4 => 'SiteaLogo',
  5 => 'list',
) ]
[ info ] [ LOG ] INIT File
[ sql ] [ DB ] CONNECT:[ UseTime:0.012000s ] mysql:host=127.0.0.1;dbname=chiqing;charset=utf8
[ sql ] [ SQL ] SHOW COLUMNS FROM `config` [ RunTime:0.049000s ]
[ sql ] [ SQL ] SELECT * FROM `config` WHERE  `type` = 'system' [ RunTime:0.002000s ]
[ sql ] [ SQL ] SHOW COLUMNS FROM `auth_group_access` [ RunTime:0.048000s ]
[ sql ] [ SQL ] SELECT * FROM `auth_group_access` `a` INNER JOIN `auth_group` `g` ON `a`.`group_id`=`g`.`id` WHERE  (  a.uid='1' and g.status='1' ) [ RunTime:0.002000s ]
[ sql ] [ SQL ] SHOW COLUMNS FROM `auth_rule` [ RunTime:0.048000s ]
[ sql ] [ SQL ] SELECT * FROM `auth_rule` WHERE  `id` IN (1,2,3,4,5,9,11,6,7,8,10,12,13,14,15,16,18,19,17,20,21,22,23,24,25,26,27,28,29,30,31,32,33,34,35,37,38,39,40,41,42,43,44,45,46,47,48,49,50,51,52)  AND `type` = 1  AND `status` = 1 [ RunTime:0.003000s ]
[ sql ] [ SQL ] SHOW COLUMNS FROM `category` [ RunTime:0.052000s ]
[ sql ] [ SQL ] SELECT * FROM `category` ORDER BY sort asc, id desc [ RunTime:0.001000s ]
---------------------------------------------------------------
[ 2018-02-13T21:11:19+08:00 ] 127.0.0.1 127.0.0.1 POST /admin/index
[ info ] chiqinga.com/admin/index [运行时间：0.481000s][吞吐率：2.08req/s] [内存消耗：2,238.94kb] [文件加载：64]
[ info ] [ LANG ] E:\www\bolg\chiqinga\chiqinga\thinkphp\lang\zh-cn.php
[ info ] [ ROUTE ] array (
  'type' => 'module',
  'module' => 
  array (
    0 => 'admin',
    1 => 'index',
    2 => NULL,
  ),
)
[ info ] [ HEADER ] array (
  'cookie' => 'PHPSESSID=b36369ccggkf34g5d3erck4cd5; danger=lock',
  'accept-language' => 'zh-CN,zh;q=0.9,en;q=0.8',
  'accept-encoding' => 'gzip, deflate',
  'referer' => 'http://chiqinga.com/admin/index',
  'user-agent' => 'Mozilla/5.0 (Windows NT 6.1; Win64; x64) AppleWebKit/537.36 (KHTML, like Gecko) Chrome/64.0.3282.140 Safari/537.36',
  'x-requested-with' => 'XMLHttpRequest',
  'origin' => 'http://chiqinga.com',
  'accept' => '*/*',
  'content-length' => '0',
  'connection' => 'close',
  'host' => 'chiqinga.com',
)
[ info ] [ PARAM ] array (
)
[ info ] [ SESSION ] INIT array (
  'auto_start' => true,
  'expire' => 604800,
)
[ info ] [ DB ] INIT mysql
[ info ] [ RUN ] app\admin\controller\Index->index[ E:\www\bolg\chiqinga\chiqinga\app\admin\controller\Index.php ]
[ info ] [ CACHE ] INIT File
[ info ] [ VIEW ] E:\www\bolg\chiqinga\chiqinga\public/../app/admin\view\index\indexs.html [ array (
  0 => 'SiteaName',
  1 => 'SiteaUrl',
  2 => 'MetaCopyright',
  3 => 'RecordNo',
  4 => 'SiteaLogo',
  5 => 'affiche',
  6 => 'os',
  7 => 'log',
  8 => 'copy',
  9 => 'articled',
  10 => 'article',
  11 => 'feedback_d',
  12 => 'feedback',
  13 => 'feedbacks',
) ]
[ info ] [ LOG ] INIT File
[ sql ] [ DB ] CONNECT:[ UseTime:0.011000s ] mysql:host=127.0.0.1;dbname=chiqing;charset=utf8
[ sql ] [ SQL ] SHOW COLUMNS FROM `config` [ RunTime:0.058000s ]
[ sql ] [ SQL ] SELECT * FROM `config` WHERE  `type` = 'system' [ RunTime:0.001000s ]
[ sql ] [ SQL ] SHOW COLUMNS FROM `auth_group_access` [ RunTime:0.050000s ]
[ sql ] [ SQL ] SELECT * FROM `auth_group_access` `a` INNER JOIN `auth_group` `g` ON `a`.`group_id`=`g`.`id` WHERE  (  a.uid='1' and g.status='1' ) [ RunTime:0.002000s ]
[ sql ] [ SQL ] SHOW COLUMNS FROM `auth_rule` [ RunTime:0.051000s ]
[ sql ] [ SQL ] SELECT * FROM `auth_rule` WHERE  `id` IN (1,2,3,4,5,9,11,6,7,8,10,12,13,14,15,16,18,19,17,20,21,22,23,24,25,26,27,28,29,30,31,32,33,34,35,37,38,39,40,41,42,43,44,45,46,47,48,49,50,51,52)  AND `type` = 1  AND `status` = 1 [ RunTime:0.003000s ]
[ sql ] [ SQL ] SELECT `v` FROM `config` WHERE  `key` = 'Affiche' ORDER BY `id` LIMIT 1 [ RunTime:0.002000s ]
[ sql ] [ SQL ] SHOW COLUMNS FROM `user_log` [ RunTime:0.054000s ]
[ sql ] [ SQL ] SELECT * FROM `user_log` ORDER BY id desc LIMIT 7 [ RunTime:0.001000s ]
[ sql ] [ SQL ] SHOW COLUMNS FROM `article` [ RunTime:0.054000s ]
[ sql ] [ SQL ] SELECT COUNT(*) AS tp_count FROM `article` WHERE  `time` > '1518451200' LIMIT 1 [ RunTime:0.001000s ]
[ sql ] [ SQL ] SELECT COUNT(*) AS tp_count FROM `article` LIMIT 1 [ RunTime:0.001000s ]
[ sql ] [ SQL ] SHOW COLUMNS FROM `feedback` [ RunTime:0.051000s ]
[ sql ] [ SQL ] SELECT COUNT(*) AS tp_count FROM `feedback` WHERE  `time` > '1518451200' LIMIT 1 [ RunTime:0.001000s ]
[ sql ] [ SQL ] SELECT COUNT(*) AS tp_count FROM `feedback` LIMIT 1 [ RunTime:0.001000s ]
[ sql ] [ SQL ] SELECT * FROM `feedback` ORDER BY `time`  desc LIMIT 5 [ RunTime:0.002000s ]
---------------------------------------------------------------
[ 2018-02-13T21:11:54+08:00 ] 127.0.0.1 127.0.0.1 POST /admin/index
[ info ] chiqinga.com/admin/index [运行时间：0.444000s][吞吐率：2.25req/s] [内存消耗：2,238.94kb] [文件加载：64]
[ info ] [ LANG ] E:\www\bolg\chiqinga\chiqinga\thinkphp\lang\zh-cn.php
[ info ] [ ROUTE ] array (
  'type' => 'module',
  'module' => 
  array (
    0 => 'admin',
    1 => 'index',
    2 => NULL,
  ),
)
[ info ] [ HEADER ] array (
  'cookie' => 'PHPSESSID=b36369ccggkf34g5d3erck4cd5; danger=lock',
  'accept-language' => 'zh-CN,zh;q=0.9,en;q=0.8',
  'accept-encoding' => 'gzip, deflate',
  'referer' => 'http://chiqinga.com/admin/index',
  'user-agent' => 'Mozilla/5.0 (Windows NT 6.1; Win64; x64) AppleWebKit/537.36 (KHTML, like Gecko) Chrome/64.0.3282.140 Safari/537.36',
  'x-requested-with' => 'XMLHttpRequest',
  'origin' => 'http://chiqinga.com',
  'accept' => '*/*',
  'content-length' => '0',
  'connection' => 'close',
  'host' => 'chiqinga.com',
)
[ info ] [ PARAM ] array (
)
[ info ] [ SESSION ] INIT array (
  'auto_start' => true,
  'expire' => 604800,
)
[ info ] [ DB ] INIT mysql
[ info ] [ RUN ] app\admin\controller\Index->index[ E:\www\bolg\chiqinga\chiqinga\app\admin\controller\Index.php ]
[ info ] [ CACHE ] INIT File
[ info ] [ VIEW ] E:\www\bolg\chiqinga\chiqinga\public/../app/admin\view\index\indexs.html [ array (
  0 => 'SiteaName',
  1 => 'SiteaUrl',
  2 => 'MetaCopyright',
  3 => 'RecordNo',
  4 => 'SiteaLogo',
  5 => 'affiche',
  6 => 'os',
  7 => 'log',
  8 => 'copy',
  9 => 'articled',
  10 => 'article',
  11 => 'feedback_d',
  12 => 'feedback',
  13 => 'feedbacks',
) ]
[ info ] [ LOG ] INIT File
[ sql ] [ DB ] CONNECT:[ UseTime:0.011000s ] mysql:host=127.0.0.1;dbname=chiqing;charset=utf8
[ sql ] [ SQL ] SHOW COLUMNS FROM `config` [ RunTime:0.046000s ]
[ sql ] [ SQL ] SELECT * FROM `config` WHERE  `type` = 'system' [ RunTime:0.002000s ]
[ sql ] [ SQL ] SHOW COLUMNS FROM `auth_group_access` [ RunTime:0.049000s ]
[ sql ] [ SQL ] SELECT * FROM `auth_group_access` `a` INNER JOIN `auth_group` `g` ON `a`.`group_id`=`g`.`id` WHERE  (  a.uid='1' and g.status='1' ) [ RunTime:0.001000s ]
[ sql ] [ SQL ] SHOW COLUMNS FROM `auth_rule` [ RunTime:0.050000s ]
[ sql ] [ SQL ] SELECT * FROM `auth_rule` WHERE  `id` IN (1,2,3,4,5,9,11,6,7,8,10,12,13,14,15,16,18,19,17,20,21,22,23,24,25,26,27,28,29,30,31,32,33,34,35,37,38,39,40,41,42,43,44,45,46,47,48,49,50,51,52)  AND `type` = 1  AND `status` = 1 [ RunTime:0.002000s ]
[ sql ] [ SQL ] SELECT `v` FROM `config` WHERE  `key` = 'Affiche' ORDER BY `id` LIMIT 1 [ RunTime:0.001000s ]
[ sql ] [ SQL ] SHOW COLUMNS FROM `user_log` [ RunTime:0.048000s ]
[ sql ] [ SQL ] SELECT * FROM `user_log` ORDER BY id desc LIMIT 7 [ RunTime:0.001000s ]
[ sql ] [ SQL ] SHOW COLUMNS FROM `article` [ RunTime:0.047000s ]
[ sql ] [ SQL ] SELECT COUNT(*) AS tp_count FROM `article` WHERE  `time` > '1518451200' LIMIT 1 [ RunTime:0.001000s ]
[ sql ] [ SQL ] SELECT COUNT(*) AS tp_count FROM `article` LIMIT 1 [ RunTime:0.001000s ]
[ sql ] [ SQL ] SHOW COLUMNS FROM `feedback` [ RunTime:0.048000s ]
[ sql ] [ SQL ] SELECT COUNT(*) AS tp_count FROM `feedback` WHERE  `time` > '1518451200' LIMIT 1 [ RunTime:0.001000s ]
[ sql ] [ SQL ] SELECT COUNT(*) AS tp_count FROM `feedback` LIMIT 1 [ RunTime:0.001000s ]
[ sql ] [ SQL ] SELECT * FROM `feedback` ORDER BY `time`  desc LIMIT 5 [ RunTime:0.002000s ]
---------------------------------------------------------------
[ 2018-02-13T21:11:58+08:00 ] 127.0.0.1 127.0.0.1 POST /admin/index
[ info ] chiqinga.com/admin/index [运行时间：0.390000s][吞吐率：2.56req/s] [内存消耗：2,238.94kb] [文件加载：64]
[ info ] [ LANG ] E:\www\bolg\chiqinga\chiqinga\thinkphp\lang\zh-cn.php
[ info ] [ ROUTE ] array (
  'type' => 'module',
  'module' => 
  array (
    0 => 'admin',
    1 => 'index',
    2 => NULL,
  ),
)
[ info ] [ HEADER ] array (
  'cookie' => 'PHPSESSID=b36369ccggkf34g5d3erck4cd5; danger=lock',
  'accept-language' => 'zh-CN,zh;q=0.9,en;q=0.8',
  'accept-encoding' => 'gzip, deflate',
  'referer' => 'http://chiqinga.com/admin/index',
  'user-agent' => 'Mozilla/5.0 (Windows NT 6.1; Win64; x64) AppleWebKit/537.36 (KHTML, like Gecko) Chrome/64.0.3282.140 Safari/537.36',
  'x-requested-with' => 'XMLHttpRequest',
  'origin' => 'http://chiqinga.com',
  'accept' => '*/*',
  'content-length' => '0',
  'connection' => 'close',
  'host' => 'chiqinga.com',
)
[ info ] [ PARAM ] array (
)
[ info ] [ SESSION ] INIT array (
  'auto_start' => true,
  'expire' => 604800,
)
[ info ] [ DB ] INIT mysql
[ info ] [ RUN ] app\admin\controller\Index->index[ E:\www\bolg\chiqinga\chiqinga\app\admin\controller\Index.php ]
[ info ] [ CACHE ] INIT File
[ info ] [ VIEW ] E:\www\bolg\chiqinga\chiqinga\public/../app/admin\view\index\indexs.html [ array (
  0 => 'SiteaName',
  1 => 'SiteaUrl',
  2 => 'MetaCopyright',
  3 => 'RecordNo',
  4 => 'SiteaLogo',
  5 => 'affiche',
  6 => 'os',
  7 => 'log',
  8 => 'copy',
  9 => 'articled',
  10 => 'article',
  11 => 'feedback_d',
  12 => 'feedback',
  13 => 'feedbacks',
) ]
[ info ] [ LOG ] INIT File
[ sql ] [ DB ] CONNECT:[ UseTime:0.002000s ] mysql:host=127.0.0.1;dbname=chiqing;charset=utf8
[ sql ] [ SQL ] SHOW COLUMNS FROM `config` [ RunTime:0.043000s ]
[ sql ] [ SQL ] SELECT * FROM `config` WHERE  `type` = 'system' [ RunTime:0.001000s ]
[ sql ] [ SQL ] SHOW COLUMNS FROM `auth_group_access` [ RunTime:0.043000s ]
[ sql ] [ SQL ] SELECT * FROM `auth_group_access` `a` INNER JOIN `auth_group` `g` ON `a`.`group_id`=`g`.`id` WHERE  (  a.uid='1' and g.status='1' ) [ RunTime:0.001000s ]
[ sql ] [ SQL ] SHOW COLUMNS FROM `auth_rule` [ RunTime:0.044000s ]
[ sql ] [ SQL ] SELECT * FROM `auth_rule` WHERE  `id` IN (1,2,3,4,5,9,11,6,7,8,10,12,13,14,15,16,18,19,17,20,21,22,23,24,25,26,27,28,29,30,31,32,33,34,35,37,38,39,40,41,42,43,44,45,46,47,48,49,50,51,52)  AND `type` = 1  AND `status` = 1 [ RunTime:0.002000s ]
[ sql ] [ SQL ] SELECT `v` FROM `config` WHERE  `key` = 'Affiche' ORDER BY `id` LIMIT 1 [ RunTime:0.001000s ]
[ sql ] [ SQL ] SHOW COLUMNS FROM `user_log` [ RunTime:0.045000s ]
[ sql ] [ SQL ] SELECT * FROM `user_log` ORDER BY id desc LIMIT 7 [ RunTime:0.001000s ]
[ sql ] [ SQL ] SHOW COLUMNS FROM `article` [ RunTime:0.044000s ]
[ sql ] [ SQL ] SELECT COUNT(*) AS tp_count FROM `article` WHERE  `time` > '1518451200' LIMIT 1 [ RunTime:0.001000s ]
[ sql ] [ SQL ] SELECT COUNT(*) AS tp_count FROM `article` LIMIT 1 [ RunTime:0.001000s ]
[ sql ] [ SQL ] SHOW COLUMNS FROM `feedback` [ RunTime:0.044000s ]
[ sql ] [ SQL ] SELECT COUNT(*) AS tp_count FROM `feedback` WHERE  `time` > '1518451200' LIMIT 1 [ RunTime:0.001000s ]
[ sql ] [ SQL ] SELECT COUNT(*) AS tp_count FROM `feedback` LIMIT 1 [ RunTime:0.000000s ]
[ sql ] [ SQL ] SELECT * FROM `feedback` ORDER BY `time`  desc LIMIT 5 [ RunTime:0.001000s ]
---------------------------------------------------------------
[ 2018-02-13T23:39:05+08:00 ] 127.0.0.1 127.0.0.1 GET /admin/index
[ info ] chiqinga.com/admin/index [运行时间：0.212000s][吞吐率：4.72req/s] [内存消耗：1,450.36kb] [文件加载：53]
[ info ] [ LANG ] E:\www\bolg\chiqinga\chiqinga\thinkphp\lang\zh-cn.php
[ info ] [ ROUTE ] array (
  'type' => 'module',
  'module' => 
  array (
    0 => 'admin',
    1 => 'index',
    2 => NULL,
  ),
)
[ info ] [ HEADER ] array (
  'cookie' => 'PHPSESSID=b36369ccggkf34g5d3erck4cd5; danger=lock',
  'accept-language' => 'zh-CN,zh;q=0.9,en;q=0.8',
  'accept-encoding' => 'gzip, deflate',
  'accept' => 'text/html,application/xhtml+xml,application/xml;q=0.9,image/webp,image/apng,*/*;q=0.8',
  'user-agent' => 'Mozilla/5.0 (Windows NT 6.1; Win64; x64) AppleWebKit/537.36 (KHTML, like Gecko) Chrome/64.0.3282.140 Safari/537.36',
  'upgrade-insecure-requests' => '1',
  'connection' => 'close',
  'host' => 'chiqinga.com',
)
[ info ] [ PARAM ] array (
)
[ info ] [ SESSION ] INIT array (
  'auto_start' => true,
  'expire' => 604800,
)
[ info ] [ LOG ] INIT File
---------------------------------------------------------------
[ 2018-02-13T23:39:05+08:00 ] 127.0.0.1 127.0.0.1 GET /login/index
[ info ] chiqinga.com/login/index [运行时间：0.158000s][吞吐率：6.33req/s] [内存消耗：1,491.64kb] [文件加载：54]
[ info ] [ LANG ] E:\www\bolg\chiqinga\chiqinga\thinkphp\lang\zh-cn.php
[ info ] [ ROUTE ] array (
  'type' => 'module',
  'module' => 
  array (
    0 => 'admin',
    1 => 'login',
    2 => 'index',
  ),
  'convert' => false,
)
[ info ] [ HEADER ] array (
  'cookie' => 'PHPSESSID=b36369ccggkf34g5d3erck4cd5; danger=lock',
  'accept-language' => 'zh-CN,zh;q=0.9,en;q=0.8',
  'accept-encoding' => 'gzip, deflate',
  'accept' => 'text/html,application/xhtml+xml,application/xml;q=0.9,image/webp,image/apng,*/*;q=0.8',
  'user-agent' => 'Mozilla/5.0 (Windows NT 6.1; Win64; x64) AppleWebKit/537.36 (KHTML, like Gecko) Chrome/64.0.3282.140 Safari/537.36',
  'upgrade-insecure-requests' => '1',
  'connection' => 'close',
  'host' => 'chiqinga.com',
)
[ info ] [ PARAM ] array (
)
[ info ] [ RUN ] app\admin\controller\Login->index[ E:\www\bolg\chiqinga\chiqinga\app\admin\controller\Login.php ]
[ info ] [ VIEW ] E:\www\bolg\chiqinga\chiqinga\public/../app/admin\view\login\index.html [ array (
  0 => 'Copyright',
  1 => 'title',
) ]
[ info ] [ SESSION ] INIT array (
  'auto_start' => true,
  'expire' => 604800,
)
[ info ] [ LOG ] INIT File
---------------------------------------------------------------
[ 2018-02-13T23:39:05+08:00 ] 127.0.0.1 127.0.0.1 GET /captcha.shtml
[ info ] chiqinga.com/captcha.shtml [运行时间：0.411000s][吞吐率：2.43req/s] [内存消耗：1,251.52kb] [文件加载：40]
[ info ] [ LANG ] E:\www\bolg\chiqinga\chiqinga\thinkphp\lang\zh-cn.php
[ info ] [ ROUTE ] array (
  'type' => 'method',
  'method' => 
  array (
    0 => '\\think\\captcha\\CaptchaController',
    1 => 'index',
  ),
  'var' => 
  array (
  ),
)
[ info ] [ HEADER ] array (
  'cookie' => 'PHPSESSID=b36369ccggkf34g5d3erck4cd5; danger=lock',
  'accept-language' => 'zh-CN,zh;q=0.9,en;q=0.8',
  'accept-encoding' => 'gzip, deflate',
  'referer' => 'http://chiqinga.com/login/index',
  'accept' => 'image/webp,image/apng,image/*,*/*;q=0.8',
  'user-agent' => 'Mozilla/5.0 (Windows NT 6.1; Win64; x64) AppleWebKit/537.36 (KHTML, like Gecko) Chrome/64.0.3282.140 Safari/537.36',
  'connection' => 'close',
  'host' => 'chiqinga.com',
)
[ info ] [ PARAM ] array (
  'id' => NULL,
)
[ info ] [ RUN ] think\captcha\CaptchaController->index[ E:\www\bolg\chiqinga\chiqinga\vendor\topthink\think-captcha\src\CaptchaController.php ]
[ info ] [ SESSION ] INIT array (
  'id' => '',
  'var_session_id' => '',
  'prefix' => 'think',
  'type' => '',
  'auto_start' => true,
)
[ info ] [ LOG ] INIT File
