---------------------------------------------------------------
[ 2018-02-17T13:03:36+08:00 ] 127.0.0.1 127.0.0.1 GET /admin/index
[ info ] chiqinga.com/admin/index [运行时间：0.787000s][吞吐率：1.27req/s] [内存消耗：1,450.34kb] [文件加载：53]
[ info ] [ LANG ] E:\www\bolg\chiqinga\chiqinga\thinkphp\lang\zh-cn.php
[ info ] [ ROUTE ] array (
  'type' => 'module',
  'module' => 
  array (
    0 => 'admin',
    1 => 'index',
    2 => NULL,
  ),
)
[ info ] [ HEADER ] array (
  'accept-language' => 'zh-CN,zh;q=0.9,en;q=0.8',
  'accept-encoding' => 'gzip, deflate',
  'accept' => 'text/html,application/xhtml+xml,application/xml;q=0.9,image/webp,image/apng,*/*;q=0.8',
  'user-agent' => 'Mozilla/5.0 (Windows NT 6.1; Win64; x64) AppleWebKit/537.36 (KHTML, like Gecko) Chrome/64.0.3282.140 Safari/537.36',
  'upgrade-insecure-requests' => '1',
  'cache-control' => 'max-age=0',
  'connection' => 'close',
  'host' => 'chiqinga.com',
)
[ info ] [ PARAM ] array (
)
[ info ] [ SESSION ] INIT array (
  'auto_start' => true,
  'expire' => 604800,
)
[ info ] [ LOG ] INIT File
---------------------------------------------------------------
[ 2018-02-17T13:03:36+08:00 ] 127.0.0.1 127.0.0.1 GET /login/index
[ info ] chiqinga.com/login/index [运行时间：0.198000s][吞吐率：5.05req/s] [内存消耗：1,491.90kb] [文件加载：54]
[ info ] [ LANG ] E:\www\bolg\chiqinga\chiqinga\thinkphp\lang\zh-cn.php
[ info ] [ ROUTE ] array (
  'type' => 'module',
  'module' => 
  array (
    0 => 'admin',
    1 => 'login',
    2 => 'index',
  ),
  'convert' => false,
)
[ info ] [ HEADER ] array (
  'cookie' => 'PHPSESSID=2p2kdjsd6iuq1uah826mcaq2p6',
  'accept-language' => 'zh-CN,zh;q=0.9,en;q=0.8',
  'accept-encoding' => 'gzip, deflate',
  'accept' => 'text/html,application/xhtml+xml,application/xml;q=0.9,image/webp,image/apng,*/*;q=0.8',
  'user-agent' => 'Mozilla/5.0 (Windows NT 6.1; Win64; x64) AppleWebKit/537.36 (KHTML, like Gecko) Chrome/64.0.3282.140 Safari/537.36',
  'upgrade-insecure-requests' => '1',
  'cache-control' => 'max-age=0',
  'connection' => 'close',
  'host' => 'chiqinga.com',
)
[ info ] [ PARAM ] array (
)
[ info ] [ RUN ] app\admin\controller\Login->index[ E:\www\bolg\chiqinga\chiqinga\app\admin\controller\Login.php ]
[ info ] [ VIEW ] E:\www\bolg\chiqinga\chiqinga\public/../app/admin\view\login\index.html [ array (
  0 => 'Copyright',
  1 => 'title',
) ]
[ info ] [ SESSION ] INIT array (
  'auto_start' => true,
  'expire' => 604800,
)
[ info ] [ LOG ] INIT File
---------------------------------------------------------------
[ 2018-02-17T13:03:36+08:00 ] 127.0.0.1 127.0.0.1 GET /captcha.shtml
[ info ] chiqinga.com/captcha.shtml [运行时间：0.182000s][吞吐率：5.49req/s] [内存消耗：1,251.49kb] [文件加载：40]
[ info ] [ LANG ] E:\www\bolg\chiqinga\chiqinga\thinkphp\lang\zh-cn.php
[ info ] [ ROUTE ] array (
  'type' => 'method',
  'method' => 
  array (
    0 => '\\think\\captcha\\CaptchaController',
    1 => 'index',
  ),
  'var' => 
  array (
  ),
)
[ info ] [ HEADER ] array (
  'cookie' => 'PHPSESSID=2p2kdjsd6iuq1uah826mcaq2p6',
  'accept-language' => 'zh-CN,zh;q=0.9,en;q=0.8',
  'accept-encoding' => 'gzip, deflate',
  'referer' => 'http://chiqinga.com/login/index',
  'accept' => 'image/webp,image/apng,image/*,*/*;q=0.8',
  'user-agent' => 'Mozilla/5.0 (Windows NT 6.1; Win64; x64) AppleWebKit/537.36 (KHTML, like Gecko) Chrome/64.0.3282.140 Safari/537.36',
  'connection' => 'close',
  'host' => 'chiqinga.com',
)
[ info ] [ PARAM ] array (
  'id' => NULL,
)
[ info ] [ RUN ] think\captcha\CaptchaController->index[ E:\www\bolg\chiqinga\chiqinga\vendor\topthink\think-captcha\src\CaptchaController.php ]
[ info ] [ SESSION ] INIT array (
  'id' => '',
  'var_session_id' => '',
  'prefix' => 'think',
  'type' => '',
  'auto_start' => true,
)
[ info ] [ LOG ] INIT File
---------------------------------------------------------------
[ 2018-02-17T13:03:44+08:00 ] 127.0.0.1 127.0.0.1 GET /admin/index
[ info ] chiqinga.com/admin/index [运行时间：0.084000s][吞吐率：11.90req/s] [内存消耗：1,451.30kb] [文件加载：53]
[ info ] [ LANG ] E:\www\bolg\chiqinga\chiqinga\thinkphp\lang\zh-cn.php
[ info ] [ ROUTE ] array (
  'type' => 'module',
  'module' => 
  array (
    0 => 'admin',
    1 => 'index',
    2 => NULL,
  ),
)
[ info ] [ HEADER ] array (
  'cookie' => 'PHPSESSID=2p2kdjsd6iuq1uah826mcaq2p6',
  'accept-language' => 'zh-CN,zh;q=0.9,en;q=0.8',
  'accept-encoding' => 'gzip, deflate',
  'accept' => 'text/html,application/xhtml+xml,application/xml;q=0.9,image/webp,image/apng,*/*;q=0.8',
  'user-agent' => 'Mozilla/5.0 (Windows NT 6.1; Win64; x64) AppleWebKit/537.36 (KHTML, like Gecko) Chrome/64.0.3282.140 Safari/537.36',
  'upgrade-insecure-requests' => '1',
  'connection' => 'close',
  'host' => 'chiqinga.com',
)
[ info ] [ PARAM ] array (
)
[ info ] [ SESSION ] INIT array (
  'auto_start' => true,
  'expire' => 604800,
)
[ info ] [ LOG ] INIT File
---------------------------------------------------------------
[ 2018-02-17T13:03:44+08:00 ] 127.0.0.1 127.0.0.1 GET /login/index
[ info ] chiqinga.com/login/index [运行时间：0.091000s][吞吐率：10.99req/s] [内存消耗：1,492.30kb] [文件加载：54]
[ info ] [ LANG ] E:\www\bolg\chiqinga\chiqinga\thinkphp\lang\zh-cn.php
[ info ] [ ROUTE ] array (
  'type' => 'module',
  'module' => 
  array (
    0 => 'admin',
    1 => 'login',
    2 => 'index',
  ),
  'convert' => false,
)
[ info ] [ HEADER ] array (
  'cookie' => 'PHPSESSID=2p2kdjsd6iuq1uah826mcaq2p6',
  'accept-language' => 'zh-CN,zh;q=0.9,en;q=0.8',
  'accept-encoding' => 'gzip, deflate',
  'accept' => 'text/html,application/xhtml+xml,application/xml;q=0.9,image/webp,image/apng,*/*;q=0.8',
  'user-agent' => 'Mozilla/5.0 (Windows NT 6.1; Win64; x64) AppleWebKit/537.36 (KHTML, like Gecko) Chrome/64.0.3282.140 Safari/537.36',
  'upgrade-insecure-requests' => '1',
  'connection' => 'close',
  'host' => 'chiqinga.com',
)
[ info ] [ PARAM ] array (
)
[ info ] [ RUN ] app\admin\controller\Login->index[ E:\www\bolg\chiqinga\chiqinga\app\admin\controller\Login.php ]
[ info ] [ VIEW ] E:\www\bolg\chiqinga\chiqinga\public/../app/admin\view\login\index.html [ array (
  0 => 'Copyright',
  1 => 'title',
) ]
[ info ] [ SESSION ] INIT array (
  'auto_start' => true,
  'expire' => 604800,
)
[ info ] [ LOG ] INIT File
---------------------------------------------------------------
[ 2018-02-17T13:03:44+08:00 ] 127.0.0.1 127.0.0.1 GET /captcha.shtml
[ info ] chiqinga.com/captcha.shtml [运行时间：0.066000s][吞吐率：15.15req/s] [内存消耗：1,251.63kb] [文件加载：40]
[ info ] [ LANG ] E:\www\bolg\chiqinga\chiqinga\thinkphp\lang\zh-cn.php
[ info ] [ ROUTE ] array (
  'type' => 'method',
  'method' => 
  array (
    0 => '\\think\\captcha\\CaptchaController',
    1 => 'index',
  ),
  'var' => 
  array (
  ),
)
[ info ] [ HEADER ] array (
  'cookie' => 'PHPSESSID=2p2kdjsd6iuq1uah826mcaq2p6',
  'accept-language' => 'zh-CN,zh;q=0.9,en;q=0.8',
  'accept-encoding' => 'gzip, deflate',
  'referer' => 'http://chiqinga.com/login/index',
  'accept' => 'image/webp,image/apng,image/*,*/*;q=0.8',
  'user-agent' => 'Mozilla/5.0 (Windows NT 6.1; Win64; x64) AppleWebKit/537.36 (KHTML, like Gecko) Chrome/64.0.3282.140 Safari/537.36',
  'connection' => 'close',
  'host' => 'chiqinga.com',
)
[ info ] [ PARAM ] array (
  'id' => NULL,
)
[ info ] [ RUN ] think\captcha\CaptchaController->index[ E:\www\bolg\chiqinga\chiqinga\vendor\topthink\think-captcha\src\CaptchaController.php ]
[ info ] [ SESSION ] INIT array (
  'id' => '',
  'var_session_id' => '',
  'prefix' => 'think',
  'type' => '',
  'auto_start' => true,
)
[ info ] [ LOG ] INIT File
---------------------------------------------------------------
[ 2018-02-17T13:03:46+08:00 ] 127.0.0.1 127.0.0.1 GET /login/index
[ info ] chiqinga.com/login/index [运行时间：0.094000s][吞吐率：10.64req/s] [内存消耗：1,492.30kb] [文件加载：54]
[ info ] [ LANG ] E:\www\bolg\chiqinga\chiqinga\thinkphp\lang\zh-cn.php
[ info ] [ ROUTE ] array (
  'type' => 'module',
  'module' => 
  array (
    0 => 'admin',
    1 => 'login',
    2 => 'index',
  ),
  'convert' => false,
)
[ info ] [ HEADER ] array (
  'cookie' => 'PHPSESSID=2p2kdjsd6iuq1uah826mcaq2p6',
  'accept-language' => 'zh-CN,zh;q=0.9,en;q=0.8',
  'accept-encoding' => 'gzip, deflate',
  'accept' => 'text/html,application/xhtml+xml,application/xml;q=0.9,image/webp,image/apng,*/*;q=0.8',
  'user-agent' => 'Mozilla/5.0 (Windows NT 6.1; Win64; x64) AppleWebKit/537.36 (KHTML, like Gecko) Chrome/64.0.3282.140 Safari/537.36',
  'upgrade-insecure-requests' => '1',
  'connection' => 'close',
  'host' => 'chiqinga.com',
)
[ info ] [ PARAM ] array (
)
[ info ] [ RUN ] app\admin\controller\Login->index[ E:\www\bolg\chiqinga\chiqinga\app\admin\controller\Login.php ]
[ info ] [ VIEW ] E:\www\bolg\chiqinga\chiqinga\public/../app/admin\view\login\index.html [ array (
  0 => 'Copyright',
  1 => 'title',
) ]
[ info ] [ SESSION ] INIT array (
  'auto_start' => true,
  'expire' => 604800,
)
[ info ] [ LOG ] INIT File
---------------------------------------------------------------
[ 2018-02-17T13:03:47+08:00 ] 127.0.0.1 127.0.0.1 GET /captcha.shtml
[ info ] chiqinga.com/captcha.shtml [运行时间：0.061000s][吞吐率：16.39req/s] [内存消耗：1,251.63kb] [文件加载：40]
[ info ] [ LANG ] E:\www\bolg\chiqinga\chiqinga\thinkphp\lang\zh-cn.php
[ info ] [ ROUTE ] array (
  'type' => 'method',
  'method' => 
  array (
    0 => '\\think\\captcha\\CaptchaController',
    1 => 'index',
  ),
  'var' => 
  array (
  ),
)
[ info ] [ HEADER ] array (
  'cookie' => 'PHPSESSID=2p2kdjsd6iuq1uah826mcaq2p6',
  'accept-language' => 'zh-CN,zh;q=0.9,en;q=0.8',
  'accept-encoding' => 'gzip, deflate',
  'referer' => 'http://chiqinga.com/login/index',
  'accept' => 'image/webp,image/apng,image/*,*/*;q=0.8',
  'user-agent' => 'Mozilla/5.0 (Windows NT 6.1; Win64; x64) AppleWebKit/537.36 (KHTML, like Gecko) Chrome/64.0.3282.140 Safari/537.36',
  'connection' => 'close',
  'host' => 'chiqinga.com',
)
[ info ] [ PARAM ] array (
  'id' => NULL,
)
[ info ] [ RUN ] think\captcha\CaptchaController->index[ E:\www\bolg\chiqinga\chiqinga\vendor\topthink\think-captcha\src\CaptchaController.php ]
[ info ] [ SESSION ] INIT array (
  'id' => '',
  'var_session_id' => '',
  'prefix' => 'think',
  'type' => '',
  'auto_start' => true,
)
[ info ] [ LOG ] INIT File
---------------------------------------------------------------
[ 2018-02-17T13:03:56+08:00 ] 127.0.0.1 127.0.0.1 POST /index.php/login/index
[ info ] chiqinga.com/index.php/login/index [运行时间：0.119000s][吞吐率：8.40req/s] [内存消耗：1,485.65kb] [文件加载：53]
[ info ] [ LANG ] E:\www\bolg\chiqinga\chiqinga\thinkphp\lang\zh-cn.php
[ info ] [ ROUTE ] array (
  'type' => 'module',
  'module' => 
  array (
    0 => 'admin',
    1 => 'login',
    2 => 'index',
  ),
  'convert' => false,
)
[ info ] [ HEADER ] array (
  'cookie' => 'PHPSESSID=2p2kdjsd6iuq1uah826mcaq2p6',
  'accept-language' => 'zh-CN,zh;q=0.9,en;q=0.8',
  'accept-encoding' => 'gzip, deflate',
  'referer' => 'http://chiqinga.com/login/index',
  'content-type' => 'application/x-www-form-urlencoded; charset=UTF-8',
  'user-agent' => 'Mozilla/5.0 (Windows NT 6.1; Win64; x64) AppleWebKit/537.36 (KHTML, like Gecko) Chrome/64.0.3282.140 Safari/537.36',
  'x-requested-with' => 'XMLHttpRequest',
  'origin' => 'http://chiqinga.com',
  'accept' => 'application/json, text/javascript, */*; q=0.01',
  'content-length' => '83',
  'connection' => 'close',
  'host' => 'chiqinga.com',
)
[ info ] [ PARAM ] array (
  'user' => 'admin',
  'user_password' => '123456',
  'iver' => '88r',
  '__token__' => 'dca3f0847dc71c0f7176d62c4d041b42',
)
[ info ] [ RUN ] app\admin\controller\Login->index[ E:\www\bolg\chiqinga\chiqinga\app\admin\controller\Login.php ]
[ info ] [ SESSION ] INIT array (
  'auto_start' => true,
  'expire' => 604800,
)
[ info ] [ LOG ] INIT File
---------------------------------------------------------------
[ 2018-02-17T13:03:56+08:00 ] 127.0.0.1 127.0.0.1 GET /captcha/?verify=0.39513160309550277
[ info ] chiqinga.com/captcha/?verify=0.39513160309550277 [运行时间：0.063000s][吞吐率：15.87req/s] [内存消耗：1,251.67kb] [文件加载：40]
[ info ] [ LANG ] E:\www\bolg\chiqinga\chiqinga\thinkphp\lang\zh-cn.php
[ info ] [ ROUTE ] array (
  'type' => 'method',
  'method' => 
  array (
    0 => '\\think\\captcha\\CaptchaController',
    1 => 'index',
  ),
  'var' => 
  array (
  ),
)
[ info ] [ HEADER ] array (
  'cookie' => 'PHPSESSID=2p2kdjsd6iuq1uah826mcaq2p6',
  'accept-language' => 'zh-CN,zh;q=0.9,en;q=0.8',
  'accept-encoding' => 'gzip, deflate',
  'referer' => 'http://chiqinga.com/login/index',
  'accept' => 'image/webp,image/apng,image/*,*/*;q=0.8',
  'user-agent' => 'Mozilla/5.0 (Windows NT 6.1; Win64; x64) AppleWebKit/537.36 (KHTML, like Gecko) Chrome/64.0.3282.140 Safari/537.36',
  'connection' => 'close',
  'host' => 'chiqinga.com',
)
[ info ] [ PARAM ] array (
  'verify' => '0.39513160309550277',
  'id' => NULL,
)
[ info ] [ RUN ] think\captcha\CaptchaController->index[ E:\www\bolg\chiqinga\chiqinga\vendor\topthink\think-captcha\src\CaptchaController.php ]
[ info ] [ SESSION ] INIT array (
  'id' => '',
  'var_session_id' => '',
  'prefix' => 'think',
  'type' => '',
  'auto_start' => true,
)
[ info ] [ LOG ] INIT File
---------------------------------------------------------------
[ 2018-02-17T13:04:01+08:00 ] 127.0.0.1 127.0.0.1 POST /index.php/login/index
[ info ] chiqinga.com/index.php/login/index [运行时间：0.303000s][吞吐率：3.30req/s] [内存消耗：2,329.00kb] [文件加载：62]
[ info ] [ LANG ] E:\www\bolg\chiqinga\chiqinga\thinkphp\lang\zh-cn.php
[ info ] [ ROUTE ] array (
  'type' => 'module',
  'module' => 
  array (
    0 => 'admin',
    1 => 'login',
    2 => 'index',
  ),
  'convert' => false,
)
[ info ] [ HEADER ] array (
  'cookie' => 'PHPSESSID=2p2kdjsd6iuq1uah826mcaq2p6',
  'accept-language' => 'zh-CN,zh;q=0.9,en;q=0.8',
  'accept-encoding' => 'gzip, deflate',
  'referer' => 'http://chiqinga.com/login/index',
  'content-type' => 'application/x-www-form-urlencoded; charset=UTF-8',
  'user-agent' => 'Mozilla/5.0 (Windows NT 6.1; Win64; x64) AppleWebKit/537.36 (KHTML, like Gecko) Chrome/64.0.3282.140 Safari/537.36',
  'x-requested-with' => 'XMLHttpRequest',
  'origin' => 'http://chiqinga.com',
  'accept' => 'application/json, text/javascript, */*; q=0.01',
  'content-length' => '83',
  'connection' => 'close',
  'host' => 'chiqinga.com',
)
[ info ] [ PARAM ] array (
  'user' => 'admin',
  'user_password' => '123456',
  'iver' => 'ed4',
  '__token__' => 'dca3f0847dc71c0f7176d62c4d041b42',
)
[ info ] [ RUN ] app\admin\controller\Login->index[ E:\www\bolg\chiqinga\chiqinga\app\admin\controller\Login.php ]
[ info ] [ SESSION ] INIT array (
  'auto_start' => true,
  'expire' => 604800,
)
[ info ] [ DB ] INIT mysql
[ info ] [ LOG ] INIT File
[ sql ] [ DB ] CONNECT:[ UseTime:0.030000s ] mysql:host=127.0.0.1;dbname=chiqing;charset=utf8
[ sql ] [ SQL ] SHOW COLUMNS FROM `user` [ RunTime:0.042000s ]
[ sql ] [ SQL ] SELECT * FROM `user` WHERE  `user` = 'admin' OR `email` = 'admin' LIMIT 1 [ RunTime:0.001000s ]
---------------------------------------------------------------
[ 2018-02-17T13:04:01+08:00 ] 127.0.0.1 127.0.0.1 GET /captcha/?verify=0.4303475645439374
[ info ] chiqinga.com/captcha/?verify=0.4303475645439374 [运行时间：0.064000s][吞吐率：15.63req/s] [内存消耗：1,251.35kb] [文件加载：40]
[ info ] [ LANG ] E:\www\bolg\chiqinga\chiqinga\thinkphp\lang\zh-cn.php
[ info ] [ ROUTE ] array (
  'type' => 'method',
  'method' => 
  array (
    0 => '\\think\\captcha\\CaptchaController',
    1 => 'index',
  ),
  'var' => 
  array (
  ),
)
[ info ] [ HEADER ] array (
  'cookie' => 'PHPSESSID=2p2kdjsd6iuq1uah826mcaq2p6',
  'accept-language' => 'zh-CN,zh;q=0.9,en;q=0.8',
  'accept-encoding' => 'gzip, deflate',
  'referer' => 'http://chiqinga.com/login/index',
  'accept' => 'image/webp,image/apng,image/*,*/*;q=0.8',
  'user-agent' => 'Mozilla/5.0 (Windows NT 6.1; Win64; x64) AppleWebKit/537.36 (KHTML, like Gecko) Chrome/64.0.3282.140 Safari/537.36',
  'connection' => 'close',
  'host' => 'chiqinga.com',
)
[ info ] [ PARAM ] array (
  'verify' => '0.4303475645439374',
  'id' => NULL,
)
[ info ] [ RUN ] think\captcha\CaptchaController->index[ E:\www\bolg\chiqinga\chiqinga\vendor\topthink\think-captcha\src\CaptchaController.php ]
[ info ] [ SESSION ] INIT array (
  'id' => '',
  'var_session_id' => '',
  'prefix' => 'think',
  'type' => '',
  'auto_start' => true,
)
[ info ] [ LOG ] INIT File
---------------------------------------------------------------
[ 2018-02-17T13:04:07+08:00 ] 127.0.0.1 127.0.0.1 POST /index.php/login/index
[ info ] chiqinga.com/index.php/login/index [运行时间：0.082000s][吞吐率：12.20req/s] [内存消耗：1,485.06kb] [文件加载：53]
[ info ] [ LANG ] E:\www\bolg\chiqinga\chiqinga\thinkphp\lang\zh-cn.php
[ info ] [ ROUTE ] array (
  'type' => 'module',
  'module' => 
  array (
    0 => 'admin',
    1 => 'login',
    2 => 'index',
  ),
  'convert' => false,
)
[ info ] [ HEADER ] array (
  'cookie' => 'PHPSESSID=2p2kdjsd6iuq1uah826mcaq2p6',
  'accept-language' => 'zh-CN,zh;q=0.9,en;q=0.8',
  'accept-encoding' => 'gzip, deflate',
  'referer' => 'http://chiqinga.com/login/index',
  'content-type' => 'application/x-www-form-urlencoded; charset=UTF-8',
  'user-agent' => 'Mozilla/5.0 (Windows NT 6.1; Win64; x64) AppleWebKit/537.36 (KHTML, like Gecko) Chrome/64.0.3282.140 Safari/537.36',
  'x-requested-with' => 'XMLHttpRequest',
  'origin' => 'http://chiqinga.com',
  'accept' => 'application/json, text/javascript, */*; q=0.01',
  'content-length' => '83',
  'connection' => 'close',
  'host' => 'chiqinga.com',
)
[ info ] [ PARAM ] array (
  'user' => 'admin',
  'user_password' => '123456',
  'iver' => 'epq',
  '__token__' => 'dca3f0847dc71c0f7176d62c4d041b42',
)
[ info ] [ RUN ] app\admin\controller\Login->index[ E:\www\bolg\chiqinga\chiqinga\app\admin\controller\Login.php ]
[ info ] [ SESSION ] INIT array (
  'auto_start' => true,
  'expire' => 604800,
)
[ info ] [ LOG ] INIT File
---------------------------------------------------------------
[ 2018-02-17T13:04:07+08:00 ] 127.0.0.1 127.0.0.1 GET /captcha/?verify=0.09902837148107468
[ info ] chiqinga.com/captcha/?verify=0.09902837148107468 [运行时间：0.063000s][吞吐率：15.87req/s] [内存消耗：1,251.37kb] [文件加载：40]
[ info ] [ LANG ] E:\www\bolg\chiqinga\chiqinga\thinkphp\lang\zh-cn.php
[ info ] [ ROUTE ] array (
  'type' => 'method',
  'method' => 
  array (
    0 => '\\think\\captcha\\CaptchaController',
    1 => 'index',
  ),
  'var' => 
  array (
  ),
)
[ info ] [ HEADER ] array (
  'cookie' => 'PHPSESSID=2p2kdjsd6iuq1uah826mcaq2p6',
  'accept-language' => 'zh-CN,zh;q=0.9,en;q=0.8',
  'accept-encoding' => 'gzip, deflate',
  'referer' => 'http://chiqinga.com/login/index',
  'accept' => 'image/webp,image/apng,image/*,*/*;q=0.8',
  'user-agent' => 'Mozilla/5.0 (Windows NT 6.1; Win64; x64) AppleWebKit/537.36 (KHTML, like Gecko) Chrome/64.0.3282.140 Safari/537.36',
  'connection' => 'close',
  'host' => 'chiqinga.com',
)
[ info ] [ PARAM ] array (
  'verify' => '0.09902837148107468',
  'id' => NULL,
)
[ info ] [ RUN ] think\captcha\CaptchaController->index[ E:\www\bolg\chiqinga\chiqinga\vendor\topthink\think-captcha\src\CaptchaController.php ]
[ info ] [ SESSION ] INIT array (
  'id' => '',
  'var_session_id' => '',
  'prefix' => 'think',
  'type' => '',
  'auto_start' => true,
)
[ info ] [ LOG ] INIT File
---------------------------------------------------------------
[ 2018-02-17T13:04:10+08:00 ] 127.0.0.1 127.0.0.1 GET /login/index
[ info ] chiqinga.com/login/index [运行时间：0.085000s][吞吐率：11.76req/s] [内存消耗：1,492.49kb] [文件加载：54]
[ info ] [ LANG ] E:\www\bolg\chiqinga\chiqinga\thinkphp\lang\zh-cn.php
[ info ] [ ROUTE ] array (
  'type' => 'module',
  'module' => 
  array (
    0 => 'admin',
    1 => 'login',
    2 => 'index',
  ),
  'convert' => false,
)
[ info ] [ HEADER ] array (
  'cookie' => 'PHPSESSID=2p2kdjsd6iuq1uah826mcaq2p6',
  'accept-language' => 'zh-CN,zh;q=0.9,en;q=0.8',
  'accept-encoding' => 'gzip, deflate',
  'accept' => 'text/html,application/xhtml+xml,application/xml;q=0.9,image/webp,image/apng,*/*;q=0.8',
  'user-agent' => 'Mozilla/5.0 (Windows NT 6.1; Win64; x64) AppleWebKit/537.36 (KHTML, like Gecko) Chrome/64.0.3282.140 Safari/537.36',
  'upgrade-insecure-requests' => '1',
  'cache-control' => 'max-age=0',
  'connection' => 'close',
  'host' => 'chiqinga.com',
)
[ info ] [ PARAM ] array (
)
[ info ] [ RUN ] app\admin\controller\Login->index[ E:\www\bolg\chiqinga\chiqinga\app\admin\controller\Login.php ]
[ info ] [ VIEW ] E:\www\bolg\chiqinga\chiqinga\public/../app/admin\view\login\index.html [ array (
  0 => 'Copyright',
  1 => 'title',
) ]
[ info ] [ SESSION ] INIT array (
  'auto_start' => true,
  'expire' => 604800,
)
[ info ] [ LOG ] INIT File
---------------------------------------------------------------
[ 2018-02-17T13:04:10+08:00 ] 127.0.0.1 127.0.0.1 GET /captcha.shtml
[ info ] chiqinga.com/captcha.shtml [运行时间：0.062000s][吞吐率：16.13req/s] [内存消耗：1,251.63kb] [文件加载：40]
[ info ] [ LANG ] E:\www\bolg\chiqinga\chiqinga\thinkphp\lang\zh-cn.php
[ info ] [ ROUTE ] array (
  'type' => 'method',
  'method' => 
  array (
    0 => '\\think\\captcha\\CaptchaController',
    1 => 'index',
  ),
  'var' => 
  array (
  ),
)
[ info ] [ HEADER ] array (
  'cookie' => 'PHPSESSID=2p2kdjsd6iuq1uah826mcaq2p6',
  'accept-language' => 'zh-CN,zh;q=0.9,en;q=0.8',
  'accept-encoding' => 'gzip, deflate',
  'referer' => 'http://chiqinga.com/login/index',
  'accept' => 'image/webp,image/apng,image/*,*/*;q=0.8',
  'user-agent' => 'Mozilla/5.0 (Windows NT 6.1; Win64; x64) AppleWebKit/537.36 (KHTML, like Gecko) Chrome/64.0.3282.140 Safari/537.36',
  'connection' => 'close',
  'host' => 'chiqinga.com',
)
[ info ] [ PARAM ] array (
  'id' => NULL,
)
[ info ] [ RUN ] think\captcha\CaptchaController->index[ E:\www\bolg\chiqinga\chiqinga\vendor\topthink\think-captcha\src\CaptchaController.php ]
[ info ] [ SESSION ] INIT array (
  'id' => '',
  'var_session_id' => '',
  'prefix' => 'think',
  'type' => '',
  'auto_start' => true,
)
[ info ] [ LOG ] INIT File
---------------------------------------------------------------
[ 2018-02-17T13:04:18+08:00 ] 127.0.0.1 127.0.0.1 POST /index.php/login/index
[ info ] chiqinga.com/index.php/login/index [运行时间：0.146000s][吞吐率：6.85req/s] [内存消耗：2,329.00kb] [文件加载：62]
[ info ] [ LANG ] E:\www\bolg\chiqinga\chiqinga\thinkphp\lang\zh-cn.php
[ info ] [ ROUTE ] array (
  'type' => 'module',
  'module' => 
  array (
    0 => 'admin',
    1 => 'login',
    2 => 'index',
  ),
  'convert' => false,
)
[ info ] [ HEADER ] array (
  'cookie' => 'PHPSESSID=2p2kdjsd6iuq1uah826mcaq2p6',
  'accept-language' => 'zh-CN,zh;q=0.9,en;q=0.8',
  'accept-encoding' => 'gzip, deflate',
  'referer' => 'http://chiqinga.com/login/index',
  'content-type' => 'application/x-www-form-urlencoded; charset=UTF-8',
  'user-agent' => 'Mozilla/5.0 (Windows NT 6.1; Win64; x64) AppleWebKit/537.36 (KHTML, like Gecko) Chrome/64.0.3282.140 Safari/537.36',
  'x-requested-with' => 'XMLHttpRequest',
  'origin' => 'http://chiqinga.com',
  'accept' => 'application/json, text/javascript, */*; q=0.01',
  'content-length' => '83',
  'connection' => 'close',
  'host' => 'chiqinga.com',
)
[ info ] [ PARAM ] array (
  'user' => 'admin',
  'user_password' => '123456',
  'iver' => 'pwu',
  '__token__' => 'e09e1fba26966ae5d2cb4c36265c0afa',
)
[ info ] [ RUN ] app\admin\controller\Login->index[ E:\www\bolg\chiqinga\chiqinga\app\admin\controller\Login.php ]
[ info ] [ SESSION ] INIT array (
  'auto_start' => true,
  'expire' => 604800,
)
[ info ] [ DB ] INIT mysql
[ info ] [ LOG ] INIT File
[ sql ] [ DB ] CONNECT:[ UseTime:0.011000s ] mysql:host=127.0.0.1;dbname=chiqing;charset=utf8
[ sql ] [ SQL ] SHOW COLUMNS FROM `user` [ RunTime:0.014000s ]
[ sql ] [ SQL ] SELECT * FROM `user` WHERE  `user` = 'admin' OR `email` = 'admin' LIMIT 1 [ RunTime:0.002000s ]
---------------------------------------------------------------
[ 2018-02-17T13:04:18+08:00 ] 127.0.0.1 127.0.0.1 GET /captcha/?verify=0.46063763731697005
[ info ] chiqinga.com/captcha/?verify=0.46063763731697005 [运行时间：0.066000s][吞吐率：15.15req/s] [内存消耗：1,251.37kb] [文件加载：40]
[ info ] [ LANG ] E:\www\bolg\chiqinga\chiqinga\thinkphp\lang\zh-cn.php
[ info ] [ ROUTE ] array (
  'type' => 'method',
  'method' => 
  array (
    0 => '\\think\\captcha\\CaptchaController',
    1 => 'index',
  ),
  'var' => 
  array (
  ),
)
[ info ] [ HEADER ] array (
  'cookie' => 'PHPSESSID=2p2kdjsd6iuq1uah826mcaq2p6',
  'accept-language' => 'zh-CN,zh;q=0.9,en;q=0.8',
  'accept-encoding' => 'gzip, deflate',
  'referer' => 'http://chiqinga.com/login/index',
  'accept' => 'image/webp,image/apng,image/*,*/*;q=0.8',
  'user-agent' => 'Mozilla/5.0 (Windows NT 6.1; Win64; x64) AppleWebKit/537.36 (KHTML, like Gecko) Chrome/64.0.3282.140 Safari/537.36',
  'connection' => 'close',
  'host' => 'chiqinga.com',
)
[ info ] [ PARAM ] array (
  'verify' => '0.46063763731697005',
  'id' => NULL,
)
[ info ] [ RUN ] think\captcha\CaptchaController->index[ E:\www\bolg\chiqinga\chiqinga\vendor\topthink\think-captcha\src\CaptchaController.php ]
[ info ] [ SESSION ] INIT array (
  'id' => '',
  'var_session_id' => '',
  'prefix' => 'think',
  'type' => '',
  'auto_start' => true,
)
[ info ] [ LOG ] INIT File
---------------------------------------------------------------
[ 2018-02-17T13:04:25+08:00 ] 127.0.0.1 127.0.0.1 POST /index.php/login/index
[ info ] chiqinga.com/index.php/login/index [运行时间：0.084000s][吞吐率：11.90req/s] [内存消耗：1,485.06kb] [文件加载：53]
[ info ] [ LANG ] E:\www\bolg\chiqinga\chiqinga\thinkphp\lang\zh-cn.php
[ info ] [ ROUTE ] array (
  'type' => 'module',
  'module' => 
  array (
    0 => 'admin',
    1 => 'login',
    2 => 'index',
  ),
  'convert' => false,
)
[ info ] [ HEADER ] array (
  'cookie' => 'PHPSESSID=2p2kdjsd6iuq1uah826mcaq2p6',
  'accept-language' => 'zh-CN,zh;q=0.9,en;q=0.8',
  'accept-encoding' => 'gzip, deflate',
  'referer' => 'http://chiqinga.com/login/index',
  'content-type' => 'application/x-www-form-urlencoded; charset=UTF-8',
  'user-agent' => 'Mozilla/5.0 (Windows NT 6.1; Win64; x64) AppleWebKit/537.36 (KHTML, like Gecko) Chrome/64.0.3282.140 Safari/537.36',
  'x-requested-with' => 'XMLHttpRequest',
  'origin' => 'http://chiqinga.com',
  'accept' => 'application/json, text/javascript, */*; q=0.01',
  'content-length' => '82',
  'connection' => 'close',
  'host' => 'chiqinga.com',
)
[ info ] [ PARAM ] array (
  'user' => 'admin',
  'user_password' => 'admin',
  'iver' => 'i5u',
  '__token__' => 'e09e1fba26966ae5d2cb4c36265c0afa',
)
[ info ] [ RUN ] app\admin\controller\Login->index[ E:\www\bolg\chiqinga\chiqinga\app\admin\controller\Login.php ]
[ info ] [ SESSION ] INIT array (
  'auto_start' => true,
  'expire' => 604800,
)
[ info ] [ LOG ] INIT File
---------------------------------------------------------------
[ 2018-02-17T13:04:25+08:00 ] 127.0.0.1 127.0.0.1 GET /captcha/?verify=0.981868700602424
[ info ] chiqinga.com/captcha/?verify=0.981868700602424 [运行时间：0.061000s][吞吐率：16.39req/s] [内存消耗：1,251.35kb] [文件加载：40]
[ info ] [ LANG ] E:\www\bolg\chiqinga\chiqinga\thinkphp\lang\zh-cn.php
[ info ] [ ROUTE ] array (
  'type' => 'method',
  'method' => 
  array (
    0 => '\\think\\captcha\\CaptchaController',
    1 => 'index',
  ),
  'var' => 
  array (
  ),
)
[ info ] [ HEADER ] array (
  'cookie' => 'PHPSESSID=2p2kdjsd6iuq1uah826mcaq2p6',
  'accept-language' => 'zh-CN,zh;q=0.9,en;q=0.8',
  'accept-encoding' => 'gzip, deflate',
  'referer' => 'http://chiqinga.com/login/index',
  'accept' => 'image/webp,image/apng,image/*,*/*;q=0.8',
  'user-agent' => 'Mozilla/5.0 (Windows NT 6.1; Win64; x64) AppleWebKit/537.36 (KHTML, like Gecko) Chrome/64.0.3282.140 Safari/537.36',
  'connection' => 'close',
  'host' => 'chiqinga.com',
)
[ info ] [ PARAM ] array (
  'verify' => '0.981868700602424',
  'id' => NULL,
)
[ info ] [ RUN ] think\captcha\CaptchaController->index[ E:\www\bolg\chiqinga\chiqinga\vendor\topthink\think-captcha\src\CaptchaController.php ]
[ info ] [ SESSION ] INIT array (
  'id' => '',
  'var_session_id' => '',
  'prefix' => 'think',
  'type' => '',
  'auto_start' => true,
)
[ info ] [ LOG ] INIT File
---------------------------------------------------------------
[ 2018-02-17T13:04:27+08:00 ] 127.0.0.1 127.0.0.1 GET /login/index
[ info ] chiqinga.com/login/index [运行时间：0.086000s][吞吐率：11.63req/s] [内存消耗：1,492.49kb] [文件加载：54]
[ info ] [ LANG ] E:\www\bolg\chiqinga\chiqinga\thinkphp\lang\zh-cn.php
[ info ] [ ROUTE ] array (
  'type' => 'module',
  'module' => 
  array (
    0 => 'admin',
    1 => 'login',
    2 => 'index',
  ),
  'convert' => false,
)
[ info ] [ HEADER ] array (
  'cookie' => 'PHPSESSID=2p2kdjsd6iuq1uah826mcaq2p6',
  'accept-language' => 'zh-CN,zh;q=0.9,en;q=0.8',
  'accept-encoding' => 'gzip, deflate',
  'accept' => 'text/html,application/xhtml+xml,application/xml;q=0.9,image/webp,image/apng,*/*;q=0.8',
  'user-agent' => 'Mozilla/5.0 (Windows NT 6.1; Win64; x64) AppleWebKit/537.36 (KHTML, like Gecko) Chrome/64.0.3282.140 Safari/537.36',
  'upgrade-insecure-requests' => '1',
  'cache-control' => 'max-age=0',
  'connection' => 'close',
  'host' => 'chiqinga.com',
)
[ info ] [ PARAM ] array (
)
[ info ] [ RUN ] app\admin\controller\Login->index[ E:\www\bolg\chiqinga\chiqinga\app\admin\controller\Login.php ]
[ info ] [ VIEW ] E:\www\bolg\chiqinga\chiqinga\public/../app/admin\view\login\index.html [ array (
  0 => 'Copyright',
  1 => 'title',
) ]
[ info ] [ SESSION ] INIT array (
  'auto_start' => true,
  'expire' => 604800,
)
[ info ] [ LOG ] INIT File
---------------------------------------------------------------
[ 2018-02-17T13:04:27+08:00 ] 127.0.0.1 127.0.0.1 GET /captcha.shtml
[ info ] chiqinga.com/captcha.shtml [运行时间：0.052000s][吞吐率：19.23req/s] [内存消耗：1,251.63kb] [文件加载：40]
[ info ] [ LANG ] E:\www\bolg\chiqinga\chiqinga\thinkphp\lang\zh-cn.php
[ info ] [ ROUTE ] array (
  'type' => 'method',
  'method' => 
  array (
    0 => '\\think\\captcha\\CaptchaController',
    1 => 'index',
  ),
  'var' => 
  array (
  ),
)
[ info ] [ HEADER ] array (
  'cookie' => 'PHPSESSID=2p2kdjsd6iuq1uah826mcaq2p6',
  'accept-language' => 'zh-CN,zh;q=0.9,en;q=0.8',
  'accept-encoding' => 'gzip, deflate',
  'referer' => 'http://chiqinga.com/login/index',
  'accept' => 'image/webp,image/apng,image/*,*/*;q=0.8',
  'user-agent' => 'Mozilla/5.0 (Windows NT 6.1; Win64; x64) AppleWebKit/537.36 (KHTML, like Gecko) Chrome/64.0.3282.140 Safari/537.36',
  'connection' => 'close',
  'host' => 'chiqinga.com',
)
[ info ] [ PARAM ] array (
  'id' => NULL,
)
[ info ] [ RUN ] think\captcha\CaptchaController->index[ E:\www\bolg\chiqinga\chiqinga\vendor\topthink\think-captcha\src\CaptchaController.php ]
[ info ] [ SESSION ] INIT array (
  'id' => '',
  'var_session_id' => '',
  'prefix' => 'think',
  'type' => '',
  'auto_start' => true,
)
[ info ] [ LOG ] INIT File
---------------------------------------------------------------
[ 2018-02-17T13:04:33+08:00 ] 127.0.0.1 127.0.0.1 POST /index.php/login/index
[ info ] chiqinga.com/index.php/login/index [运行时间：0.081000s][吞吐率：12.35req/s] [内存消耗：1,485.65kb] [文件加载：53]
[ info ] [ LANG ] E:\www\bolg\chiqinga\chiqinga\thinkphp\lang\zh-cn.php
[ info ] [ ROUTE ] array (
  'type' => 'module',
  'module' => 
  array (
    0 => 'admin',
    1 => 'login',
    2 => 'index',
  ),
  'convert' => false,
)
[ info ] [ HEADER ] array (
  'cookie' => 'PHPSESSID=2p2kdjsd6iuq1uah826mcaq2p6',
  'accept-language' => 'zh-CN,zh;q=0.9,en;q=0.8',
  'accept-encoding' => 'gzip, deflate',
  'referer' => 'http://chiqinga.com/login/index',
  'content-type' => 'application/x-www-form-urlencoded; charset=UTF-8',
  'user-agent' => 'Mozilla/5.0 (Windows NT 6.1; Win64; x64) AppleWebKit/537.36 (KHTML, like Gecko) Chrome/64.0.3282.140 Safari/537.36',
  'x-requested-with' => 'XMLHttpRequest',
  'origin' => 'http://chiqinga.com',
  'accept' => 'application/json, text/javascript, */*; q=0.01',
  'content-length' => '82',
  'connection' => 'close',
  'host' => 'chiqinga.com',
)
[ info ] [ PARAM ] array (
  'user' => 'admin',
  'user_password' => 'admin',
  'iver' => 'umv',
  '__token__' => '094e4ce8c1b194a6b71709285df5f160',
)
[ info ] [ RUN ] app\admin\controller\Login->index[ E:\www\bolg\chiqinga\chiqinga\app\admin\controller\Login.php ]
[ info ] [ SESSION ] INIT array (
  'auto_start' => true,
  'expire' => 604800,
)
[ info ] [ LOG ] INIT File
---------------------------------------------------------------
[ 2018-02-17T13:04:33+08:00 ] 127.0.0.1 127.0.0.1 GET /captcha/?verify=0.44201763213045986
[ info ] chiqinga.com/captcha/?verify=0.44201763213045986 [运行时间：0.061000s][吞吐率：16.39req/s] [内存消耗：1,251.67kb] [文件加载：40]
[ info ] [ LANG ] E:\www\bolg\chiqinga\chiqinga\thinkphp\lang\zh-cn.php
[ info ] [ ROUTE ] array (
  'type' => 'method',
  'method' => 
  array (
    0 => '\\think\\captcha\\CaptchaController',
    1 => 'index',
  ),
  'var' => 
  array (
  ),
)
[ info ] [ HEADER ] array (
  'cookie' => 'PHPSESSID=2p2kdjsd6iuq1uah826mcaq2p6',
  'accept-language' => 'zh-CN,zh;q=0.9,en;q=0.8',
  'accept-encoding' => 'gzip, deflate',
  'referer' => 'http://chiqinga.com/login/index',
  'accept' => 'image/webp,image/apng,image/*,*/*;q=0.8',
  'user-agent' => 'Mozilla/5.0 (Windows NT 6.1; Win64; x64) AppleWebKit/537.36 (KHTML, like Gecko) Chrome/64.0.3282.140 Safari/537.36',
  'connection' => 'close',
  'host' => 'chiqinga.com',
)
[ info ] [ PARAM ] array (
  'verify' => '0.44201763213045986',
  'id' => NULL,
)
[ info ] [ RUN ] think\captcha\CaptchaController->index[ E:\www\bolg\chiqinga\chiqinga\vendor\topthink\think-captcha\src\CaptchaController.php ]
[ info ] [ SESSION ] INIT array (
  'id' => '',
  'var_session_id' => '',
  'prefix' => 'think',
  'type' => '',
  'auto_start' => true,
)
[ info ] [ LOG ] INIT File
---------------------------------------------------------------
[ 2018-02-17T13:04:39+08:00 ] 127.0.0.1 127.0.0.1 POST /index.php/login/index
[ info ] chiqinga.com/index.php/login/index [运行时间：0.322000s][吞吐率：3.11req/s] [内存消耗：2,353.35kb] [文件加载：65]
[ info ] [ LANG ] E:\www\bolg\chiqinga\chiqinga\thinkphp\lang\zh-cn.php
[ info ] [ ROUTE ] array (
  'type' => 'module',
  'module' => 
  array (
    0 => 'admin',
    1 => 'login',
    2 => 'index',
  ),
  'convert' => false,
)
[ info ] [ HEADER ] array (
  'cookie' => 'PHPSESSID=2p2kdjsd6iuq1uah826mcaq2p6',
  'accept-language' => 'zh-CN,zh;q=0.9,en;q=0.8',
  'accept-encoding' => 'gzip, deflate',
  'referer' => 'http://chiqinga.com/login/index',
  'content-type' => 'application/x-www-form-urlencoded; charset=UTF-8',
  'user-agent' => 'Mozilla/5.0 (Windows NT 6.1; Win64; x64) AppleWebKit/537.36 (KHTML, like Gecko) Chrome/64.0.3282.140 Safari/537.36',
  'x-requested-with' => 'XMLHttpRequest',
  'origin' => 'http://chiqinga.com',
  'accept' => 'application/json, text/javascript, */*; q=0.01',
  'content-length' => '82',
  'connection' => 'close',
  'host' => 'chiqinga.com',
)
[ info ] [ PARAM ] array (
  'user' => 'admin',
  'user_password' => 'admin',
  'iver' => '6zw',
  '__token__' => '094e4ce8c1b194a6b71709285df5f160',
)
[ info ] [ RUN ] app\admin\controller\Login->index[ E:\www\bolg\chiqinga\chiqinga\app\admin\controller\Login.php ]
[ info ] [ SESSION ] INIT array (
  'auto_start' => true,
  'expire' => 604800,
)
[ info ] [ DB ] INIT mysql
[ info ] [ CACHE ] INIT File
[ info ] [ LOG ] INIT File
[ sql ] [ DB ] CONNECT:[ UseTime:0.011000s ] mysql:host=127.0.0.1;dbname=chiqing;charset=utf8
[ sql ] [ SQL ] SHOW COLUMNS FROM `user` [ RunTime:0.012000s ]
[ sql ] [ SQL ] SELECT * FROM `user` WHERE  `user` = 'admin' OR `email` = 'admin' LIMIT 1 [ RunTime:0.001000s ]
[ sql ] [ SQL ] UPDATE `user`  SET `login_time`=1518843879,`login_ip`='127.0.0.1'  WHERE  `id` = 1 [ RunTime:0.002000s ]
[ sql ] [ SQL ] SHOW COLUMNS FROM `user_log` [ RunTime:0.043000s ]
[ sql ] [ SQL ] INSERT INTO `user_log` (`user` , `time` , `ip` , `location`) VALUES ('admin' , 1518843879 , '127.0.0.1' , '本地测试') [ RunTime:0.008000s ]
---------------------------------------------------------------
[ 2018-02-17T13:04:41+08:00 ] 127.0.0.1 127.0.0.1 GET /admin/index
[ info ] chiqinga.com/admin/index [运行时间：0.553000s][吞吐率：1.81req/s] [内存消耗：2,210.41kb] [文件加载：64]
[ info ] [ LANG ] E:\www\bolg\chiqinga\chiqinga\thinkphp\lang\zh-cn.php
[ info ] [ ROUTE ] array (
  'type' => 'module',
  'module' => 
  array (
    0 => 'admin',
    1 => 'index',
    2 => NULL,
  ),
)
[ info ] [ HEADER ] array (
  'cookie' => 'PHPSESSID=2p2kdjsd6iuq1uah826mcaq2p6',
  'accept-language' => 'zh-CN,zh;q=0.9,en;q=0.8',
  'accept-encoding' => 'gzip, deflate',
  'referer' => 'http://chiqinga.com/login/index',
  'accept' => 'text/html,application/xhtml+xml,application/xml;q=0.9,image/webp,image/apng,*/*;q=0.8',
  'user-agent' => 'Mozilla/5.0 (Windows NT 6.1; Win64; x64) AppleWebKit/537.36 (KHTML, like Gecko) Chrome/64.0.3282.140 Safari/537.36',
  'upgrade-insecure-requests' => '1',
  'connection' => 'close',
  'host' => 'chiqinga.com',
)
[ info ] [ PARAM ] array (
)
[ info ] [ SESSION ] INIT array (
  'auto_start' => true,
  'expire' => 604800,
)
[ info ] [ DB ] INIT mysql
[ info ] [ RUN ] app\admin\controller\Index->index[ E:\www\bolg\chiqinga\chiqinga\app\admin\controller\Index.php ]
[ info ] [ CACHE ] INIT File
[ info ] [ VIEW ] E:\www\bolg\chiqinga\chiqinga\public/../app/admin\view\index\index.html [ array (
  0 => 'SiteaName',
  1 => 'SiteaUrl',
  2 => 'MetaCopyright',
  3 => 'RecordNo',
  4 => 'SiteaLogo',
  5 => 'affiche',
  6 => 'os',
  7 => 'log',
  8 => 'copy',
  9 => 'articled',
  10 => 'article',
  11 => 'feedback_d',
  12 => 'feedback',
  13 => 'feedbacks',
  14 => 'Copyright',
  15 => 'title',
  16 => 'user',
) ]
[ info ] [ LOG ] INIT File
[ sql ] [ DB ] CONNECT:[ UseTime:0.002000s ] mysql:host=127.0.0.1;dbname=chiqing;charset=utf8
[ sql ] [ SQL ] SHOW COLUMNS FROM `config` [ RunTime:0.054000s ]
[ sql ] [ SQL ] SELECT * FROM `config` WHERE  `type` = 'system' [ RunTime:0.011000s ]
[ sql ] [ SQL ] SHOW COLUMNS FROM `auth_group_access` [ RunTime:0.037000s ]
[ sql ] [ SQL ] SELECT * FROM `auth_group_access` `a` INNER JOIN `auth_group` `g` ON `a`.`group_id`=`g`.`id` WHERE  (  a.uid='1' and g.status='1' ) [ RunTime:0.045000s ]
[ sql ] [ SQL ] SHOW COLUMNS FROM `auth_rule` [ RunTime:0.034000s ]
[ sql ] [ SQL ] SELECT * FROM `auth_rule` WHERE  `id` IN (1,2,3,4,5,9,11,6,7,8,10,12,13,14,15,16,18,19,17,20,21,22,23,24,25,26,27,28,29,30,31,32,33,34,35,37,38,39,40,41,42,43,44,45,46,47,48,49,50,51,52)  AND `type` = 1  AND `status` = 1 [ RunTime:0.012000s ]
[ sql ] [ SQL ] SELECT `v` FROM `config` WHERE  `key` = 'Affiche' ORDER BY `id` LIMIT 1 [ RunTime:0.002000s ]
[ sql ] [ SQL ] SHOW COLUMNS FROM `user_log` [ RunTime:0.012000s ]
[ sql ] [ SQL ] SELECT * FROM `user_log` ORDER BY id desc LIMIT 7 [ RunTime:0.018000s ]
[ sql ] [ SQL ] SHOW COLUMNS FROM `article` [ RunTime:0.041000s ]
[ sql ] [ SQL ] SELECT COUNT(*) AS tp_count FROM `article` WHERE  `time` > '1518796800' LIMIT 1 [ RunTime:0.018000s ]
[ sql ] [ SQL ] SELECT COUNT(*) AS tp_count FROM `article` LIMIT 1 [ RunTime:0.001000s ]
[ sql ] [ SQL ] SHOW COLUMNS FROM `feedback` [ RunTime:0.025000s ]
[ sql ] [ SQL ] SELECT COUNT(*) AS tp_count FROM `feedback` WHERE  `time` > '1518796800' LIMIT 1 [ RunTime:0.013000s ]
[ sql ] [ SQL ] SELECT COUNT(*) AS tp_count FROM `feedback` LIMIT 1 [ RunTime:0.001000s ]
[ sql ] [ SQL ] SELECT * FROM `feedback` ORDER BY `time`  desc LIMIT 5 [ RunTime:0.001000s ]
---------------------------------------------------------------
[ 2018-02-17T13:04:42+08:00 ] 127.0.0.1 127.0.0.1 POST /admin/index/index
[ info ] chiqinga.com/admin/index/index [运行时间：0.296000s][吞吐率：3.38req/s] [内存消耗：2,238.86kb] [文件加载：64]
[ info ] [ LANG ] E:\www\bolg\chiqinga\chiqinga\thinkphp\lang\zh-cn.php
[ info ] [ ROUTE ] array (
  'type' => 'module',
  'module' => 
  array (
    0 => 'admin',
    1 => 'index',
    2 => 'index',
  ),
)
[ info ] [ HEADER ] array (
  'cookie' => 'PHPSESSID=2p2kdjsd6iuq1uah826mcaq2p6',
  'accept-language' => 'zh-CN,zh;q=0.9,en;q=0.8',
  'accept-encoding' => 'gzip, deflate',
  'referer' => 'http://chiqinga.com/admin/index',
  'user-agent' => 'Mozilla/5.0 (Windows NT 6.1; Win64; x64) AppleWebKit/537.36 (KHTML, like Gecko) Chrome/64.0.3282.140 Safari/537.36',
  'x-requested-with' => 'XMLHttpRequest',
  'origin' => 'http://chiqinga.com',
  'accept' => '*/*',
  'content-length' => '0',
  'connection' => 'close',
  'host' => 'chiqinga.com',
)
[ info ] [ PARAM ] array (
)
[ info ] [ SESSION ] INIT array (
  'auto_start' => true,
  'expire' => 604800,
)
[ info ] [ DB ] INIT mysql
[ info ] [ RUN ] app\admin\controller\Index->index[ E:\www\bolg\chiqinga\chiqinga\app\admin\controller\Index.php ]
[ info ] [ CACHE ] INIT File
[ info ] [ VIEW ] E:\www\bolg\chiqinga\chiqinga\public/../app/admin\view\index\indexs.html [ array (
  0 => 'SiteaName',
  1 => 'SiteaUrl',
  2 => 'MetaCopyright',
  3 => 'RecordNo',
  4 => 'SiteaLogo',
  5 => 'affiche',
  6 => 'os',
  7 => 'log',
  8 => 'copy',
  9 => 'articled',
  10 => 'article',
  11 => 'feedback_d',
  12 => 'feedback',
  13 => 'feedbacks',
) ]
[ info ] [ LOG ] INIT File
[ sql ] [ DB ] CONNECT:[ UseTime:0.002000s ] mysql:host=127.0.0.1;dbname=chiqing;charset=utf8
[ sql ] [ SQL ] SHOW COLUMNS FROM `config` [ RunTime:0.015000s ]
[ sql ] [ SQL ] SELECT * FROM `config` WHERE  `type` = 'system' [ RunTime:0.002000s ]
[ sql ] [ SQL ] SHOW COLUMNS FROM `auth_group_access` [ RunTime:0.014000s ]
[ sql ] [ SQL ] SELECT * FROM `auth_group_access` `a` INNER JOIN `auth_group` `g` ON `a`.`group_id`=`g`.`id` WHERE  (  a.uid='1' and g.status='1' ) [ RunTime:0.002000s ]
[ sql ] [ SQL ] SHOW COLUMNS FROM `auth_rule` [ RunTime:0.012000s ]
[ sql ] [ SQL ] SELECT * FROM `auth_rule` WHERE  `id` IN (1,2,3,4,5,9,11,6,7,8,10,12,13,14,15,16,18,19,17,20,21,22,23,24,25,26,27,28,29,30,31,32,33,34,35,37,38,39,40,41,42,43,44,45,46,47,48,49,50,51,52)  AND `type` = 1  AND `status` = 1 [ RunTime:0.002000s ]
[ sql ] [ SQL ] SELECT `v` FROM `config` WHERE  `key` = 'Affiche' ORDER BY `id` LIMIT 1 [ RunTime:0.001000s ]
[ sql ] [ SQL ] SHOW COLUMNS FROM `user_log` [ RunTime:0.012000s ]
[ sql ] [ SQL ] SELECT * FROM `user_log` ORDER BY id desc LIMIT 7 [ RunTime:0.001000s ]
[ sql ] [ SQL ] SHOW COLUMNS FROM `article` [ RunTime:0.011000s ]
[ sql ] [ SQL ] SELECT COUNT(*) AS tp_count FROM `article` WHERE  `time` > '1518796800' LIMIT 1 [ RunTime:0.001000s ]
[ sql ] [ SQL ] SELECT COUNT(*) AS tp_count FROM `article` LIMIT 1 [ RunTime:0.001000s ]
[ sql ] [ SQL ] SHOW COLUMNS FROM `feedback` [ RunTime:0.010000s ]
[ sql ] [ SQL ] SELECT COUNT(*) AS tp_count FROM `feedback` WHERE  `time` > '1518796800' LIMIT 1 [ RunTime:0.001000s ]
[ sql ] [ SQL ] SELECT COUNT(*) AS tp_count FROM `feedback` LIMIT 1 [ RunTime:0.001000s ]
[ sql ] [ SQL ] SELECT * FROM `feedback` ORDER BY `time`  desc LIMIT 5 [ RunTime:0.001000s ]
---------------------------------------------------------------
[ 2018-02-17T13:04:43+08:00 ] 127.0.0.1 127.0.0.1 POST /admin/menu/index
[ info ] chiqinga.com/admin/menu/index [运行时间：0.056000s][吞吐率：17.86req/s] [内存消耗：1,226.02kb] [文件加载：45]
[ info ] [ LANG ] E:\www\bolg\chiqinga\chiqinga\thinkphp\lang\zh-cn.php
[ info ] [ ROUTE ] array (
  'type' => 'module',
  'module' => 
  array (
    0 => 'admin',
    1 => 'menu',
    2 => 'index',
  ),
)
[ info ] [ HEADER ] array (
  'cookie' => 'PHPSESSID=2p2kdjsd6iuq1uah826mcaq2p6',
  'accept-language' => 'zh-CN,zh;q=0.9,en;q=0.8',
  'accept-encoding' => 'gzip, deflate',
  'referer' => 'http://chiqinga.com/admin/index',
  'user-agent' => 'Mozilla/5.0 (Windows NT 6.1; Win64; x64) AppleWebKit/537.36 (KHTML, like Gecko) Chrome/64.0.3282.140 Safari/537.36',
  'x-requested-with' => 'XMLHttpRequest',
  'origin' => 'http://chiqinga.com',
  'accept' => '*/*',
  'content-length' => '0',
  'connection' => 'close',
  'host' => 'chiqinga.com',
)
[ info ] [ PARAM ] array (
)
[ info ] [ RUN ] app\admin\controller\Menu->index[ E:\www\bolg\chiqinga\chiqinga\app\admin\controller\Menu.php ]
[ info ] [ LOG ] INIT File
---------------------------------------------------------------
[ 2018-02-17T13:04:53+08:00 ] 127.0.0.1 127.0.0.1 GET /admin/index
[ info ] chiqinga.com/admin/index [运行时间：0.303000s][吞吐率：3.30req/s] [内存消耗：2,210.26kb] [文件加载：64]
[ info ] [ LANG ] E:\www\bolg\chiqinga\chiqinga\thinkphp\lang\zh-cn.php
[ info ] [ ROUTE ] array (
  'type' => 'module',
  'module' => 
  array (
    0 => 'admin',
    1 => 'index',
    2 => NULL,
  ),
)
[ info ] [ HEADER ] array (
  'cookie' => 'PHPSESSID=2p2kdjsd6iuq1uah826mcaq2p6',
  'accept-language' => 'zh-CN,zh;q=0.9,en;q=0.8',
  'accept-encoding' => 'gzip, deflate',
  'accept' => 'text/html,application/xhtml+xml,application/xml;q=0.9,image/webp,image/apng,*/*;q=0.8',
  'user-agent' => 'Mozilla/5.0 (Windows NT 6.1; Win64; x64) AppleWebKit/537.36 (KHTML, like Gecko) Chrome/64.0.3282.140 Safari/537.36',
  'upgrade-insecure-requests' => '1',
  'connection' => 'close',
  'host' => 'chiqinga.com',
)
[ info ] [ PARAM ] array (
)
[ info ] [ SESSION ] INIT array (
  'auto_start' => true,
  'expire' => 604800,
)
[ info ] [ DB ] INIT mysql
[ info ] [ RUN ] app\admin\controller\Index->index[ E:\www\bolg\chiqinga\chiqinga\app\admin\controller\Index.php ]
[ info ] [ CACHE ] INIT File
[ info ] [ VIEW ] E:\www\bolg\chiqinga\chiqinga\public/../app/admin\view\index\index.html [ array (
  0 => 'SiteaName',
  1 => 'SiteaUrl',
  2 => 'MetaCopyright',
  3 => 'RecordNo',
  4 => 'SiteaLogo',
  5 => 'affiche',
  6 => 'os',
  7 => 'log',
  8 => 'copy',
  9 => 'articled',
  10 => 'article',
  11 => 'feedback_d',
  12 => 'feedback',
  13 => 'feedbacks',
  14 => 'Copyright',
  15 => 'title',
  16 => 'user',
) ]
[ info ] [ LOG ] INIT File
[ sql ] [ DB ] CONNECT:[ UseTime:0.002000s ] mysql:host=127.0.0.1;dbname=chiqing;charset=utf8
[ sql ] [ SQL ] SHOW COLUMNS FROM `config` [ RunTime:0.019000s ]
[ sql ] [ SQL ] SELECT * FROM `config` WHERE  `type` = 'system' [ RunTime:0.001000s ]
[ sql ] [ SQL ] SHOW COLUMNS FROM `auth_group_access` [ RunTime:0.024000s ]
[ sql ] [ SQL ] SELECT * FROM `auth_group_access` `a` INNER JOIN `auth_group` `g` ON `a`.`group_id`=`g`.`id` WHERE  (  a.uid='1' and g.status='1' ) [ RunTime:0.001000s ]
[ sql ] [ SQL ] SHOW COLUMNS FROM `auth_rule` [ RunTime:0.015000s ]
[ sql ] [ SQL ] SELECT * FROM `auth_rule` WHERE  `id` IN (1,2,3,4,5,9,11,6,7,8,10,12,13,14,15,16,18,19,17,20,21,22,23,24,25,26,27,28,29,30,31,32,33,34,35,37,38,39,40,41,42,43,44,45,46,47,48,49,50,51,52)  AND `type` = 1  AND `status` = 1 [ RunTime:0.003000s ]
[ sql ] [ SQL ] SELECT `v` FROM `config` WHERE  `key` = 'Affiche' ORDER BY `id` LIMIT 1 [ RunTime:0.007000s ]
[ sql ] [ SQL ] SHOW COLUMNS FROM `user_log` [ RunTime:0.013000s ]
[ sql ] [ SQL ] SELECT * FROM `user_log` ORDER BY id desc LIMIT 7 [ RunTime:0.002000s ]
[ sql ] [ SQL ] SHOW COLUMNS FROM `article` [ RunTime:0.013000s ]
[ sql ] [ SQL ] SELECT COUNT(*) AS tp_count FROM `article` WHERE  `time` > '1518796800' LIMIT 1 [ RunTime:0.002000s ]
[ sql ] [ SQL ] SELECT COUNT(*) AS tp_count FROM `article` LIMIT 1 [ RunTime:0.001000s ]
[ sql ] [ SQL ] SHOW COLUMNS FROM `feedback` [ RunTime:0.014000s ]
[ sql ] [ SQL ] SELECT COUNT(*) AS tp_count FROM `feedback` WHERE  `time` > '1518796800' LIMIT 1 [ RunTime:0.001000s ]
[ sql ] [ SQL ] SELECT COUNT(*) AS tp_count FROM `feedback` LIMIT 1 [ RunTime:0.001000s ]
[ sql ] [ SQL ] SELECT * FROM `feedback` ORDER BY `time`  desc LIMIT 5 [ RunTime:0.002000s ]
---------------------------------------------------------------
[ 2018-02-17T13:05:21+08:00 ] 127.0.0.1 127.0.0.1 GET /admin/index
[ info ] chiqinga.com/admin/index [运行时间：0.219000s][吞吐率：4.57req/s] [内存消耗：2,210.63kb] [文件加载：64]
[ info ] [ LANG ] E:\www\bolg\chiqinga\chiqinga\thinkphp\lang\zh-cn.php
[ info ] [ ROUTE ] array (
  'type' => 'module',
  'module' => 
  array (
    0 => 'admin',
    1 => 'index',
    2 => NULL,
  ),
)
[ info ] [ HEADER ] array (
  'cookie' => 'PHPSESSID=2p2kdjsd6iuq1uah826mcaq2p6; danger=lock',
  'accept-language' => 'zh-CN,zh;q=0.9,en;q=0.8',
  'accept-encoding' => 'gzip, deflate',
  'referer' => 'http://chiqinga.com/login/index',
  'accept' => 'text/html,application/xhtml+xml,application/xml;q=0.9,image/webp,image/apng,*/*;q=0.8',
  'user-agent' => 'Mozilla/5.0 (Windows NT 6.1; Win64; x64) AppleWebKit/537.36 (KHTML, like Gecko) Chrome/64.0.3282.140 Safari/537.36',
  'upgrade-insecure-requests' => '1',
  'cache-control' => 'max-age=0',
  'connection' => 'close',
  'host' => 'chiqinga.com',
)
[ info ] [ PARAM ] array (
)
[ info ] [ SESSION ] INIT array (
  'auto_start' => true,
  'expire' => 604800,
)
[ info ] [ DB ] INIT mysql
[ info ] [ RUN ] app\admin\controller\Index->index[ E:\www\bolg\chiqinga\chiqinga\app\admin\controller\Index.php ]
[ info ] [ CACHE ] INIT File
[ info ] [ VIEW ] E:\www\bolg\chiqinga\chiqinga\public/../app/admin\view\index\index.html [ array (
  0 => 'SiteaName',
  1 => 'SiteaUrl',
  2 => 'MetaCopyright',
  3 => 'RecordNo',
  4 => 'SiteaLogo',
  5 => 'affiche',
  6 => 'os',
  7 => 'log',
  8 => 'copy',
  9 => 'articled',
  10 => 'article',
  11 => 'feedback_d',
  12 => 'feedback',
  13 => 'feedbacks',
  14 => 'Copyright',
  15 => 'title',
  16 => 'user',
) ]
[ info ] [ LOG ] INIT File
[ sql ] [ DB ] CONNECT:[ UseTime:0.002000s ] mysql:host=127.0.0.1;dbname=chiqing;charset=utf8
[ sql ] [ SQL ] SHOW COLUMNS FROM `config` [ RunTime:0.013000s ]
[ sql ] [ SQL ] SELECT * FROM `config` WHERE  `type` = 'system' [ RunTime:0.002000s ]
[ sql ] [ SQL ] SHOW COLUMNS FROM `auth_group_access` [ RunTime:0.012000s ]
[ sql ] [ SQL ] SELECT * FROM `auth_group_access` `a` INNER JOIN `auth_group` `g` ON `a`.`group_id`=`g`.`id` WHERE  (  a.uid='1' and g.status='1' ) [ RunTime:0.002000s ]
[ sql ] [ SQL ] SHOW COLUMNS FROM `auth_rule` [ RunTime:0.012000s ]
[ sql ] [ SQL ] SELECT * FROM `auth_rule` WHERE  `id` IN (1,2,3,4,5,9,11,6,7,8,10,12,13,14,15,16,18,19,17,20,21,22,23,24,25,26,27,28,29,30,31,32,33,34,35,37,38,39,40,41,42,43,44,45,46,47,48,49,50,51,52)  AND `type` = 1  AND `status` = 1 [ RunTime:0.002000s ]
[ sql ] [ SQL ] SELECT `v` FROM `config` WHERE  `key` = 'Affiche' ORDER BY `id` LIMIT 1 [ RunTime:0.001000s ]
[ sql ] [ SQL ] SHOW COLUMNS FROM `user_log` [ RunTime:0.012000s ]
[ sql ] [ SQL ] SELECT * FROM `user_log` ORDER BY id desc LIMIT 7 [ RunTime:0.002000s ]
[ sql ] [ SQL ] SHOW COLUMNS FROM `article` [ RunTime:0.011000s ]
[ sql ] [ SQL ] SELECT COUNT(*) AS tp_count FROM `article` WHERE  `time` > '1518796800' LIMIT 1 [ RunTime:0.001000s ]
[ sql ] [ SQL ] SELECT COUNT(*) AS tp_count FROM `article` LIMIT 1 [ RunTime:0.001000s ]
[ sql ] [ SQL ] SHOW COLUMNS FROM `feedback` [ RunTime:0.012000s ]
[ sql ] [ SQL ] SELECT COUNT(*) AS tp_count FROM `feedback` WHERE  `time` > '1518796800' LIMIT 1 [ RunTime:0.001000s ]
[ sql ] [ SQL ] SELECT COUNT(*) AS tp_count FROM `feedback` LIMIT 1 [ RunTime:0.001000s ]
[ sql ] [ SQL ] SELECT * FROM `feedback` ORDER BY `time`  desc LIMIT 5 [ RunTime:0.002000s ]
---------------------------------------------------------------
[ 2018-02-17T13:05:22+08:00 ] 127.0.0.1 127.0.0.1 POST /admin/index/index
[ info ] chiqinga.com/admin/index/index [运行时间：0.221000s][吞吐率：4.52req/s] [内存消耗：2,238.96kb] [文件加载：64]
[ info ] [ LANG ] E:\www\bolg\chiqinga\chiqinga\thinkphp\lang\zh-cn.php
[ info ] [ ROUTE ] array (
  'type' => 'module',
  'module' => 
  array (
    0 => 'admin',
    1 => 'index',
    2 => 'index',
  ),
)
[ info ] [ HEADER ] array (
  'cookie' => 'PHPSESSID=2p2kdjsd6iuq1uah826mcaq2p6; danger=lock',
  'accept-language' => 'zh-CN,zh;q=0.9,en;q=0.8',
  'accept-encoding' => 'gzip, deflate',
  'referer' => 'http://chiqinga.com/admin/index',
  'user-agent' => 'Mozilla/5.0 (Windows NT 6.1; Win64; x64) AppleWebKit/537.36 (KHTML, like Gecko) Chrome/64.0.3282.140 Safari/537.36',
  'x-requested-with' => 'XMLHttpRequest',
  'origin' => 'http://chiqinga.com',
  'accept' => '*/*',
  'content-length' => '0',
  'connection' => 'close',
  'host' => 'chiqinga.com',
)
[ info ] [ PARAM ] array (
)
[ info ] [ SESSION ] INIT array (
  'auto_start' => true,
  'expire' => 604800,
)
[ info ] [ DB ] INIT mysql
[ info ] [ RUN ] app\admin\controller\Index->index[ E:\www\bolg\chiqinga\chiqinga\app\admin\controller\Index.php ]
[ info ] [ CACHE ] INIT File
[ info ] [ VIEW ] E:\www\bolg\chiqinga\chiqinga\public/../app/admin\view\index\indexs.html [ array (
  0 => 'SiteaName',
  1 => 'SiteaUrl',
  2 => 'MetaCopyright',
  3 => 'RecordNo',
  4 => 'SiteaLogo',
  5 => 'affiche',
  6 => 'os',
  7 => 'log',
  8 => 'copy',
  9 => 'articled',
  10 => 'article',
  11 => 'feedback_d',
  12 => 'feedback',
  13 => 'feedbacks',
) ]
[ info ] [ LOG ] INIT File
[ sql ] [ DB ] CONNECT:[ UseTime:0.001000s ] mysql:host=127.0.0.1;dbname=chiqing;charset=utf8
[ sql ] [ SQL ] SHOW COLUMNS FROM `config` [ RunTime:0.012000s ]
[ sql ] [ SQL ] SELECT * FROM `config` WHERE  `type` = 'system' [ RunTime:0.001000s ]
[ sql ] [ SQL ] SHOW COLUMNS FROM `auth_group_access` [ RunTime:0.010000s ]
[ sql ] [ SQL ] SELECT * FROM `auth_group_access` `a` INNER JOIN `auth_group` `g` ON `a`.`group_id`=`g`.`id` WHERE  (  a.uid='1' and g.status='1' ) [ RunTime:0.002000s ]
[ sql ] [ SQL ] SHOW COLUMNS FROM `auth_rule` [ RunTime:0.012000s ]
[ sql ] [ SQL ] SELECT * FROM `auth_rule` WHERE  `id` IN (1,2,3,4,5,9,11,6,7,8,10,12,13,14,15,16,18,19,17,20,21,22,23,24,25,26,27,28,29,30,31,32,33,34,35,37,38,39,40,41,42,43,44,45,46,47,48,49,50,51,52)  AND `type` = 1  AND `status` = 1 [ RunTime:0.003000s ]
[ sql ] [ SQL ] SELECT `v` FROM `config` WHERE  `key` = 'Affiche' ORDER BY `id` LIMIT 1 [ RunTime:0.002000s ]
[ sql ] [ SQL ] SHOW COLUMNS FROM `user_log` [ RunTime:0.013000s ]
[ sql ] [ SQL ] SELECT * FROM `user_log` ORDER BY id desc LIMIT 7 [ RunTime:0.001000s ]
[ sql ] [ SQL ] SHOW COLUMNS FROM `article` [ RunTime:0.013000s ]
[ sql ] [ SQL ] SELECT COUNT(*) AS tp_count FROM `article` WHERE  `time` > '1518796800' LIMIT 1 [ RunTime:0.004000s ]
[ sql ] [ SQL ] SELECT COUNT(*) AS tp_count FROM `article` LIMIT 1 [ RunTime:0.001000s ]
[ sql ] [ SQL ] SHOW COLUMNS FROM `feedback` [ RunTime:0.016000s ]
[ sql ] [ SQL ] SELECT COUNT(*) AS tp_count FROM `feedback` WHERE  `time` > '1518796800' LIMIT 1 [ RunTime:0.002000s ]
[ sql ] [ SQL ] SELECT COUNT(*) AS tp_count FROM `feedback` LIMIT 1 [ RunTime:0.002000s ]
[ sql ] [ SQL ] SELECT * FROM `feedback` ORDER BY `time`  desc LIMIT 5 [ RunTime:0.002000s ]
---------------------------------------------------------------
[ 2018-02-17T13:05:23+08:00 ] 127.0.0.1 127.0.0.1 POST /admin/menu/index
[ info ] chiqinga.com/admin/menu/index [运行时间：0.057000s][吞吐率：17.54req/s] [内存消耗：1,226.05kb] [文件加载：45]
[ info ] [ LANG ] E:\www\bolg\chiqinga\chiqinga\thinkphp\lang\zh-cn.php
[ info ] [ ROUTE ] array (
  'type' => 'module',
  'module' => 
  array (
    0 => 'admin',
    1 => 'menu',
    2 => 'index',
  ),
)
[ info ] [ HEADER ] array (
  'cookie' => 'PHPSESSID=2p2kdjsd6iuq1uah826mcaq2p6; danger=lock',
  'accept-language' => 'zh-CN,zh;q=0.9,en;q=0.8',
  'accept-encoding' => 'gzip, deflate',
  'referer' => 'http://chiqinga.com/admin/index',
  'user-agent' => 'Mozilla/5.0 (Windows NT 6.1; Win64; x64) AppleWebKit/537.36 (KHTML, like Gecko) Chrome/64.0.3282.140 Safari/537.36',
  'x-requested-with' => 'XMLHttpRequest',
  'origin' => 'http://chiqinga.com',
  'accept' => '*/*',
  'content-length' => '0',
  'connection' => 'close',
  'host' => 'chiqinga.com',
)
[ info ] [ PARAM ] array (
)
[ info ] [ RUN ] app\admin\controller\Menu->index[ E:\www\bolg\chiqinga\chiqinga\app\admin\controller\Menu.php ]
[ info ] [ LOG ] INIT File
---------------------------------------------------------------
[ 2018-02-17T13:06:44+08:00 ] 127.0.0.1 127.0.0.1 GET /admin/index
[ info ] chiqinga.com/admin/index [运行时间：0.230000s][吞吐率：4.35req/s] [内存消耗：2,210.28kb] [文件加载：64]
[ info ] [ LANG ] E:\www\bolg\chiqinga\chiqinga\thinkphp\lang\zh-cn.php
[ info ] [ ROUTE ] array (
  'type' => 'module',
  'module' => 
  array (
    0 => 'admin',
    1 => 'index',
    2 => NULL,
  ),
)
[ info ] [ HEADER ] array (
  'cookie' => 'PHPSESSID=2p2kdjsd6iuq1uah826mcaq2p6; danger=lock',
  'accept-language' => 'zh-CN,zh;q=0.9,en;q=0.8',
  'accept-encoding' => 'gzip, deflate',
  'accept' => 'text/html,application/xhtml+xml,application/xml;q=0.9,image/webp,image/apng,*/*;q=0.8',
  'user-agent' => 'Mozilla/5.0 (Windows NT 6.1; Win64; x64) AppleWebKit/537.36 (KHTML, like Gecko) Chrome/64.0.3282.140 Safari/537.36',
  'upgrade-insecure-requests' => '1',
  'connection' => 'close',
  'host' => 'chiqinga.com',
)
[ info ] [ PARAM ] array (
)
[ info ] [ SESSION ] INIT array (
  'auto_start' => true,
  'expire' => 604800,
)
[ info ] [ DB ] INIT mysql
[ info ] [ RUN ] app\admin\controller\Index->index[ E:\www\bolg\chiqinga\chiqinga\app\admin\controller\Index.php ]
[ info ] [ CACHE ] INIT File
[ info ] [ VIEW ] E:\www\bolg\chiqinga\chiqinga\public/../app/admin\view\index\index.html [ array (
  0 => 'SiteaName',
  1 => 'SiteaUrl',
  2 => 'MetaCopyright',
  3 => 'RecordNo',
  4 => 'SiteaLogo',
  5 => 'affiche',
  6 => 'os',
  7 => 'log',
  8 => 'copy',
  9 => 'articled',
  10 => 'article',
  11 => 'feedback_d',
  12 => 'feedback',
  13 => 'feedbacks',
  14 => 'Copyright',
  15 => 'title',
  16 => 'user',
) ]
[ info ] [ LOG ] INIT File
[ sql ] [ DB ] CONNECT:[ UseTime:0.002000s ] mysql:host=127.0.0.1;dbname=chiqing;charset=utf8
[ sql ] [ SQL ] SHOW COLUMNS FROM `config` [ RunTime:0.012000s ]
[ sql ] [ SQL ] SELECT * FROM `config` WHERE  `type` = 'system' [ RunTime:0.002000s ]
[ sql ] [ SQL ] SHOW COLUMNS FROM `auth_group_access` [ RunTime:0.011000s ]
[ sql ] [ SQL ] SELECT * FROM `auth_group_access` `a` INNER JOIN `auth_group` `g` ON `a`.`group_id`=`g`.`id` WHERE  (  a.uid='1' and g.status='1' ) [ RunTime:0.005000s ]
[ sql ] [ SQL ] SHOW COLUMNS FROM `auth_rule` [ RunTime:0.013000s ]
[ sql ] [ SQL ] SELECT * FROM `auth_rule` WHERE  `id` IN (1,2,3,4,5,9,11,6,7,8,10,12,13,14,15,16,18,19,17,20,21,22,23,24,25,26,27,28,29,30,31,32,33,34,35,37,38,39,40,41,42,43,44,45,46,47,48,49,50,51,52)  AND `type` = 1  AND `status` = 1 [ RunTime:0.002000s ]
[ sql ] [ SQL ] SELECT `v` FROM `config` WHERE  `key` = 'Affiche' ORDER BY `id` LIMIT 1 [ RunTime:0.002000s ]
[ sql ] [ SQL ] SHOW COLUMNS FROM `user_log` [ RunTime:0.012000s ]
[ sql ] [ SQL ] SELECT * FROM `user_log` ORDER BY id desc LIMIT 7 [ RunTime:0.002000s ]
[ sql ] [ SQL ] SHOW COLUMNS FROM `article` [ RunTime:0.013000s ]
[ sql ] [ SQL ] SELECT COUNT(*) AS tp_count FROM `article` WHERE  `time` > '1518796800' LIMIT 1 [ RunTime:0.002000s ]
[ sql ] [ SQL ] SELECT COUNT(*) AS tp_count FROM `article` LIMIT 1 [ RunTime:0.001000s ]
[ sql ] [ SQL ] SHOW COLUMNS FROM `feedback` [ RunTime:0.013000s ]
[ sql ] [ SQL ] SELECT COUNT(*) AS tp_count FROM `feedback` WHERE  `time` > '1518796800' LIMIT 1 [ RunTime:0.001000s ]
[ sql ] [ SQL ] SELECT COUNT(*) AS tp_count FROM `feedback` LIMIT 1 [ RunTime:0.001000s ]
[ sql ] [ SQL ] SELECT * FROM `feedback` ORDER BY `time`  desc LIMIT 5 [ RunTime:0.001000s ]
---------------------------------------------------------------
[ 2018-02-17T23:55:10+08:00 ] 127.0.0.1 127.0.0.1 GET /admin/index
[ info ] chiqinga.com/admin/index [运行时间：1.506000s][吞吐率：0.66req/s] [内存消耗：2,210.28kb] [文件加载：64]
[ info ] [ LANG ] E:\www\bolg\chiqinga\chiqinga\thinkphp\lang\zh-cn.php
[ info ] [ ROUTE ] array (
  'type' => 'module',
  'module' => 
  array (
    0 => 'admin',
    1 => 'index',
    2 => NULL,
  ),
)
[ info ] [ HEADER ] array (
  'cookie' => 'PHPSESSID=2p2kdjsd6iuq1uah826mcaq2p6; danger=lock',
  'accept-language' => 'zh-CN,zh;q=0.9,en;q=0.8',
  'accept-encoding' => 'gzip, deflate',
  'accept' => 'text/html,application/xhtml+xml,application/xml;q=0.9,image/webp,image/apng,*/*;q=0.8',
  'user-agent' => 'Mozilla/5.0 (Windows NT 6.1; Win64; x64) AppleWebKit/537.36 (KHTML, like Gecko) Chrome/64.0.3282.140 Safari/537.36',
  'upgrade-insecure-requests' => '1',
  'connection' => 'close',
  'host' => 'chiqinga.com',
)
[ info ] [ PARAM ] array (
)
[ info ] [ SESSION ] INIT array (
  'auto_start' => true,
  'expire' => 604800,
)
[ info ] [ DB ] INIT mysql
[ info ] [ RUN ] app\admin\controller\Index->index[ E:\www\bolg\chiqinga\chiqinga\app\admin\controller\Index.php ]
[ info ] [ CACHE ] INIT File
[ info ] [ VIEW ] E:\www\bolg\chiqinga\chiqinga\public/../app/admin\view\index\index.html [ array (
  0 => 'SiteaName',
  1 => 'SiteaUrl',
  2 => 'MetaCopyright',
  3 => 'RecordNo',
  4 => 'SiteaLogo',
  5 => 'affiche',
  6 => 'os',
  7 => 'log',
  8 => 'copy',
  9 => 'articled',
  10 => 'article',
  11 => 'feedback_d',
  12 => 'feedback',
  13 => 'feedbacks',
  14 => 'Copyright',
  15 => 'title',
  16 => 'user',
) ]
[ info ] [ LOG ] INIT File
[ sql ] [ DB ] CONNECT:[ UseTime:0.002000s ] mysql:host=127.0.0.1;dbname=chiqing;charset=utf8
[ sql ] [ SQL ] SHOW COLUMNS FROM `config` [ RunTime:0.047000s ]
[ sql ] [ SQL ] SELECT * FROM `config` WHERE  `type` = 'system' [ RunTime:0.290000s ]
[ sql ] [ SQL ] SHOW COLUMNS FROM `auth_group_access` [ RunTime:0.115000s ]
[ sql ] [ SQL ] SELECT * FROM `auth_group_access` `a` INNER JOIN `auth_group` `g` ON `a`.`group_id`=`g`.`id` WHERE  (  a.uid='1' and g.status='1' ) [ RunTime:0.259000s ]
[ sql ] [ SQL ] SHOW COLUMNS FROM `auth_rule` [ RunTime:0.069000s ]
[ sql ] [ SQL ] SELECT * FROM `auth_rule` WHERE  `id` IN (1,2,3,4,5,9,11,6,7,8,10,12,13,14,15,16,18,19,17,20,21,22,23,24,25,26,27,28,29,30,31,32,33,34,35,37,38,39,40,41,42,43,44,45,46,47,48,49,50,51,52)  AND `type` = 1  AND `status` = 1 [ RunTime:0.018000s ]
[ sql ] [ SQL ] SELECT `v` FROM `config` WHERE  `key` = 'Affiche' ORDER BY `id` LIMIT 1 [ RunTime:0.001000s ]
[ sql ] [ SQL ] SHOW COLUMNS FROM `user_log` [ RunTime:0.047000s ]
[ sql ] [ SQL ] SELECT * FROM `user_log` ORDER BY id desc LIMIT 7 [ RunTime:0.013000s ]
[ sql ] [ SQL ] SHOW COLUMNS FROM `article` [ RunTime:0.029000s ]
[ sql ] [ SQL ] SELECT COUNT(*) AS tp_count FROM `article` WHERE  `time` > '1518796800' LIMIT 1 [ RunTime:0.019000s ]
[ sql ] [ SQL ] SELECT COUNT(*) AS tp_count FROM `article` LIMIT 1 [ RunTime:0.001000s ]
[ sql ] [ SQL ] SHOW COLUMNS FROM `feedback` [ RunTime:0.041000s ]
[ sql ] [ SQL ] SELECT COUNT(*) AS tp_count FROM `feedback` WHERE  `time` > '1518796800' LIMIT 1 [ RunTime:0.014000s ]
[ sql ] [ SQL ] SELECT COUNT(*) AS tp_count FROM `feedback` LIMIT 1 [ RunTime:0.001000s ]
[ sql ] [ SQL ] SELECT * FROM `feedback` ORDER BY `time`  desc LIMIT 5 [ RunTime:0.001000s ]
---------------------------------------------------------------
[ 2018-02-17T23:55:11+08:00 ] 127.0.0.1 127.0.0.1 GET /admin/index
[ info ] chiqinga.com/admin/index [运行时间：0.344000s][吞吐率：2.91req/s] [内存消耗：2,210.28kb] [文件加载：64]
[ info ] [ LANG ] E:\www\bolg\chiqinga\chiqinga\thinkphp\lang\zh-cn.php
[ info ] [ ROUTE ] array (
  'type' => 'module',
  'module' => 
  array (
    0 => 'admin',
    1 => 'index',
    2 => NULL,
  ),
)
[ info ] [ HEADER ] array (
  'cookie' => 'PHPSESSID=2p2kdjsd6iuq1uah826mcaq2p6; danger=lock',
  'accept-language' => 'zh-CN,zh;q=0.9,en;q=0.8',
  'accept-encoding' => 'gzip, deflate',
  'accept' => 'text/html,application/xhtml+xml,application/xml;q=0.9,image/webp,image/apng,*/*;q=0.8',
  'user-agent' => 'Mozilla/5.0 (Windows NT 6.1; Win64; x64) AppleWebKit/537.36 (KHTML, like Gecko) Chrome/64.0.3282.140 Safari/537.36',
  'upgrade-insecure-requests' => '1',
  'connection' => 'close',
  'host' => 'chiqinga.com',
)
[ info ] [ PARAM ] array (
)
[ info ] [ SESSION ] INIT array (
  'auto_start' => true,
  'expire' => 604800,
)
[ info ] [ DB ] INIT mysql
[ info ] [ RUN ] app\admin\controller\Index->index[ E:\www\bolg\chiqinga\chiqinga\app\admin\controller\Index.php ]
[ info ] [ CACHE ] INIT File
[ info ] [ VIEW ] E:\www\bolg\chiqinga\chiqinga\public/../app/admin\view\index\index.html [ array (
  0 => 'SiteaName',
  1 => 'SiteaUrl',
  2 => 'MetaCopyright',
  3 => 'RecordNo',
  4 => 'SiteaLogo',
  5 => 'affiche',
  6 => 'os',
  7 => 'log',
  8 => 'copy',
  9 => 'articled',
  10 => 'article',
  11 => 'feedback_d',
  12 => 'feedback',
  13 => 'feedbacks',
  14 => 'Copyright',
  15 => 'title',
  16 => 'user',
) ]
[ info ] [ LOG ] INIT File
[ sql ] [ DB ] CONNECT:[ UseTime:0.002000s ] mysql:host=127.0.0.1;dbname=chiqing;charset=utf8
[ sql ] [ SQL ] SHOW COLUMNS FROM `config` [ RunTime:0.031000s ]
[ sql ] [ SQL ] SELECT * FROM `config` WHERE  `type` = 'system' [ RunTime:0.004000s ]
[ sql ] [ SQL ] SHOW COLUMNS FROM `auth_group_access` [ RunTime:0.045000s ]
[ sql ] [ SQL ] SELECT * FROM `auth_group_access` `a` INNER JOIN `auth_group` `g` ON `a`.`group_id`=`g`.`id` WHERE  (  a.uid='1' and g.status='1' ) [ RunTime:0.001000s ]
[ sql ] [ SQL ] SHOW COLUMNS FROM `auth_rule` [ RunTime:0.028000s ]
[ sql ] [ SQL ] SELECT * FROM `auth_rule` WHERE  `id` IN (1,2,3,4,5,9,11,6,7,8,10,12,13,14,15,16,18,19,17,20,21,22,23,24,25,26,27,28,29,30,31,32,33,34,35,37,38,39,40,41,42,43,44,45,46,47,48,49,50,51,52)  AND `type` = 1  AND `status` = 1 [ RunTime:0.002000s ]
[ sql ] [ SQL ] SELECT `v` FROM `config` WHERE  `key` = 'Affiche' ORDER BY `id` LIMIT 1 [ RunTime:0.001000s ]
[ sql ] [ SQL ] SHOW COLUMNS FROM `user_log` [ RunTime:0.029000s ]
[ sql ] [ SQL ] SELECT * FROM `user_log` ORDER BY id desc LIMIT 7 [ RunTime:0.002000s ]
[ sql ] [ SQL ] SHOW COLUMNS FROM `article` [ RunTime:0.029000s ]
[ sql ] [ SQL ] SELECT COUNT(*) AS tp_count FROM `article` WHERE  `time` > '1518796800' LIMIT 1 [ RunTime:0.001000s ]
[ sql ] [ SQL ] SELECT COUNT(*) AS tp_count FROM `article` LIMIT 1 [ RunTime:0.001000s ]
[ sql ] [ SQL ] SHOW COLUMNS FROM `feedback` [ RunTime:0.028000s ]
[ sql ] [ SQL ] SELECT COUNT(*) AS tp_count FROM `feedback` WHERE  `time` > '1518796800' LIMIT 1 [ RunTime:0.001000s ]
[ sql ] [ SQL ] SELECT COUNT(*) AS tp_count FROM `feedback` LIMIT 1 [ RunTime:0.001000s ]
[ sql ] [ SQL ] SELECT * FROM `feedback` ORDER BY `time`  desc LIMIT 5 [ RunTime:0.002000s ]
---------------------------------------------------------------
[ 2018-02-17T23:55:12+08:00 ] 127.0.0.1 127.0.0.1 POST /admin/index/index
[ info ] chiqinga.com/admin/index/index [运行时间：0.285000s][吞吐率：3.51req/s] [内存消耗：2,239.08kb] [文件加载：64]
[ info ] [ LANG ] E:\www\bolg\chiqinga\chiqinga\thinkphp\lang\zh-cn.php
[ info ] [ ROUTE ] array (
  'type' => 'module',
  'module' => 
  array (
    0 => 'admin',
    1 => 'index',
    2 => 'index',
  ),
)
[ info ] [ HEADER ] array (
  'cookie' => 'PHPSESSID=2p2kdjsd6iuq1uah826mcaq2p6; danger=lock',
  'accept-language' => 'zh-CN,zh;q=0.9,en;q=0.8',
  'accept-encoding' => 'gzip, deflate',
  'referer' => 'http://chiqinga.com/admin/index',
  'user-agent' => 'Mozilla/5.0 (Windows NT 6.1; Win64; x64) AppleWebKit/537.36 (KHTML, like Gecko) Chrome/64.0.3282.140 Safari/537.36',
  'x-requested-with' => 'XMLHttpRequest',
  'origin' => 'http://chiqinga.com',
  'accept' => '*/*',
  'cache-control' => 'no-cache',
  'pragma' => 'no-cache',
  'content-length' => '0',
  'connection' => 'close',
  'host' => 'chiqinga.com',
)
[ info ] [ PARAM ] array (
)
[ info ] [ SESSION ] INIT array (
  'auto_start' => true,
  'expire' => 604800,
)
[ info ] [ DB ] INIT mysql
[ info ] [ RUN ] app\admin\controller\Index->index[ E:\www\bolg\chiqinga\chiqinga\app\admin\controller\Index.php ]
[ info ] [ CACHE ] INIT File
[ info ] [ VIEW ] E:\www\bolg\chiqinga\chiqinga\public/../app/admin\view\index\indexs.html [ array (
  0 => 'SiteaName',
  1 => 'SiteaUrl',
  2 => 'MetaCopyright',
  3 => 'RecordNo',
  4 => 'SiteaLogo',
  5 => 'affiche',
  6 => 'os',
  7 => 'log',
  8 => 'copy',
  9 => 'articled',
  10 => 'article',
  11 => 'feedback_d',
  12 => 'feedback',
  13 => 'feedbacks',
) ]
[ info ] [ LOG ] INIT File
[ sql ] [ DB ] CONNECT:[ UseTime:0.003000s ] mysql:host=127.0.0.1;dbname=chiqing;charset=utf8
[ sql ] [ SQL ] SHOW COLUMNS FROM `config` [ RunTime:0.028000s ]
[ sql ] [ SQL ] SELECT * FROM `config` WHERE  `type` = 'system' [ RunTime:0.001000s ]
[ sql ] [ SQL ] SHOW COLUMNS FROM `auth_group_access` [ RunTime:0.036000s ]
[ sql ] [ SQL ] SELECT * FROM `auth_group_access` `a` INNER JOIN `auth_group` `g` ON `a`.`group_id`=`g`.`id` WHERE  (  a.uid='1' and g.status='1' ) [ RunTime:0.001000s ]
[ sql ] [ SQL ] SHOW COLUMNS FROM `auth_rule` [ RunTime:0.025000s ]
[ sql ] [ SQL ] SELECT * FROM `auth_rule` WHERE  `id` IN (1,2,3,4,5,9,11,6,7,8,10,12,13,14,15,16,18,19,17,20,21,22,23,24,25,26,27,28,29,30,31,32,33,34,35,37,38,39,40,41,42,43,44,45,46,47,48,49,50,51,52)  AND `type` = 1  AND `status` = 1 [ RunTime:0.001000s ]
[ sql ] [ SQL ] SELECT `v` FROM `config` WHERE  `key` = 'Affiche' ORDER BY `id` LIMIT 1 [ RunTime:0.001000s ]
[ sql ] [ SQL ] SHOW COLUMNS FROM `user_log` [ RunTime:0.019000s ]
[ sql ] [ SQL ] SELECT * FROM `user_log` ORDER BY id desc LIMIT 7 [ RunTime:0.001000s ]
[ sql ] [ SQL ] SHOW COLUMNS FROM `article` [ RunTime:0.025000s ]
[ sql ] [ SQL ] SELECT COUNT(*) AS tp_count FROM `article` WHERE  `time` > '1518796800' LIMIT 1 [ RunTime:0.000000s ]
[ sql ] [ SQL ] SELECT COUNT(*) AS tp_count FROM `article` LIMIT 1 [ RunTime:0.000000s ]
[ sql ] [ SQL ] SHOW COLUMNS FROM `feedback` [ RunTime:0.020000s ]
[ sql ] [ SQL ] SELECT COUNT(*) AS tp_count FROM `feedback` WHERE  `time` > '1518796800' LIMIT 1 [ RunTime:0.001000s ]
[ sql ] [ SQL ] SELECT COUNT(*) AS tp_count FROM `feedback` LIMIT 1 [ RunTime:0.001000s ]
[ sql ] [ SQL ] SELECT * FROM `feedback` ORDER BY `time`  desc LIMIT 5 [ RunTime:0.001000s ]
---------------------------------------------------------------
[ 2018-02-17T23:55:13+08:00 ] 127.0.0.1 127.0.0.1 POST /admin/menu/index
[ info ] chiqinga.com/admin/menu/index [运行时间：0.064000s][吞吐率：15.63req/s] [内存消耗：1,226.16kb] [文件加载：45]
[ info ] [ LANG ] E:\www\bolg\chiqinga\chiqinga\thinkphp\lang\zh-cn.php
[ info ] [ ROUTE ] array (
  'type' => 'module',
  'module' => 
  array (
    0 => 'admin',
    1 => 'menu',
    2 => 'index',
  ),
)
[ info ] [ HEADER ] array (
  'cookie' => 'PHPSESSID=2p2kdjsd6iuq1uah826mcaq2p6; danger=lock',
  'accept-language' => 'zh-CN,zh;q=0.9,en;q=0.8',
  'accept-encoding' => 'gzip, deflate',
  'referer' => 'http://chiqinga.com/admin/index',
  'user-agent' => 'Mozilla/5.0 (Windows NT 6.1; Win64; x64) AppleWebKit/537.36 (KHTML, like Gecko) Chrome/64.0.3282.140 Safari/537.36',
  'x-requested-with' => 'XMLHttpRequest',
  'origin' => 'http://chiqinga.com',
  'accept' => '*/*',
  'cache-control' => 'no-cache',
  'pragma' => 'no-cache',
  'content-length' => '0',
  'connection' => 'close',
  'host' => 'chiqinga.com',
)
[ info ] [ PARAM ] array (
)
[ info ] [ RUN ] app\admin\controller\Menu->index[ E:\www\bolg\chiqinga\chiqinga\app\admin\controller\Menu.php ]
[ info ] [ LOG ] INIT File
---------------------------------------------------------------
[ 2018-02-17T23:55:18+08:00 ] 127.0.0.1 127.0.0.1 POST /admin/user
[ info ] chiqinga.com/admin/user [运行时间：1.008000s][吞吐率：0.99req/s] [内存消耗：2,525.69kb] [文件加载：70]
[ info ] [ LANG ] E:\www\bolg\chiqinga\chiqinga\thinkphp\lang\zh-cn.php
[ info ] [ ROUTE ] array (
  'type' => 'module',
  'module' => 
  array (
    0 => 'admin',
    1 => 'user',
    2 => NULL,
  ),
)
[ info ] [ HEADER ] array (
  'cookie' => 'PHPSESSID=2p2kdjsd6iuq1uah826mcaq2p6; danger=lock',
  'accept-language' => 'zh-CN,zh;q=0.9,en;q=0.8',
  'accept-encoding' => 'gzip, deflate',
  'referer' => 'http://chiqinga.com/admin/index',
  'user-agent' => 'Mozilla/5.0 (Windows NT 6.1; Win64; x64) AppleWebKit/537.36 (KHTML, like Gecko) Chrome/64.0.3282.140 Safari/537.36',
  'x-requested-with' => 'XMLHttpRequest',
  'origin' => 'http://chiqinga.com',
  'accept' => '*/*',
  'cache-control' => 'no-cache',
  'pragma' => 'no-cache',
  'content-length' => '0',
  'connection' => 'close',
  'host' => 'chiqinga.com',
)
[ info ] [ PARAM ] array (
)
[ info ] [ SESSION ] INIT array (
  'auto_start' => true,
  'expire' => 604800,
)
[ info ] [ DB ] INIT mysql
[ info ] [ RUN ] app\admin\controller\User->index[ E:\www\bolg\chiqinga\chiqinga\app\admin\controller\User.php ]
[ info ] [ VIEW ] E:\www\bolg\chiqinga\chiqinga\public/../app/admin\view\user\index.html [ array (
  0 => 'SiteaName',
  1 => 'SiteaUrl',
  2 => 'MetaCopyright',
  3 => 'RecordNo',
  4 => 'SiteaLogo',
  5 => 'list',
) ]
[ info ] [ LOG ] INIT File
[ sql ] [ DB ] CONNECT:[ UseTime:0.002000s ] mysql:host=127.0.0.1;dbname=chiqing;charset=utf8
[ sql ] [ SQL ] SHOW COLUMNS FROM `config` [ RunTime:0.026000s ]
[ sql ] [ SQL ] SELECT * FROM `config` WHERE  `type` = 'system' [ RunTime:0.001000s ]
[ sql ] [ SQL ] SHOW COLUMNS FROM `auth_group_access` [ RunTime:0.028000s ]
[ sql ] [ SQL ] SELECT * FROM `auth_group_access` `a` INNER JOIN `auth_group` `g` ON `a`.`group_id`=`g`.`id` WHERE  (  a.uid='1' and g.status='1' ) [ RunTime:0.001000s ]
[ sql ] [ SQL ] SHOW COLUMNS FROM `auth_rule` [ RunTime:0.028000s ]
[ sql ] [ SQL ] SELECT * FROM `auth_rule` WHERE  `id` IN (1,2,3,4,5,9,11,6,7,8,10,12,13,14,15,16,18,19,17,20,21,22,23,24,25,26,27,28,29,30,31,32,33,34,35,37,38,39,40,41,42,43,44,45,46,47,48,49,50,51,52)  AND `type` = 1  AND `status` = 1 [ RunTime:0.002000s ]
[ sql ] [ SQL ] SHOW COLUMNS FROM `auth_group` [ RunTime:0.030000s ]
[ sql ] [ SQL ] SELECT `id`,`title` FROM `auth_group` [ RunTime:0.001000s ]
[ sql ] [ SQL ] SHOW COLUMNS FROM `user` [ RunTime:0.042000s ]
[ sql ] [ SQL ] SELECT COUNT(*) AS tp_count FROM `user` LIMIT 1 [ RunTime:0.001000s ]
[ sql ] [ SQL ] SELECT `id`,`user`,`user_pic`,`email`,`qq`,`nickname`,`reg_time`,`login_time`,`login_ip`,`token` FROM `user` ORDER BY `id` LIMIT 0,12 [ RunTime:0.001000s ]
[ sql ] [ SQL ] SELECT `auth_group`.*,pivot.uid AS pivot__uid,pivot.group_id AS pivot__group_id FROM `auth_group` INNER JOIN `auth_group_access` `pivot` ON `pivot`.`group_id`=`auth_group`.`id` WHERE  `pivot`.`uid` = 1 [ RunTime:0.001000s ]
[ sql ] [ SQL ] SELECT `auth_group`.*,pivot.uid AS pivot__uid,pivot.group_id AS pivot__group_id FROM `auth_group` INNER JOIN `auth_group_access` `pivot` ON `pivot`.`group_id`=`auth_group`.`id` WHERE  `pivot`.`uid` = 2 [ RunTime:0.001000s ]
[ sql ] [ SQL ] SELECT `auth_group`.*,pivot.uid AS pivot__uid,pivot.group_id AS pivot__group_id FROM `auth_group` INNER JOIN `auth_group_access` `pivot` ON `pivot`.`group_id`=`auth_group`.`id` WHERE  `pivot`.`uid` = 5 [ RunTime:0.001000s ]
---------------------------------------------------------------
[ 2018-02-17T23:55:18+08:00 ] 127.0.0.1 127.0.0.1 POST /admin/rule
[ info ] chiqinga.com/admin/rule [运行时间：0.251000s][吞吐率：3.98req/s] [内存消耗：2,230.66kb] [文件加载：61]
[ info ] [ LANG ] E:\www\bolg\chiqinga\chiqinga\thinkphp\lang\zh-cn.php
[ info ] [ ROUTE ] array (
  'type' => 'module',
  'module' => 
  array (
    0 => 'admin',
    1 => 'rule',
    2 => NULL,
  ),
)
[ info ] [ HEADER ] array (
  'cookie' => 'PHPSESSID=2p2kdjsd6iuq1uah826mcaq2p6; danger=lock',
  'accept-language' => 'zh-CN,zh;q=0.9,en;q=0.8',
  'accept-encoding' => 'gzip, deflate',
  'referer' => 'http://chiqinga.com/admin/index',
  'user-agent' => 'Mozilla/5.0 (Windows NT 6.1; Win64; x64) AppleWebKit/537.36 (KHTML, like Gecko) Chrome/64.0.3282.140 Safari/537.36',
  'x-requested-with' => 'XMLHttpRequest',
  'origin' => 'http://chiqinga.com',
  'accept' => '*/*',
  'cache-control' => 'no-cache',
  'pragma' => 'no-cache',
  'content-length' => '0',
  'connection' => 'close',
  'host' => 'chiqinga.com',
)
[ info ] [ PARAM ] array (
)
[ info ] [ SESSION ] INIT array (
  'auto_start' => true,
  'expire' => 604800,
)
[ info ] [ DB ] INIT mysql
[ info ] [ RUN ] app\admin\controller\Rule->index[ E:\www\bolg\chiqinga\chiqinga\app\admin\controller\Rule.php ]
[ info ] [ VIEW ] E:\www\bolg\chiqinga\chiqinga\public/../app/admin\view\rule\index.html [ array (
  0 => 'SiteaName',
  1 => 'SiteaUrl',
  2 => 'MetaCopyright',
  3 => 'RecordNo',
  4 => 'SiteaLogo',
  5 => 'list',
) ]
[ info ] [ LOG ] INIT File
[ sql ] [ DB ] CONNECT:[ UseTime:0.002000s ] mysql:host=127.0.0.1;dbname=chiqing;charset=utf8
[ sql ] [ SQL ] SHOW COLUMNS FROM `config` [ RunTime:0.033000s ]
[ sql ] [ SQL ] SELECT * FROM `config` WHERE  `type` = 'system' [ RunTime:0.001000s ]
[ sql ] [ SQL ] SHOW COLUMNS FROM `auth_group_access` [ RunTime:0.030000s ]
[ sql ] [ SQL ] SELECT * FROM `auth_group_access` `a` INNER JOIN `auth_group` `g` ON `a`.`group_id`=`g`.`id` WHERE  (  a.uid='1' and g.status='1' ) [ RunTime:0.002000s ]
[ sql ] [ SQL ] SHOW COLUMNS FROM `auth_rule` [ RunTime:0.039000s ]
[ sql ] [ SQL ] SELECT * FROM `auth_rule` WHERE  `id` IN (1,2,3,4,5,9,11,6,7,8,10,12,13,14,15,16,18,19,17,20,21,22,23,24,25,26,27,28,29,30,31,32,33,34,35,37,38,39,40,41,42,43,44,45,46,47,48,49,50,51,52)  AND `type` = 1  AND `status` = 1 [ RunTime:0.003000s ]
[ sql ] [ SQL ] SELECT * FROM `auth_rule` [ RunTime:0.002000s ]
---------------------------------------------------------------
[ 2018-02-17T23:55:21+08:00 ] 127.0.0.1 127.0.0.1 POST /admin/group
[ info ] chiqinga.com/admin/group [运行时间：0.214000s][吞吐率：4.67req/s] [内存消耗：2,413.60kb] [文件加载：66]
[ info ] [ LANG ] E:\www\bolg\chiqinga\chiqinga\thinkphp\lang\zh-cn.php
[ info ] [ ROUTE ] array (
  'type' => 'module',
  'module' => 
  array (
    0 => 'admin',
    1 => 'group',
    2 => NULL,
  ),
)
[ info ] [ HEADER ] array (
  'cookie' => 'PHPSESSID=2p2kdjsd6iuq1uah826mcaq2p6; danger=lock',
  'accept-language' => 'zh-CN,zh;q=0.9,en;q=0.8',
  'accept-encoding' => 'gzip, deflate',
  'referer' => 'http://chiqinga.com/admin/index',
  'user-agent' => 'Mozilla/5.0 (Windows NT 6.1; Win64; x64) AppleWebKit/537.36 (KHTML, like Gecko) Chrome/64.0.3282.140 Safari/537.36',
  'x-requested-with' => 'XMLHttpRequest',
  'origin' => 'http://chiqinga.com',
  'accept' => '*/*',
  'cache-control' => 'no-cache',
  'pragma' => 'no-cache',
  'content-length' => '0',
  'connection' => 'close',
  'host' => 'chiqinga.com',
)
[ info ] [ PARAM ] array (
)
[ info ] [ SESSION ] INIT array (
  'auto_start' => true,
  'expire' => 604800,
)
[ info ] [ DB ] INIT mysql
[ info ] [ RUN ] app\admin\controller\Group->index[ E:\www\bolg\chiqinga\chiqinga\app\admin\controller\Group.php ]
[ info ] [ VIEW ] E:\www\bolg\chiqinga\chiqinga\public/../app/admin\view\group\index.html [ array (
  0 => 'SiteaName',
  1 => 'SiteaUrl',
  2 => 'MetaCopyright',
  3 => 'RecordNo',
  4 => 'SiteaLogo',
  5 => 'list',
) ]
[ info ] [ LOG ] INIT File
[ sql ] [ DB ] CONNECT:[ UseTime:0.002000s ] mysql:host=127.0.0.1;dbname=chiqing;charset=utf8
[ sql ] [ SQL ] SHOW COLUMNS FROM `config` [ RunTime:0.025000s ]
[ sql ] [ SQL ] SELECT * FROM `config` WHERE  `type` = 'system' [ RunTime:0.001000s ]
[ sql ] [ SQL ] SHOW COLUMNS FROM `auth_group_access` [ RunTime:0.024000s ]
[ sql ] [ SQL ] SELECT * FROM `auth_group_access` `a` INNER JOIN `auth_group` `g` ON `a`.`group_id`=`g`.`id` WHERE  (  a.uid='1' and g.status='1' ) [ RunTime:0.001000s ]
[ sql ] [ SQL ] SHOW COLUMNS FROM `auth_rule` [ RunTime:0.024000s ]
[ sql ] [ SQL ] SELECT * FROM `auth_rule` WHERE  `id` IN (1,2,3,4,5,9,11,6,7,8,10,12,13,14,15,16,18,19,17,20,21,22,23,24,25,26,27,28,29,30,31,32,33,34,35,37,38,39,40,41,42,43,44,45,46,47,48,49,50,51,52)  AND `type` = 1  AND `status` = 1 [ RunTime:0.002000s ]
[ sql ] [ SQL ] SHOW COLUMNS FROM `auth_group` [ RunTime:0.025000s ]
[ sql ] [ SQL ] SELECT COUNT(*) AS tp_count FROM `auth_group` LIMIT 1 [ RunTime:0.001000s ]
[ sql ] [ SQL ] SELECT `id`,`title`,`status`,`describe` FROM `auth_group` LIMIT 0,12 [ RunTime:0.000000s ]
---------------------------------------------------------------
[ 2018-02-17T23:55:25+08:00 ] 127.0.0.1 127.0.0.1 GET /admin/group/save/1
[ info ] chiqinga.com/admin/group/save/1 [运行时间：0.369000s][吞吐率：2.71req/s] [内存消耗：2,450.97kb] [文件加载：64]
[ info ] [ LANG ] E:\www\bolg\chiqinga\chiqinga\thinkphp\lang\zh-cn.php
[ info ] [ ROUTE ] array (
  'type' => 'module',
  'module' => 
  array (
    0 => 'admin',
    1 => 'group',
    2 => 'save',
  ),
  'convert' => false,
)
[ info ] [ HEADER ] array (
  'cookie' => 'PHPSESSID=2p2kdjsd6iuq1uah826mcaq2p6; danger=lock',
  'accept-language' => 'zh-CN,zh;q=0.9,en;q=0.8',
  'accept-encoding' => 'gzip, deflate',
  'referer' => 'http://chiqinga.com/admin/index',
  'user-agent' => 'Mozilla/5.0 (Windows NT 6.1; Win64; x64) AppleWebKit/537.36 (KHTML, like Gecko) Chrome/64.0.3282.140 Safari/537.36',
  'x-requested-with' => 'XMLHttpRequest',
  'accept' => '*/*',
  'connection' => 'close',
  'host' => 'chiqinga.com',
)
[ info ] [ PARAM ] array (
  'id' => '1',
)
[ info ] [ SESSION ] INIT array (
  'auto_start' => true,
  'expire' => 604800,
)
[ info ] [ DB ] INIT mysql
[ info ] [ RUN ] app\admin\controller\Group->save[ E:\www\bolg\chiqinga\chiqinga\app\admin\controller\Group.php ]
[ info ] [ VIEW ] E:\www\bolg\chiqinga\chiqinga\public/../app/admin\view\group\save.html [ array (
  0 => 'SiteaName',
  1 => 'SiteaUrl',
  2 => 'MetaCopyright',
  3 => 'RecordNo',
  4 => 'SiteaLogo',
  5 => 'group',
  6 => 'rules',
) ]
[ info ] [ LOG ] INIT File
[ sql ] [ DB ] CONNECT:[ UseTime:0.001000s ] mysql:host=127.0.0.1;dbname=chiqing;charset=utf8
[ sql ] [ SQL ] SHOW COLUMNS FROM `config` [ RunTime:0.030000s ]
[ sql ] [ SQL ] SELECT * FROM `config` WHERE  `type` = 'system' [ RunTime:0.001000s ]
[ sql ] [ SQL ] SHOW COLUMNS FROM `auth_group_access` [ RunTime:0.029000s ]
[ sql ] [ SQL ] SELECT * FROM `auth_group_access` `a` INNER JOIN `auth_group` `g` ON `a`.`group_id`=`g`.`id` WHERE  (  a.uid='1' and g.status='1' ) [ RunTime:0.001000s ]
[ sql ] [ SQL ] SHOW COLUMNS FROM `auth_rule` [ RunTime:0.029000s ]
[ sql ] [ SQL ] SELECT * FROM `auth_rule` WHERE  `id` IN (1,2,3,4,5,9,11,6,7,8,10,12,13,14,15,16,18,19,17,20,21,22,23,24,25,26,27,28,29,30,31,32,33,34,35,37,38,39,40,41,42,43,44,45,46,47,48,49,50,51,52)  AND `type` = 1  AND `status` = 1 [ RunTime:0.002000s ]
[ sql ] [ SQL ] SHOW COLUMNS FROM `auth_group` [ RunTime:0.029000s ]
[ sql ] [ SQL ] SELECT * FROM `auth_group` WHERE  `id` = 1 LIMIT 1 [ RunTime:0.001000s ]
[ sql ] [ SQL ] SELECT * FROM `auth_rule` ORDER BY `id` [ RunTime:0.002000s ]
