---------------------------------------------------------------
[ 2018-02-19T13:16:16+08:00 ] 127.0.0.1 127.0.0.1 GET /admin/index
[ info ] chiqinga.com/admin/index [运行时间：0.506000s][吞吐率：1.98req/s] [内存消耗：2,210.26kb] [文件加载：64]
[ info ] [ LANG ] E:\www\bolg\chiqinga\chiqinga\thinkphp\lang\zh-cn.php
[ info ] [ ROUTE ] array (
  'type' => 'module',
  'module' => 
  array (
    0 => 'admin',
    1 => 'index',
    2 => NULL,
  ),
)
[ info ] [ HEADER ] array (
  'cookie' => 'PHPSESSID=2p2kdjsd6iuq1uah826mcaq2p6',
  'accept-language' => 'zh-CN,zh;q=0.9,en;q=0.8',
  'accept-encoding' => 'gzip, deflate',
  'accept' => 'text/html,application/xhtml+xml,application/xml;q=0.9,image/webp,image/apng,*/*;q=0.8',
  'user-agent' => 'Mozilla/5.0 (Windows NT 6.1; Win64; x64) AppleWebKit/537.36 (KHTML, like Gecko) Chrome/64.0.3282.140 Safari/537.36',
  'upgrade-insecure-requests' => '1',
  'connection' => 'close',
  'host' => 'chiqinga.com',
)
[ info ] [ PARAM ] array (
)
[ info ] [ SESSION ] INIT array (
  'auto_start' => true,
  'expire' => 604800,
)
[ info ] [ DB ] INIT mysql
[ info ] [ RUN ] app\admin\controller\Index->index[ E:\www\bolg\chiqinga\chiqinga\app\admin\controller\Index.php ]
[ info ] [ CACHE ] INIT File
[ info ] [ VIEW ] E:\www\bolg\chiqinga\chiqinga\public/../app/admin\view\index\index.html [ array (
  0 => 'SiteaName',
  1 => 'SiteaUrl',
  2 => 'MetaCopyright',
  3 => 'RecordNo',
  4 => 'SiteaLogo',
  5 => 'affiche',
  6 => 'os',
  7 => 'log',
  8 => 'copy',
  9 => 'articled',
  10 => 'article',
  11 => 'feedback_d',
  12 => 'feedback',
  13 => 'feedbacks',
  14 => 'Copyright',
  15 => 'title',
  16 => 'user',
) ]
[ info ] [ LOG ] INIT File
[ sql ] [ DB ] CONNECT:[ UseTime:0.005000s ] mysql:host=127.0.0.1;dbname=chiqing;charset=utf8
[ sql ] [ SQL ] SHOW COLUMNS FROM `config` [ RunTime:0.038000s ]
[ sql ] [ SQL ] SELECT * FROM `config` WHERE  `type` = 'system' [ RunTime:0.011000s ]
[ sql ] [ SQL ] SHOW COLUMNS FROM `auth_group_access` [ RunTime:0.028000s ]
[ sql ] [ SQL ] SELECT * FROM `auth_group_access` `a` INNER JOIN `auth_group` `g` ON `a`.`group_id`=`g`.`id` WHERE  (  a.uid='1' and g.status='1' ) [ RunTime:0.030000s ]
[ sql ] [ SQL ] SHOW COLUMNS FROM `auth_rule` [ RunTime:0.025000s ]
[ sql ] [ SQL ] SELECT * FROM `auth_rule` WHERE  `id` IN (1,2,3,4,5,9,11,6,7,8,10,12,13,14,15,16,18,19,17,20,21,22,23,24,25,26,27,28,29,30,31,32,33,34,35,37,38,39,40,41,42,43,44,45,46,47,48,49,50,51,52)  AND `type` = 1  AND `status` = 1 [ RunTime:0.014000s ]
[ sql ] [ SQL ] SELECT `v` FROM `config` WHERE  `key` = 'Affiche' ORDER BY `id` LIMIT 1 [ RunTime:0.001000s ]
[ sql ] [ SQL ] SHOW COLUMNS FROM `user_log` [ RunTime:0.043000s ]
[ sql ] [ SQL ] SELECT * FROM `user_log` ORDER BY id desc LIMIT 7 [ RunTime:0.009000s ]
[ sql ] [ SQL ] SHOW COLUMNS FROM `article` [ RunTime:0.031000s ]
[ sql ] [ SQL ] SELECT COUNT(*) AS tp_count FROM `article` WHERE  `time` > '1518969600' LIMIT 1 [ RunTime:0.016000s ]
[ sql ] [ SQL ] SELECT COUNT(*) AS tp_count FROM `article` LIMIT 1 [ RunTime:0.001000s ]
[ sql ] [ SQL ] SHOW COLUMNS FROM `feedback` [ RunTime:0.025000s ]
[ sql ] [ SQL ] SELECT COUNT(*) AS tp_count FROM `feedback` WHERE  `time` > '1518969600' LIMIT 1 [ RunTime:0.005000s ]
[ sql ] [ SQL ] SELECT COUNT(*) AS tp_count FROM `feedback` LIMIT 1 [ RunTime:0.001000s ]
[ sql ] [ SQL ] SELECT * FROM `feedback` ORDER BY `time`  desc LIMIT 5 [ RunTime:0.001000s ]
---------------------------------------------------------------
[ 2018-02-19T13:16:17+08:00 ] 127.0.0.1 127.0.0.1 GET /admin/index
[ info ] chiqinga.com/admin/index [运行时间：0.201000s][吞吐率：4.98req/s] [内存消耗：2,210.26kb] [文件加载：64]
[ info ] [ LANG ] E:\www\bolg\chiqinga\chiqinga\thinkphp\lang\zh-cn.php
[ info ] [ ROUTE ] array (
  'type' => 'module',
  'module' => 
  array (
    0 => 'admin',
    1 => 'index',
    2 => NULL,
  ),
)
[ info ] [ HEADER ] array (
  'cookie' => 'PHPSESSID=2p2kdjsd6iuq1uah826mcaq2p6',
  'accept-language' => 'zh-CN,zh;q=0.9,en;q=0.8',
  'accept-encoding' => 'gzip, deflate',
  'accept' => 'text/html,application/xhtml+xml,application/xml;q=0.9,image/webp,image/apng,*/*;q=0.8',
  'user-agent' => 'Mozilla/5.0 (Windows NT 6.1; Win64; x64) AppleWebKit/537.36 (KHTML, like Gecko) Chrome/64.0.3282.140 Safari/537.36',
  'upgrade-insecure-requests' => '1',
  'connection' => 'close',
  'host' => 'chiqinga.com',
)
[ info ] [ PARAM ] array (
)
[ info ] [ SESSION ] INIT array (
  'auto_start' => true,
  'expire' => 604800,
)
[ info ] [ DB ] INIT mysql
[ info ] [ RUN ] app\admin\controller\Index->index[ E:\www\bolg\chiqinga\chiqinga\app\admin\controller\Index.php ]
[ info ] [ CACHE ] INIT File
[ info ] [ VIEW ] E:\www\bolg\chiqinga\chiqinga\public/../app/admin\view\index\index.html [ array (
  0 => 'SiteaName',
  1 => 'SiteaUrl',
  2 => 'MetaCopyright',
  3 => 'RecordNo',
  4 => 'SiteaLogo',
  5 => 'affiche',
  6 => 'os',
  7 => 'log',
  8 => 'copy',
  9 => 'articled',
  10 => 'article',
  11 => 'feedback_d',
  12 => 'feedback',
  13 => 'feedbacks',
  14 => 'Copyright',
  15 => 'title',
  16 => 'user',
) ]
[ info ] [ LOG ] INIT File
[ sql ] [ DB ] CONNECT:[ UseTime:0.003000s ] mysql:host=127.0.0.1;dbname=chiqing;charset=utf8
[ sql ] [ SQL ] SHOW COLUMNS FROM `config` [ RunTime:0.012000s ]
[ sql ] [ SQL ] SELECT * FROM `config` WHERE  `type` = 'system' [ RunTime:0.001000s ]
[ sql ] [ SQL ] SHOW COLUMNS FROM `auth_group_access` [ RunTime:0.013000s ]
[ sql ] [ SQL ] SELECT * FROM `auth_group_access` `a` INNER JOIN `auth_group` `g` ON `a`.`group_id`=`g`.`id` WHERE  (  a.uid='1' and g.status='1' ) [ RunTime:0.001000s ]
[ sql ] [ SQL ] SHOW COLUMNS FROM `auth_rule` [ RunTime:0.011000s ]
[ sql ] [ SQL ] SELECT * FROM `auth_rule` WHERE  `id` IN (1,2,3,4,5,9,11,6,7,8,10,12,13,14,15,16,18,19,17,20,21,22,23,24,25,26,27,28,29,30,31,32,33,34,35,37,38,39,40,41,42,43,44,45,46,47,48,49,50,51,52)  AND `type` = 1  AND `status` = 1 [ RunTime:0.004000s ]
[ sql ] [ SQL ] SELECT `v` FROM `config` WHERE  `key` = 'Affiche' ORDER BY `id` LIMIT 1 [ RunTime:0.001000s ]
[ sql ] [ SQL ] SHOW COLUMNS FROM `user_log` [ RunTime:0.016000s ]
[ sql ] [ SQL ] SELECT * FROM `user_log` ORDER BY id desc LIMIT 7 [ RunTime:0.001000s ]
[ sql ] [ SQL ] SHOW COLUMNS FROM `article` [ RunTime:0.015000s ]
[ sql ] [ SQL ] SELECT COUNT(*) AS tp_count FROM `article` WHERE  `time` > '1518969600' LIMIT 1 [ RunTime:0.001000s ]
[ sql ] [ SQL ] SELECT COUNT(*) AS tp_count FROM `article` LIMIT 1 [ RunTime:0.001000s ]
[ sql ] [ SQL ] SHOW COLUMNS FROM `feedback` [ RunTime:0.011000s ]
[ sql ] [ SQL ] SELECT COUNT(*) AS tp_count FROM `feedback` WHERE  `time` > '1518969600' LIMIT 1 [ RunTime:0.001000s ]
[ sql ] [ SQL ] SELECT COUNT(*) AS tp_count FROM `feedback` LIMIT 1 [ RunTime:0.000000s ]
[ sql ] [ SQL ] SELECT * FROM `feedback` ORDER BY `time`  desc LIMIT 5 [ RunTime:0.003000s ]
---------------------------------------------------------------
[ 2018-02-19T13:16:18+08:00 ] 127.0.0.1 127.0.0.1 POST /admin/index/index
[ info ] chiqinga.com/admin/index/index [运行时间：0.148000s][吞吐率：6.76req/s] [内存消耗：2,238.94kb] [文件加载：64]
[ info ] [ LANG ] E:\www\bolg\chiqinga\chiqinga\thinkphp\lang\zh-cn.php
[ info ] [ ROUTE ] array (
  'type' => 'module',
  'module' => 
  array (
    0 => 'admin',
    1 => 'index',
    2 => 'index',
  ),
)
[ info ] [ HEADER ] array (
  'cookie' => 'PHPSESSID=2p2kdjsd6iuq1uah826mcaq2p6',
  'accept-language' => 'zh-CN,zh;q=0.9,en;q=0.8',
  'accept-encoding' => 'gzip, deflate',
  'referer' => 'http://chiqinga.com/admin/index',
  'user-agent' => 'Mozilla/5.0 (Windows NT 6.1; Win64; x64) AppleWebKit/537.36 (KHTML, like Gecko) Chrome/64.0.3282.140 Safari/537.36',
  'x-requested-with' => 'XMLHttpRequest',
  'origin' => 'http://chiqinga.com',
  'accept' => '*/*',
  'content-length' => '0',
  'connection' => 'close',
  'host' => 'chiqinga.com',
)
[ info ] [ PARAM ] array (
)
[ info ] [ SESSION ] INIT array (
  'auto_start' => true,
  'expire' => 604800,
)
[ info ] [ DB ] INIT mysql
[ info ] [ RUN ] app\admin\controller\Index->index[ E:\www\bolg\chiqinga\chiqinga\app\admin\controller\Index.php ]
[ info ] [ CACHE ] INIT File
[ info ] [ VIEW ] E:\www\bolg\chiqinga\chiqinga\public/../app/admin\view\index\indexs.html [ array (
  0 => 'SiteaName',
  1 => 'SiteaUrl',
  2 => 'MetaCopyright',
  3 => 'RecordNo',
  4 => 'SiteaLogo',
  5 => 'affiche',
  6 => 'os',
  7 => 'log',
  8 => 'copy',
  9 => 'articled',
  10 => 'article',
  11 => 'feedback_d',
  12 => 'feedback',
  13 => 'feedbacks',
) ]
[ info ] [ LOG ] INIT File
[ sql ] [ DB ] CONNECT:[ UseTime:0.001000s ] mysql:host=127.0.0.1;dbname=chiqing;charset=utf8
[ sql ] [ SQL ] SHOW COLUMNS FROM `config` [ RunTime:0.009000s ]
[ sql ] [ SQL ] SELECT * FROM `config` WHERE  `type` = 'system' [ RunTime:0.001000s ]
[ sql ] [ SQL ] SHOW COLUMNS FROM `auth_group_access` [ RunTime:0.008000s ]
[ sql ] [ SQL ] SELECT * FROM `auth_group_access` `a` INNER JOIN `auth_group` `g` ON `a`.`group_id`=`g`.`id` WHERE  (  a.uid='1' and g.status='1' ) [ RunTime:0.001000s ]
[ sql ] [ SQL ] SHOW COLUMNS FROM `auth_rule` [ RunTime:0.009000s ]
[ sql ] [ SQL ] SELECT * FROM `auth_rule` WHERE  `id` IN (1,2,3,4,5,9,11,6,7,8,10,12,13,14,15,16,18,19,17,20,21,22,23,24,25,26,27,28,29,30,31,32,33,34,35,37,38,39,40,41,42,43,44,45,46,47,48,49,50,51,52)  AND `type` = 1  AND `status` = 1 [ RunTime:0.002000s ]
[ sql ] [ SQL ] SELECT `v` FROM `config` WHERE  `key` = 'Affiche' ORDER BY `id` LIMIT 1 [ RunTime:0.000000s ]
[ sql ] [ SQL ] SHOW COLUMNS FROM `user_log` [ RunTime:0.009000s ]
[ sql ] [ SQL ] SELECT * FROM `user_log` ORDER BY id desc LIMIT 7 [ RunTime:0.001000s ]
[ sql ] [ SQL ] SHOW COLUMNS FROM `article` [ RunTime:0.009000s ]
[ sql ] [ SQL ] SELECT COUNT(*) AS tp_count FROM `article` WHERE  `time` > '1518969600' LIMIT 1 [ RunTime:0.001000s ]
[ sql ] [ SQL ] SELECT COUNT(*) AS tp_count FROM `article` LIMIT 1 [ RunTime:0.001000s ]
[ sql ] [ SQL ] SHOW COLUMNS FROM `feedback` [ RunTime:0.010000s ]
[ sql ] [ SQL ] SELECT COUNT(*) AS tp_count FROM `feedback` WHERE  `time` > '1518969600' LIMIT 1 [ RunTime:0.001000s ]
[ sql ] [ SQL ] SELECT COUNT(*) AS tp_count FROM `feedback` LIMIT 1 [ RunTime:0.001000s ]
[ sql ] [ SQL ] SELECT * FROM `feedback` ORDER BY `time`  desc LIMIT 5 [ RunTime:0.002000s ]
---------------------------------------------------------------
[ 2018-02-19T13:16:19+08:00 ] 127.0.0.1 127.0.0.1 POST /admin/menu/index
[ info ] chiqinga.com/admin/menu/index [运行时间：0.092000s][吞吐率：10.87req/s] [内存消耗：1,226.02kb] [文件加载：45]
[ info ] [ LANG ] E:\www\bolg\chiqinga\chiqinga\thinkphp\lang\zh-cn.php
[ info ] [ ROUTE ] array (
  'type' => 'module',
  'module' => 
  array (
    0 => 'admin',
    1 => 'menu',
    2 => 'index',
  ),
)
[ info ] [ HEADER ] array (
  'cookie' => 'PHPSESSID=2p2kdjsd6iuq1uah826mcaq2p6',
  'accept-language' => 'zh-CN,zh;q=0.9,en;q=0.8',
  'accept-encoding' => 'gzip, deflate',
  'referer' => 'http://chiqinga.com/admin/index',
  'user-agent' => 'Mozilla/5.0 (Windows NT 6.1; Win64; x64) AppleWebKit/537.36 (KHTML, like Gecko) Chrome/64.0.3282.140 Safari/537.36',
  'x-requested-with' => 'XMLHttpRequest',
  'origin' => 'http://chiqinga.com',
  'accept' => '*/*',
  'content-length' => '0',
  'connection' => 'close',
  'host' => 'chiqinga.com',
)
[ info ] [ PARAM ] array (
)
[ info ] [ RUN ] app\admin\controller\Menu->index[ E:\www\bolg\chiqinga\chiqinga\app\admin\controller\Menu.php ]
[ info ] [ LOG ] INIT File
---------------------------------------------------------------
[ 2018-02-19T15:45:22+08:00 ] 127.0.0.1 127.0.0.1 GET /admin/index
[ info ] chiqinga.com/admin/index [运行时间：0.325000s][吞吐率：3.08req/s] [内存消耗：2,210.26kb] [文件加载：64]
[ info ] [ LANG ] E:\www\bolg\chiqinga\chiqinga\thinkphp\lang\zh-cn.php
[ info ] [ ROUTE ] array (
  'type' => 'module',
  'module' => 
  array (
    0 => 'admin',
    1 => 'index',
    2 => NULL,
  ),
)
[ info ] [ HEADER ] array (
  'cookie' => 'PHPSESSID=2p2kdjsd6iuq1uah826mcaq2p6',
  'accept-language' => 'zh-CN,zh;q=0.9,en;q=0.8',
  'accept-encoding' => 'gzip, deflate',
  'accept' => 'text/html,application/xhtml+xml,application/xml;q=0.9,image/webp,image/apng,*/*;q=0.8',
  'user-agent' => 'Mozilla/5.0 (Windows NT 6.1; Win64; x64) AppleWebKit/537.36 (KHTML, like Gecko) Chrome/64.0.3282.140 Safari/537.36',
  'upgrade-insecure-requests' => '1',
  'connection' => 'close',
  'host' => 'chiqinga.com',
)
[ info ] [ PARAM ] array (
)
[ info ] [ SESSION ] INIT array (
  'auto_start' => true,
  'expire' => 604800,
)
[ info ] [ DB ] INIT mysql
[ info ] [ RUN ] app\admin\controller\Index->index[ E:\www\bolg\chiqinga\chiqinga\app\admin\controller\Index.php ]
[ info ] [ CACHE ] INIT File
[ info ] [ VIEW ] E:\www\bolg\chiqinga\chiqinga\public/../app/admin\view\index\index.html [ array (
  0 => 'SiteaName',
  1 => 'SiteaUrl',
  2 => 'MetaCopyright',
  3 => 'RecordNo',
  4 => 'SiteaLogo',
  5 => 'affiche',
  6 => 'os',
  7 => 'log',
  8 => 'copy',
  9 => 'articled',
  10 => 'article',
  11 => 'feedback_d',
  12 => 'feedback',
  13 => 'feedbacks',
  14 => 'Copyright',
  15 => 'title',
  16 => 'user',
) ]
[ info ] [ LOG ] INIT File
[ sql ] [ DB ] CONNECT:[ UseTime:0.013000s ] mysql:host=127.0.0.1;dbname=chiqing;charset=utf8
[ sql ] [ SQL ] SHOW COLUMNS FROM `config` [ RunTime:0.030000s ]
[ sql ] [ SQL ] SELECT * FROM `config` WHERE  `type` = 'system' [ RunTime:0.001000s ]
[ sql ] [ SQL ] SHOW COLUMNS FROM `auth_group_access` [ RunTime:0.029000s ]
[ sql ] [ SQL ] SELECT * FROM `auth_group_access` `a` INNER JOIN `auth_group` `g` ON `a`.`group_id`=`g`.`id` WHERE  (  a.uid='1' and g.status='1' ) [ RunTime:0.001000s ]
[ sql ] [ SQL ] SHOW COLUMNS FROM `auth_rule` [ RunTime:0.029000s ]
[ sql ] [ SQL ] SELECT * FROM `auth_rule` WHERE  `id` IN (1,2,3,4,5,9,11,6,7,8,10,12,13,14,15,16,18,19,17,20,21,22,23,24,25,26,27,28,29,30,31,32,33,34,35,37,38,39,40,41,42,43,44,45,46,47,48,49,50,51,52)  AND `type` = 1  AND `status` = 1 [ RunTime:0.002000s ]
[ sql ] [ SQL ] SELECT `v` FROM `config` WHERE  `key` = 'Affiche' ORDER BY `id` LIMIT 1 [ RunTime:0.001000s ]
[ sql ] [ SQL ] SHOW COLUMNS FROM `user_log` [ RunTime:0.031000s ]
[ sql ] [ SQL ] SELECT * FROM `user_log` ORDER BY id desc LIMIT 7 [ RunTime:0.001000s ]
[ sql ] [ SQL ] SHOW COLUMNS FROM `article` [ RunTime:0.031000s ]
[ sql ] [ SQL ] SELECT COUNT(*) AS tp_count FROM `article` WHERE  `time` > '1518969600' LIMIT 1 [ RunTime:0.001000s ]
[ sql ] [ SQL ] SELECT COUNT(*) AS tp_count FROM `article` LIMIT 1 [ RunTime:0.001000s ]
[ sql ] [ SQL ] SHOW COLUMNS FROM `feedback` [ RunTime:0.029000s ]
[ sql ] [ SQL ] SELECT COUNT(*) AS tp_count FROM `feedback` WHERE  `time` > '1518969600' LIMIT 1 [ RunTime:0.001000s ]
[ sql ] [ SQL ] SELECT COUNT(*) AS tp_count FROM `feedback` LIMIT 1 [ RunTime:0.001000s ]
[ sql ] [ SQL ] SELECT * FROM `feedback` ORDER BY `time`  desc LIMIT 5 [ RunTime:0.002000s ]
